2024-03-28 22:08:25,244 [INFO] Activator:176 - 


2024-03-28 22:08:25,249 [INFO] Activator:177 - !SESSION log4j initialized
2024-03-28 22:08:30,842 [INFO] LogOutputStream:77 - [STDOUT_REDIRECT] 
2024-03-28 22:08:38,574 [INFO] ApplicationProperties:184 - Using Application install path: C:\ST\STM32CubeIDE_1.14.1\STM32CubeIDE\plugins\com.st.stm32cube.common.mx_6.10.0.202311202037
2024-03-28 22:08:38,589 [INFO] DbMcusXml:78 - Set database path to: C:\ST\STM32CubeIDE_1.14.1\STM32CubeIDE\plugins\com.st.stm32cube.common.mx_6.10.0.202311202037\\db\/mcu/
2024-03-28 22:08:38,589 [INFO] ApiDb:274 - Set plugin database path to: C:\ST\STM32CubeIDE_1.14.1\STM32CubeIDE\plugins\com.st.stm32cube.common.mx_6.10.0.202311202037\\db\/plugins/boardmanager/
2024-03-28 22:08:38,590 [WARN] ApiDb:259 - Overriding images path with different value:  => C:\ST\STM32CubeIDE_1.14.1\STM32CubeIDE\plugins\com.st.stm32cube.common.mx_6.10.0.202311202037\\db\/plugins/mcufinder/images/
2024-03-28 22:08:38,603 [INFO] ApiDb:250 - Set database path to: C:\Users\Min\.stmcufinder\plugins\mcufinder//mcu/
2024-03-28 22:08:38,604 [INFO] DbMcusAds:125 - Set database path to: C:\Users\Min\.stmcufinder\plugins\mcufinder//mcu/
2024-03-28 22:08:38,605 [INFO] CrossReferenceDbSqlite:203 - Set database path to: C:\Users\Min\.stmcufinder\plugins\mcufinder//mcu/cs/
2024-03-28 22:08:38,703 [INFO] RulesReader:64 - Compatibility file has been processed (297 Rules)
2024-03-28 22:08:38,765 [INFO] DbMcusXml:78 - Set database path to: C:\ST\STM32CubeIDE_1.14.1\STM32CubeIDE\plugins\com.st.stm32cube.common.mx_6.10.0.202311202037\\db\/mcu/
2024-03-28 22:08:38,765 [INFO] ApiDb:274 - Set plugin database path to: C:\ST\STM32CubeIDE_1.14.1\STM32CubeIDE\plugins\com.st.stm32cube.common.mx_6.10.0.202311202037\\db\/plugins/boardmanager/
2024-03-28 22:08:38,765 [INFO] ApiDb:261 - Set plugin images path to: C:\ST\STM32CubeIDE_1.14.1\STM32CubeIDE\plugins\com.st.stm32cube.common.mx_6.10.0.202311202037\\db\/plugins/mcufinder/images/
2024-03-28 22:08:38,765 [WARN] DbFile:41 - Overriding database path with different value: C:\Users\Min\.stmcufinder\plugins\mcufinder/ => C:\Users\Min\.stmcufinder\plugins\mcufinder
2024-03-28 22:08:38,765 [INFO] ApiDb:250 - Set database path to: C:\Users\Min\.stmcufinder\plugins\mcufinder//mcu/
2024-03-28 22:08:38,765 [WARN] DbFile:41 - Overriding database path with different value: C:\Users\Min\.stmcufinder\plugins\mcufinder/ => C:\Users\Min\.stmcufinder\plugins\mcufinder
2024-03-28 22:08:38,765 [INFO] DbMcusAds:125 - Set database path to: C:\Users\Min\.stmcufinder\plugins\mcufinder//mcu/
2024-03-28 22:08:38,765 [WARN] DbFile:41 - Overriding database path with different value: C:\Users\Min\.stmcufinder\plugins\mcufinder/ => C:\Users\Min\.stmcufinder\plugins\mcufinder
2024-03-28 22:08:38,766 [WARN] DbFile:41 - Overriding database path with different value: C:\Users\Min\.stmcufinder\plugins\mcufinder/ => C:\Users\Min\.stmcufinder\plugins\mcufinder
2024-03-28 22:08:38,766 [INFO] CrossReferenceDbSqlite:203 - Set database path to: C:\Users\Min\.stmcufinder\plugins\mcufinder//mcu/cs/
2024-03-28 22:08:38,826 [INFO] MainPanel:264 - HeapMemory: 268435456
2024-03-28 22:08:38,900 [INFO] DbMcusXml:78 - Set database path to: C:\ST\STM32CubeIDE_1.14.1\STM32CubeIDE\plugins\com.st.stm32cube.common.mx_6.10.0.202311202037\\db\/mcu/
2024-03-28 22:08:38,901 [INFO] ApiDb:274 - Set plugin database path to: C:\ST\STM32CubeIDE_1.14.1\STM32CubeIDE\plugins\com.st.stm32cube.common.mx_6.10.0.202311202037\\db\/plugins/boardmanager/
2024-03-28 22:08:38,901 [INFO] ApiDb:261 - Set plugin images path to: C:\ST\STM32CubeIDE_1.14.1\STM32CubeIDE\plugins\com.st.stm32cube.common.mx_6.10.0.202311202037\\db\/plugins/mcufinder/images/
2024-03-28 22:08:38,901 [WARN] DbFile:41 - Overriding database path with different value: C:\Users\Min\.stmcufinder\plugins\mcufinder/ => C:\Users\Min\.stmcufinder\plugins\mcufinder
2024-03-28 22:08:38,901 [INFO] ApiDb:250 - Set database path to: C:\Users\Min\.stmcufinder\plugins\mcufinder//mcu/
2024-03-28 22:08:38,901 [WARN] DbFile:41 - Overriding database path with different value: C:\Users\Min\.stmcufinder\plugins\mcufinder/ => C:\Users\Min\.stmcufinder\plugins\mcufinder
2024-03-28 22:08:38,901 [INFO] DbMcusAds:125 - Set database path to: C:\Users\Min\.stmcufinder\plugins\mcufinder//mcu/
2024-03-28 22:08:38,901 [WARN] DbFile:41 - Overriding database path with different value: C:\Users\Min\.stmcufinder\plugins\mcufinder/ => C:\Users\Min\.stmcufinder\plugins\mcufinder
2024-03-28 22:08:38,901 [WARN] DbFile:41 - Overriding database path with different value: C:\Users\Min\.stmcufinder\plugins\mcufinder/ => C:\Users\Min\.stmcufinder\plugins\mcufinder
2024-03-28 22:08:38,901 [INFO] CrossReferenceDbSqlite:203 - Set database path to: C:\Users\Min\.stmcufinder\plugins\mcufinder//mcu/cs/
2024-03-28 22:08:38,916 [INFO] ApplicationProperties:184 - Using Application install path: C:\ST\STM32CubeIDE_1.14.1\STM32CubeIDE\plugins\com.st.stm32cube.common.mx_6.10.0.202311202037
2024-03-28 22:08:38,918 [INFO] PluginManage:196 - Search for loadable plugins [exclusion list=, ]
2024-03-28 22:08:38,919 [INFO] PluginManage:310 - Check plugin analytics
2024-03-28 22:08:43,995 [INFO] AnalyticsPlugin:253 - Accepted Software Licenses: STM32CubeMX.6.11.0
2024-03-28 22:08:43,995 [INFO] AnalyticsPlugin:255 - Accepted CMSIS Pack Licenses: 
2024-03-28 22:08:43,995 [INFO] AnalyticsPlugin:257 - Accepted Firmware Licenses: FW.L4.1.18.0
2024-03-28 22:08:43,997 [INFO] PluginManage:359 - Loaded plugin analytics (category:tool,tabindex:-1)
2024-03-28 22:08:43,997 [INFO] PluginManage:310 - Check plugin cadmodel
2024-03-28 22:08:44,014 [INFO] CADModel:105 - Init CAD model plugin
2024-03-28 22:08:44,014 [INFO] PluginManage:359 - Loaded plugin cadmodel (category:power,tabindex:5)
2024-03-28 22:08:44,014 [INFO] PluginManage:310 - Check plugin clock
2024-03-28 22:08:44,073 [INFO] PluginManage:359 - Loaded plugin clock (category:base,tabindex:2)
2024-03-28 22:08:44,074 [INFO] PluginManage:310 - Check plugin ddr
2024-03-28 22:08:44,075 [INFO] PluginManage:359 - Loaded plugin ddr (category:tool,tabindex:6)
2024-03-28 22:08:44,075 [INFO] PluginManage:310 - Check plugin filemanager
2024-03-28 22:08:44,196 [INFO] PluginManage:359 - Loaded plugin filemanager (category:base,tabindex:10)
2024-03-28 22:08:44,196 [INFO] PluginManage:310 - Check plugin ipmanager
2024-03-28 22:08:44,202 [INFO] PluginManage:359 - Loaded plugin ipmanager (category:base,tabindex:5)
2024-03-28 22:08:44,202 [INFO] PluginManage:310 - Check plugin lpbam
2024-03-28 22:08:44,216 [INFO] PluginManage:359 - Loaded plugin lpbam (category:base,tabindex:0)
2024-03-28 22:08:44,216 [INFO] PluginManage:310 - Check plugin memorymap
2024-03-28 22:08:44,234 [INFO] PluginManage:359 - Loaded plugin memorymap (category:base,tabindex:4)
2024-03-28 22:08:44,234 [INFO] PluginManage:310 - Check plugin pinoutandconfiguration
2024-03-28 22:08:44,249 [INFO] PluginManage:359 - Loaded plugin pinoutandconfiguration (category:base,tabindex:1)
2024-03-28 22:08:44,249 [INFO] PluginManage:310 - Check plugin pinoutconfig
2024-03-28 22:08:44,322 [WARN] SupportedApi:132 - Cannot load RTOS API schema: s4s-elt-must-match.1: The content of 'definitions' must match (annotation?, (simpleType | complexType)?, (unique | key | keyref)*)). A problem was found starting at: attribute.
2024-03-28 22:08:44,460 [INFO] PluginManage:359 - Loaded plugin pinoutconfig (category:base,tabindex:0)
2024-03-28 22:08:44,460 [INFO] PluginManage:310 - Check plugin power
2024-03-28 22:08:44,484 [INFO] PluginManage:359 - Loaded plugin power (category:power,tabindex:4)
2024-03-28 22:08:44,484 [INFO] PluginManage:310 - Check plugin projectmanager
2024-03-28 22:08:44,500 [INFO] PluginManage:359 - Loaded plugin projectmanager (category:projectmanager,tabindex:3)
2024-03-28 22:08:44,500 [INFO] PluginManage:310 - Check plugin thirdparty
2024-03-28 22:08:44,753 [INFO] PluginManage:359 - Loaded plugin thirdparty (category:base,tabindex:-1)
2024-03-28 22:08:44,753 [INFO] PluginManage:310 - Check plugin tools
2024-03-28 22:08:44,753 [WARN] IntegrityCheckThread:84 - waiting for thirdparty lock release [integrity check]
2024-03-28 22:08:44,753 [INFO] IntegrityCheckThread:86 - entering critical section [integrity check]
2024-03-28 22:08:44,754 [INFO] ThirdPartyUpdaterWithRetryManager:70 - Updater plugin not ready yet. [1/15]
2024-03-28 22:08:44,781 [INFO] PluginManage:359 - Loaded plugin tools (category:base,tabindex:7)
2024-03-28 22:08:44,782 [INFO] PluginManage:310 - Check plugin tutovideos
2024-03-28 22:08:45,011 [INFO] PluginManage:359 - Loaded plugin tutovideos (category:base,tabindex:-1)
2024-03-28 22:08:45,011 [INFO] PluginManage:310 - Check plugin updater
2024-03-28 22:08:45,020 [INFO] PluginManage:359 - Loaded plugin updater (category:base,tabindex:12)
2024-03-28 22:08:45,020 [INFO] PluginManage:310 - Check plugin userauth
2024-03-28 22:08:45,025 [INFO] UserAuth:114 - Init User Auth plugin
2024-03-28 22:08:45,025 [INFO] PluginManage:359 - Loaded plugin userauth (category:base,tabindex:14)
2024-03-28 22:08:45,025 [INFO] PluginManage:283 - PluginManage : Loaded plugins [17]
2024-03-28 22:08:45,228 [INFO] PinOutPanel:1499 - setPackage(No Configuration,No Configuration)
2024-03-28 22:08:45,286 [INFO] CADModel:165 - CPN selected for project level
2024-03-28 22:08:45,286 [INFO] CADModel:114 - Register for checkConnection events
2024-03-28 22:08:45,308 [INFO] IPUIPlugin:80 - create IPUIPlugin
2024-03-28 22:08:45,308 [INFO] PluginManager:220 - loadIPPluginJar : add adc
2024-03-28 22:08:45,336 [INFO] IPUIPlugin:80 - create IPUIPlugin
2024-03-28 22:08:45,336 [INFO] PluginManager:220 - loadIPPluginJar : add aes
2024-03-28 22:08:45,366 [INFO] IPUIPlugin:80 - create IPUIPlugin
2024-03-28 22:08:45,366 [INFO] PluginManager:220 - loadIPPluginJar : add can
2024-03-28 22:08:45,384 [INFO] IPUIPlugin:80 - create IPUIPlugin
2024-03-28 22:08:45,384 [INFO] PluginManager:220 - loadIPPluginJar : add comp
2024-03-28 22:08:45,407 [INFO] IPUIPlugin:80 - create IPUIPlugin
2024-03-28 22:08:45,407 [INFO] PluginManager:220 - loadIPPluginJar : add cryp
2024-03-28 22:08:45,428 [INFO] IPUIPlugin:80 - create IPUIPlugin
2024-03-28 22:08:45,428 [INFO] PluginManager:220 - loadIPPluginJar : add dfsdm
2024-03-28 22:08:45,446 [INFO] IPUIPlugin:80 - create IPUIPlugin
2024-03-28 22:08:45,446 [INFO] PluginManager:220 - loadIPPluginJar : add dma
2024-03-28 22:08:45,476 [INFO] IPUIPlugin:80 - create IPUIPlugin
2024-03-28 22:08:45,476 [INFO] PluginManager:220 - loadIPPluginJar : add dma3
2024-03-28 22:08:45,492 [INFO] IPUIPlugin:80 - create IPUIPlugin
2024-03-28 22:08:45,492 [INFO] PluginManager:220 - loadIPPluginJar : add fatfs
2024-03-28 22:08:45,526 [INFO] IPUIPlugin:80 - create IPUIPlugin
2024-03-28 22:08:45,526 [INFO] PluginManager:220 - loadIPPluginJar : add fmc
2024-03-28 22:08:45,540 [INFO] IPUIPlugin:80 - create IPUIPlugin
2024-03-28 22:08:45,540 [INFO] PluginManager:220 - loadIPPluginJar : add freertos
2024-03-28 22:08:45,557 [INFO] IPUIPlugin:80 - create IPUIPlugin
2024-03-28 22:08:45,557 [INFO] PluginManager:220 - loadIPPluginJar : add genericplugin
2024-03-28 22:08:45,620 [INFO] IPUIPlugin:80 - create IPUIPlugin
2024-03-28 22:08:45,620 [INFO] PluginManager:220 - loadIPPluginJar : add gfxmmu
2024-03-28 22:08:45,703 [INFO] IPUIPlugin:80 - create IPUIPlugin
2024-03-28 22:08:45,703 [INFO] PluginManager:220 - loadIPPluginJar : add gic
2024-03-28 22:08:45,715 [INFO] IPUIPlugin:80 - create IPUIPlugin
2024-03-28 22:08:45,715 [INFO] PluginManager:220 - loadIPPluginJar : add gpio
2024-03-28 22:08:45,776 [INFO] IPUIPlugin:80 - create IPUIPlugin
2024-03-28 22:08:45,777 [INFO] PluginManager:220 - loadIPPluginJar : add gtzc
2024-03-28 22:08:45,800 [INFO] IPUIPlugin:80 - create IPUIPlugin
2024-03-28 22:08:45,800 [INFO] PluginManager:220 - loadIPPluginJar : add hash
2024-03-28 22:08:45,838 [INFO] IPUIPlugin:80 - create IPUIPlugin
2024-03-28 22:08:45,838 [INFO] PluginManager:220 - loadIPPluginJar : add i2c
2024-03-28 22:08:45,867 [INFO] IPUIPlugin:80 - create IPUIPlugin
2024-03-28 22:08:45,867 [INFO] PluginManager:220 - loadIPPluginJar : add i2s
2024-03-28 22:08:45,897 [INFO] IPUIPlugin:80 - create IPUIPlugin
2024-03-28 22:08:45,897 [INFO] PluginManager:220 - loadIPPluginJar : add i3c
2024-03-28 22:08:45,977 [INFO] IPUIPlugin:80 - create IPUIPlugin
2024-03-28 22:08:45,977 [INFO] PluginManager:220 - loadIPPluginJar : add ipddr
2024-03-28 22:08:46,045 [INFO] IPUIPlugin:80 - create IPUIPlugin
2024-03-28 22:08:46,045 [INFO] PluginManager:220 - loadIPPluginJar : add linkedlist
2024-03-28 22:08:46,069 [INFO] IPUIPlugin:80 - create IPUIPlugin
2024-03-28 22:08:46,069 [INFO] PluginManager:220 - loadIPPluginJar : add lorawan
2024-03-28 22:08:46,097 [INFO] IPUIPlugin:80 - create IPUIPlugin
2024-03-28 22:08:46,098 [INFO] PluginManager:220 - loadIPPluginJar : add ltdc
2024-03-28 22:08:46,110 [INFO] IPUIPlugin:80 - create IPUIPlugin
2024-03-28 22:08:46,111 [INFO] PluginManager:220 - loadIPPluginJar : add mdma
2024-03-28 22:08:46,122 [INFO] IPUIPlugin:80 - create IPUIPlugin
2024-03-28 22:08:46,123 [INFO] PluginManager:220 - loadIPPluginJar : add nvic
2024-03-28 22:08:46,150 [INFO] IPUIPlugin:80 - create IPUIPlugin
2024-03-28 22:08:46,150 [INFO] PluginManager:220 - loadIPPluginJar : add opamp
2024-03-28 22:08:46,189 [INFO] IPUIPlugin:80 - create IPUIPlugin
2024-03-28 22:08:46,189 [INFO] PluginManager:220 - loadIPPluginJar : add openamp
2024-03-28 22:08:46,219 [INFO] IPUIPlugin:80 - create IPUIPlugin
2024-03-28 22:08:46,219 [INFO] PluginManager:220 - loadIPPluginJar : add pdm2pcm
2024-03-28 22:08:46,236 [INFO] IPUIPlugin:80 - create IPUIPlugin
2024-03-28 22:08:46,238 [INFO] PluginManager:220 - loadIPPluginJar : add plateformsettings
2024-03-28 22:08:46,257 [INFO] IPUIPlugin:80 - create IPUIPlugin
2024-03-28 22:08:46,257 [INFO] PluginManager:220 - loadIPPluginJar : add quadspi
2024-03-28 22:08:46,271 [INFO] IPUIPlugin:80 - create IPUIPlugin
2024-03-28 22:08:46,271 [INFO] PluginManager:220 - loadIPPluginJar : add resmgrutility
2024-03-28 22:08:46,317 [INFO] IPUIPlugin:80 - create IPUIPlugin
2024-03-28 22:08:46,317 [INFO] PluginManager:220 - loadIPPluginJar : add sai
2024-03-28 22:08:46,352 [INFO] IPUIPlugin:80 - create IPUIPlugin
2024-03-28 22:08:46,353 [INFO] PluginManager:220 - loadIPPluginJar : add spi
2024-03-28 22:08:46,415 [INFO] IPUIPlugin:80 - create IPUIPlugin
2024-03-28 22:08:46,415 [INFO] PluginManager:220 - loadIPPluginJar : add stm32_wpan
2024-03-28 22:08:46,434 [INFO] IPUIPlugin:80 - create IPUIPlugin
2024-03-28 22:08:46,434 [INFO] PluginManager:220 - loadIPPluginJar : add tim
2024-03-28 22:08:46,476 [INFO] IPUIPlugin:80 - create IPUIPlugin
2024-03-28 22:08:46,476 [INFO] PluginManager:220 - loadIPPluginJar : add touchsensing
2024-03-28 22:08:46,493 [INFO] IPUIPlugin:80 - create IPUIPlugin
2024-03-28 22:08:46,493 [INFO] PluginManager:220 - loadIPPluginJar : add tracer_emb
2024-03-28 22:08:46,510 [INFO] IPUIPlugin:80 - create IPUIPlugin
2024-03-28 22:08:46,510 [INFO] PluginManager:220 - loadIPPluginJar : add ts
2024-03-28 22:08:46,526 [INFO] IPUIPlugin:80 - create IPUIPlugin
2024-03-28 22:08:46,526 [INFO] PluginManager:220 - loadIPPluginJar : add tsc
2024-03-28 22:08:46,541 [INFO] IPUIPlugin:80 - create IPUIPlugin
2024-03-28 22:08:46,541 [INFO] PluginManager:220 - loadIPPluginJar : add ucpd
2024-03-28 22:08:46,572 [INFO] IPUIPlugin:80 - create IPUIPlugin
2024-03-28 22:08:46,572 [INFO] PluginManager:220 - loadIPPluginJar : add usart
2024-03-28 22:08:46,604 [INFO] IPUIPlugin:80 - create IPUIPlugin
2024-03-28 22:08:46,604 [INFO] PluginManager:220 - loadIPPluginJar : add usbx
2024-03-28 22:08:46,717 [INFO] CADModel:165 - CPN selected for project level
2024-03-28 22:08:46,719 [INFO] CADModel:114 - Register for checkConnection events
2024-03-28 22:08:46,719 [FATAL] Updater:308 - Updater called before beeing initialized
2024-03-28 22:08:46,719 [ERROR] CADModel:125 - Updater not yet initialized, retry later 
2024-03-28 22:08:46,902 [INFO] CADModel:165 - CPN selected for project level
2024-03-28 22:08:46,902 [INFO] CADModel:114 - Register for checkConnection events
2024-03-28 22:08:46,903 [FATAL] Updater:308 - Updater called before beeing initialized
2024-03-28 22:08:46,903 [ERROR] CADModel:125 - Updater not yet initialized, retry later 
2024-03-28 22:08:46,905 [FATAL] Updater:308 - Updater called before beeing initialized
2024-03-28 22:08:46,999 [FATAL] Updater:308 - Updater called before beeing initialized
2024-03-28 22:08:47,006 [INFO] DbMcusAds:53 - JSON generation date=Wed Nov 29 19:52:27 KST 2023 (1701255147349)
2024-03-28 22:08:47,006 [FATAL] Updater:308 - Updater called before beeing initialized
2024-03-28 22:08:47,066 [WARN] DetailPanel:346 - Failed to get advertising image, set to default
2024-03-28 22:08:47,180 [FATAL] Updater:308 - Updater called before beeing initialized
2024-03-28 22:08:47,181 [FATAL] Updater:308 - Updater called before beeing initialized
2024-03-28 22:08:47,181 [FATAL] Updater:308 - Updater called before beeing initialized
2024-03-28 22:08:47,181 [WARN] DetailPanel:346 - Failed to get advertising image, set to default
2024-03-28 22:08:47,182 [FATAL] Updater:308 - Updater called before beeing initialized
2024-03-28 22:08:47,235 [ERROR] Updater:1120 - MainUpdater not yet initialized. External WinMGr cannot be set.
2024-03-28 22:08:47,243 [INFO] Updater:1056 - Updater Version found : 6.10.0
2024-03-28 22:08:47,276 [INFO] ApplicationProperties:184 - Using Application install path: C:\ST\STM32CubeIDE_1.14.1\STM32CubeIDE\plugins\com.st.stm32cube.common.mx_6.10.0.202311202037
2024-03-28 22:08:47,754 [INFO] ThirdPartyUpdaterWithRetryManager:70 - Updater plugin not ready yet. [2/15]
2024-03-28 22:08:48,857 [ERROR] LogOutputStream:75 - [STDERR_REDIRECT] Mar 28, 2024 10:08:48 PM java.util.prefs.WindowsPreferences <init>
2024-03-28 22:08:48,858 [ERROR] LogOutputStream:75 - [STDERR_REDIRECT] WARNING: Could not open/create prefs root node Software\JavaSoft\Prefs at root 0xffffffff80000002. Windows RegCreateKeyEx(...) returned error code 5.
2024-03-28 22:08:48,858 [ERROR] LogOutputStream:75 - [STDERR_REDIRECT] 
2024-03-28 22:08:48,886 [INFO] MainUpdater:526 - Copy updater definitions from MX database
2024-03-28 22:08:49,653 [INFO] MainUpdater:2873 - connection check result : 10
2024-03-28 22:08:49,653 [INFO] MainUpdater:3567 - Updater definition file requires update
2024-03-28 22:08:49,654 [INFO] MainUpdater:290 - Updater Check For Update Now.
2024-03-28 22:08:49,654 [INFO] MicroXplorer:498 - Change Database Version : DB.6.0.100
2024-03-28 22:08:49,673 [INFO] McuFinderGlobals:63 - Set McuFinder mode to 2 (CubeIDE integrated)
2024-03-28 22:08:49,856 [INFO] ServerAccessManage:473 - Download File updaters.zip
2024-03-28 22:08:49,963 [INFO] UserAuth:404 - Internet connection configuration mode: 1
2024-03-28 22:08:49,998 [INFO] JxBrowserEngine:152 - Initiate JxBrowser Engine with user profile folder
2024-03-28 22:08:50,321 [INFO] FileExtend:240 - Unzip File : updaters.zip
2024-03-28 22:08:50,321 [INFO] FileExtend:255 - Standard Zip Deflate
2024-03-28 22:08:50,755 [WARN] MainUpdater:1194 - Updater busy. Cannot search thirdparties
2024-03-28 22:08:50,756 [INFO] ThirdPartyUpdaterWithRetryManager:96 - Updater plugin is busy. [1/15]
2024-03-28 22:08:50,903 [INFO] ServerAccessManage:473 - Download File PacksControlFlags.xml
2024-03-28 22:08:51,151 [INFO] ServerAccessManage:473 - Download File cubemx.pidx
2024-03-28 22:08:52,409 [INFO] ServerAccessManage:473 - Download File STMicroelectronics.FP-SNS-MOTENV1.pdsc
2024-03-28 22:08:53,082 [INFO] WebApp:161 - Instantiating new browser for Auth
2024-03-28 22:08:53,605 [INFO] WebApp:780 - Register for checkConnection events
2024-03-28 22:08:53,605 [INFO] WebApp:414 - Apply proxy settings
2024-03-28 22:08:53,606 [INFO] WebApp:499 - Chromium requires no authentication
2024-03-28 22:08:53,613 [INFO] WebApp:442 - Direct internet connection detected
2024-03-28 22:08:53,744 [INFO] WebApp:192 - Starting web application
2024-03-28 22:08:53,744 [INFO] WebApp:544 - Web application path used C:\ST\STM32CubeIDE_1.14.1\STM32CubeIDE\plugins\com.st.stm32cube.common.mx_6.10.0.202311202037\db\plugins\mcufinder\reactClient1\index.html
2024-03-28 22:08:53,757 [WARN] MainUpdater:1194 - Updater busy. Cannot search thirdparties
2024-03-28 22:08:53,757 [INFO] ThirdPartyUpdaterWithRetryManager:96 - Updater plugin is busy. [2/15]
2024-03-28 22:08:54,759 [INFO] ServerAccessManage:473 - Download File STMicroelectronics.X-CUBE-SAFEA1.pdsc
2024-03-28 22:08:55,659 [INFO] ServerAccessManage:473 - Download File STMicroelectronics.X-CUBE-TOUCHGFX.pdsc
2024-03-28 22:08:56,758 [WARN] MainUpdater:1194 - Updater busy. Cannot search thirdparties
2024-03-28 22:08:56,758 [INFO] ThirdPartyUpdaterWithRetryManager:96 - Updater plugin is busy. [3/15]
2024-03-28 22:08:59,761 [WARN] MainUpdater:1194 - Updater busy. Cannot search thirdparties
2024-03-28 22:08:59,761 [INFO] ThirdPartyUpdaterWithRetryManager:96 - Updater plugin is busy. [4/15]
2024-03-28 22:09:02,761 [WARN] MainUpdater:1194 - Updater busy. Cannot search thirdparties
2024-03-28 22:09:02,761 [INFO] ThirdPartyUpdaterWithRetryManager:96 - Updater plugin is busy. [5/15]
2024-03-28 22:09:04,320 [WARN] PackLoader:240 - Cannot read IP mode file for STMicroelectronics.FP-SNS-MOTENV1.5.0.0
2024-03-28 22:09:04,334 [WARN] PackLoader:240 - Cannot read IP mode file for STMicroelectronics.X-CUBE-SAFEA1.1.2.2
2024-03-28 22:09:04,338 [WARN] PackLoader:240 - Cannot read IP mode file for STMicroelectronics.X-CUBE-TOUCHGFX.4.23.1
2024-03-28 22:09:04,338 [INFO] PopulateThirdPartyThread:66 - Ending populate Thread
2024-03-28 22:09:04,341 [INFO] ThirdParty:1030 - CMSIS Pack Vendor :STMicroelectronics X-CUBE-TOUCHGFX 4.23.1
2024-03-28 22:09:04,341 [INFO] ThirdParty:1030 - CMSIS Pack Vendor :STMicroelectronics FP-SNS-MOTENV1 5.0.0
2024-03-28 22:09:04,341 [INFO] ThirdParty:1030 - CMSIS Pack Vendor :STMicroelectronics X-CUBE-SAFEA1 1.2.2
2024-03-28 22:09:04,341 [INFO] LoadServerUpdatesThread:375 - End of LoadServerUpdate Thread
2024-03-28 22:09:04,421 [INFO] CheckServerUpdateThread:120 - End of CheckServer Thread
2024-03-28 22:09:05,910 [WARN] PackLoader:240 - Cannot read IP mode file for STMicroelectronics.X-CUBE-SMBUS.2.1.0
2024-03-28 22:09:05,912 [WARN] PackLoader:240 - Cannot read IP mode file for STMicroelectronics.X-CUBE-TOUCHGFX.4.23.1
2024-03-28 22:09:05,925 [WARN] PackLoader:240 - Cannot read IP mode file for STMicroelectronics.X-CUBE-TOUCHGFX.4.23.0
2024-03-28 22:09:05,952 [WARN] PackLoader:240 - Cannot read IP mode file for STMicroelectronics.X-CUBE-AZRTOS-F7.1.1.0
2024-03-28 22:09:05,966 [WARN] PackLoader:240 - Cannot read IP mode file for STMicroelectronics.FP-SNS-MOTENV1.4.3.2
2024-03-28 22:09:05,974 [WARN] PackLoader:240 - Cannot read IP mode file for STMicroelectronics.FP-SNS-FLIGHT1.5.0.2
2024-03-28 22:09:05,987 [WARN] PackLoader:240 - Cannot read IP mode file for STMicroelectronics.X-CUBE-DISPLAY.3.0.0
2024-03-28 22:09:06,000 [WARN] PackLoader:240 - Cannot read IP mode file for STMicroelectronics.X-CUBE-BLE1.7.0.0
2024-03-28 22:09:06,013 [WARN] PackLoader:240 - Cannot read IP mode file for emotas.I-CUBE-CANOPEN.1.3.0
2024-03-28 22:09:06,024 [WARN] PackLoader:240 - Cannot read IP mode file for STMicroelectronics.X-CUBE-BLEMGR.3.1.0
2024-03-28 22:09:06,036 [WARN] PackLoader:240 - Cannot read IP mode file for STMicroelectronics.FP-SNS-SMARTAG2.1.2.0
2024-03-28 22:09:06,052 [INFO] LogOutputStream:77 - [STDOUT_REDIRECT] 1 : Invalid condition id : UX_CORESTACK_Condition cause : null
2024-03-28 22:09:06,052 [INFO] LogOutputStream:77 - [STDOUT_REDIRECT] 1 : Invalid condition id : UX_CORESTACK_Condition cause : null
2024-03-28 22:09:06,054 [INFO] LogOutputStream:77 - [STDOUT_REDIRECT] 1 : Invalid condition id : UX_CORESTACK_Condition cause : null
2024-03-28 22:09:06,054 [INFO] LogOutputStream:77 - [STDOUT_REDIRECT] 1 : Invalid condition id : UX_CORESTACK_Condition cause : null
2024-03-28 22:09:06,055 [INFO] LogOutputStream:77 - [STDOUT_REDIRECT] 1 : Invalid condition id : UX_CORESTACK_Condition cause : null
2024-03-28 22:09:06,057 [WARN] PackLoader:240 - Cannot read IP mode file for STMicroelectronics.X-CUBE-AZRTOS-WL.2.0.0
2024-03-28 22:09:06,060 [WARN] PackLoader:240 - Cannot read IP mode file for STMicroelectronics.FP-SNS-MOTENV1.5.0.0
2024-03-28 22:09:06,075 [WARN] PackLoader:240 - Cannot read IP mode file for WES.I-CUBE-Cesium.1.3.0
2024-03-28 22:09:06,086 [WARN] PackLoader:240 - Cannot read IP mode file for STMicroelectronics.X-CUBE-BLE2.3.3.0
2024-03-28 22:09:06,098 [WARN] PackLoader:240 - Cannot read IP mode file for STMicroelectronics.X-CUBE-ALGOBUILD.1.3.0
2024-03-28 22:09:06,126 [WARN] PackLoader:240 - Cannot read IP mode file for STMicroelectronics.X-CUBE-AZRTOS-G0.1.1.0
2024-03-28 22:09:06,132 [WARN] PackLoader:240 - Cannot read IP mode file for STMicroelectronics.X-CUBE-SAFEA1.1.2.2
2024-03-28 22:09:06,146 [WARN] PackLoader:240 - Cannot read IP mode file for STMicroelectronics.X-CUBE-NFC4.3.0.0
2024-03-28 22:09:06,152 [WARN] PackLoader:240 - Cannot read IP mode file for STMicroelectronics.FP-ATR-SIGFOX1.3.2.0
2024-03-28 22:09:06,162 [WARN] PackLoader:240 - Cannot read IP mode file for STMicroelectronics.X-CUBE-EEPRMA1.5.1.0
2024-03-28 22:09:06,199 [WARN] PackLoader:240 - Cannot read IP mode file for SEGGER.I-CUBE-embOS.1.3.1
2024-03-28 22:09:06,234 [WARN] PackLoader:240 - Cannot read IP mode file for STMicroelectronics.X-CUBE-GNSS1.6.0.0
2024-03-28 22:09:06,267 [WARN] PackLoader:240 - Cannot read IP mode file for STMicroelectronics.X-CUBE-AZRTOS-F4.1.1.0
2024-03-28 22:09:06,281 [WARN] PackLoader:240 - Cannot read IP mode file for wolfSSL.I-CUBE-wolfSSL.5.6.6
2024-03-28 22:09:06,303 [WARN] PackLoader:240 - Cannot read IP mode file for STMicroelectronics.X-CUBE-AZRTOS-L5.2.0.0
2024-03-28 22:09:06,318 [WARN] PackLoader:240 - Cannot read IP mode file for STMicroelectronics.X-CUBE-NFC6.3.1.0
2024-03-28 22:09:06,329 [WARN] PackLoader:240 - Cannot read IP mode file for ITTIA_DB.I-CUBE-ITTIADB.8.8.0
2024-03-28 22:09:06,342 [WARN] PackLoader:240 - Cannot read IP mode file for STMicroelectronics.X-CUBE-NFC7.1.0.1
2024-03-28 22:09:06,352 [WARN] PackLoader:240 - Cannot read IP mode file for STMicroelectronics.X-CUBE-NFC6.3.0.0
2024-03-28 22:09:06,362 [WARN] PackLoader:240 - Cannot read IP mode file for STMicroelectronics.X-CUBE-AI.8.1.0
2024-03-28 22:09:06,383 [WARN] ConditionMgr:438 - getConditionDescription Invalid condition id : LAN8742 Phy interface Condition cause : null
2024-03-28 22:09:06,383 [WARN] PackLoader:240 - Cannot read IP mode file for STMicroelectronics.X-CUBE-AZRTOS-L4.2.0.0
2024-03-28 22:09:06,385 [WARN] ConditionMgr:1039 - genDependencies : Invalid condition id : LAN8742 Phy interface Condition cause : null
2024-03-28 22:09:06,385 [WARN] ConditionMgr:1039 - genDependencies : Invalid condition id : LAN8742 Phy interface Condition cause : null
2024-03-28 22:09:06,386 [WARN] ConditionMgr:1039 - genDependencies : Invalid condition id : LAN8742 Phy interface Condition cause : null
2024-03-28 22:09:06,401 [WARN] PackLoader:240 - Cannot read IP mode file for STMicroelectronics.X-CUBE-SFXS2LP1.4.0.0
2024-03-28 22:09:06,421 [WARN] ConditionMgr:438 - getConditionDescription Invalid condition id : UX DEVICE CLASS RTOS Condition cause : null
2024-03-28 22:09:06,421 [WARN] ConditionMgr:438 - getConditionDescription Invalid condition id : UX DEVICE CLASS RTOS Condition cause : null
2024-03-28 22:09:06,422 [WARN] PackLoader:240 - Cannot read IP mode file for STMicroelectronics.X-CUBE-AZRTOS-WB.2.0.0
2024-03-28 22:09:06,422 [WARN] ConditionMgr:1039 - genDependencies : Invalid condition id : UX DEVICE CLASS RTOS Condition cause : null
2024-03-28 22:09:06,422 [WARN] ConditionMgr:1039 - genDependencies : Invalid condition id : UX DEVICE CLASS RTOS Condition cause : null
2024-03-28 22:09:06,423 [WARN] ConditionMgr:1039 - genDependencies : Invalid condition id : UX DEVICE CLASS RTOS Condition cause : null
2024-03-28 22:09:06,423 [WARN] ConditionMgr:1039 - genDependencies : Invalid condition id : UX DEVICE CLASS RTOS Condition cause : null
2024-03-28 22:09:06,423 [WARN] ConditionMgr:1039 - genDependencies : Invalid condition id : UX DEVICE CLASS RTOS Condition cause : null
2024-03-28 22:09:06,439 [WARN] PackLoader:240 - Cannot read IP mode file for STMicroelectronics.X-CUBE-SUBG2.5.0.0
2024-03-28 22:09:06,462 [WARN] PackLoader:240 - Cannot read IP mode file for STMicroelectronics.X-CUBE-AZRTOS-G4.2.0.0
2024-03-28 22:09:06,481 [WARN] PackLoader:240 - Cannot read IP mode file for Infineon.AIROC-Wi-Fi-Bluetooth-STM32.1.5.1
2024-03-28 22:09:06,487 [WARN] PackLoader:240 - Cannot read IP mode file for STMicroelectronics.FP-SNS-MOTENVWB1.1.3.1
2024-03-28 22:09:06,496 [WARN] PackLoader:240 - Cannot read IP mode file for STMicroelectronics.X-CUBE-ISPU.2.0.0
2024-03-28 22:09:06,536 [WARN] PackLoader:240 - Cannot read IP mode file for STMicroelectronics.X-CUBE-MEMS1.10.0.0
2024-03-28 22:09:06,609 [WARN] PackLoader:240 - Cannot read IP mode file for STMicroelectronics.X-CUBE-FREERTOS.1.1.0
2024-03-28 22:09:06,620 [WARN] PackLoader:240 - Cannot read IP mode file for portGmbH.I-Cube-SoM-uGOAL.1.1.0
2024-03-28 22:09:06,629 [WARN] PackLoader:240 - Cannot read IP mode file for STMicroelectronics.X-CUBE-ALS.1.0.1
2024-03-28 22:09:06,633 [WARN] PackLoader:240 - Cannot read IP mode file for STMicroelectronics.FP-ATR-ASTRA1.2.0.0
2024-03-28 22:09:06,646 [WARN] PackLoader:240 - Cannot read IP mode file for STMicroelectronics.X-CUBE-TOF1.3.4.1
2024-03-28 22:09:06,674 [WARN] PackLoader:240 - Cannot read IP mode file for STMicroelectronics.X-CUBE-AZRTOS-H7.3.2.0
2024-03-28 22:09:06,676 [INFO] ThirdParty:978 - Integrity check success = true
2024-03-28 22:09:06,676 [INFO] IntegrityCheckThread:100 - exiting critical section [integrity check]
2024-03-28 22:09:06,676 [INFO] IntegrityCheckThread:103 - End integrity checks thread
2024-03-28 22:09:14,457 [ERROR] LogOutputStream:75 - [STDERR_REDIRECT] SLF4J: Failed to load class "org.slf4j.impl.StaticLoggerBinder".
2024-03-28 22:09:14,458 [ERROR] LogOutputStream:75 - [STDERR_REDIRECT] SLF4J: Defaulting to no-operation (NOP) logger implementation
2024-03-28 22:09:14,459 [ERROR] LogOutputStream:75 - [STDERR_REDIRECT] SLF4J: See http://www.slf4j.org/codes.html#StaticLoggerBinder for further details.
2024-03-28 23:04:42,171 [ERROR] LogOutputStream:75 - [STDERR_REDIRECT] 
2024-03-28 23:19:14,918 [INFO] Activator:176 - 


2024-03-28 23:19:14,919 [INFO] Activator:177 - !SESSION log4j initialized
2024-03-28 23:19:19,724 [INFO] LogOutputStream:77 - [STDOUT_REDIRECT] 
2024-03-28 23:19:26,488 [INFO] ApplicationProperties:184 - Using Application install path: C:\ST\STM32CubeIDE_1.14.1\STM32CubeIDE\plugins\com.st.stm32cube.common.mx_6.10.0.202311202037
2024-03-28 23:19:26,503 [INFO] DbMcusXml:78 - Set database path to: C:\ST\STM32CubeIDE_1.14.1\STM32CubeIDE\plugins\com.st.stm32cube.common.mx_6.10.0.202311202037\\db\/mcu/
2024-03-28 23:19:26,503 [INFO] ApiDb:274 - Set plugin database path to: C:\ST\STM32CubeIDE_1.14.1\STM32CubeIDE\plugins\com.st.stm32cube.common.mx_6.10.0.202311202037\\db\/plugins/boardmanager/
2024-03-28 23:19:26,503 [WARN] ApiDb:259 - Overriding images path with different value:  => C:\ST\STM32CubeIDE_1.14.1\STM32CubeIDE\plugins\com.st.stm32cube.common.mx_6.10.0.202311202037\\db\/plugins/mcufinder/images/
2024-03-28 23:19:26,512 [INFO] ApiDb:250 - Set database path to: C:\Users\Min\.stmcufinder\plugins\mcufinder//mcu/
2024-03-28 23:19:26,513 [INFO] DbMcusAds:125 - Set database path to: C:\Users\Min\.stmcufinder\plugins\mcufinder//mcu/
2024-03-28 23:19:26,514 [INFO] CrossReferenceDbSqlite:203 - Set database path to: C:\Users\Min\.stmcufinder\plugins\mcufinder//mcu/cs/
2024-03-28 23:19:26,594 [INFO] RulesReader:64 - Compatibility file has been processed (297 Rules)
2024-03-28 23:19:26,650 [INFO] DbMcusXml:78 - Set database path to: C:\ST\STM32CubeIDE_1.14.1\STM32CubeIDE\plugins\com.st.stm32cube.common.mx_6.10.0.202311202037\\db\/mcu/
2024-03-28 23:19:26,650 [INFO] ApiDb:274 - Set plugin database path to: C:\ST\STM32CubeIDE_1.14.1\STM32CubeIDE\plugins\com.st.stm32cube.common.mx_6.10.0.202311202037\\db\/plugins/boardmanager/
2024-03-28 23:19:26,650 [INFO] ApiDb:261 - Set plugin images path to: C:\ST\STM32CubeIDE_1.14.1\STM32CubeIDE\plugins\com.st.stm32cube.common.mx_6.10.0.202311202037\\db\/plugins/mcufinder/images/
2024-03-28 23:19:26,650 [WARN] DbFile:41 - Overriding database path with different value: C:\Users\Min\.stmcufinder\plugins\mcufinder/ => C:\Users\Min\.stmcufinder\plugins\mcufinder
2024-03-28 23:19:26,650 [INFO] ApiDb:250 - Set database path to: C:\Users\Min\.stmcufinder\plugins\mcufinder//mcu/
2024-03-28 23:19:26,650 [WARN] DbFile:41 - Overriding database path with different value: C:\Users\Min\.stmcufinder\plugins\mcufinder/ => C:\Users\Min\.stmcufinder\plugins\mcufinder
2024-03-28 23:19:26,650 [INFO] DbMcusAds:125 - Set database path to: C:\Users\Min\.stmcufinder\plugins\mcufinder//mcu/
2024-03-28 23:19:26,650 [WARN] DbFile:41 - Overriding database path with different value: C:\Users\Min\.stmcufinder\plugins\mcufinder/ => C:\Users\Min\.stmcufinder\plugins\mcufinder
2024-03-28 23:19:26,650 [WARN] DbFile:41 - Overriding database path with different value: C:\Users\Min\.stmcufinder\plugins\mcufinder/ => C:\Users\Min\.stmcufinder\plugins\mcufinder
2024-03-28 23:19:26,650 [INFO] CrossReferenceDbSqlite:203 - Set database path to: C:\Users\Min\.stmcufinder\plugins\mcufinder//mcu/cs/
2024-03-28 23:19:26,701 [INFO] MainPanel:264 - HeapMemory: 268435456
2024-03-28 23:19:26,764 [INFO] DbMcusXml:78 - Set database path to: C:\ST\STM32CubeIDE_1.14.1\STM32CubeIDE\plugins\com.st.stm32cube.common.mx_6.10.0.202311202037\\db\/mcu/
2024-03-28 23:19:26,764 [INFO] ApiDb:274 - Set plugin database path to: C:\ST\STM32CubeIDE_1.14.1\STM32CubeIDE\plugins\com.st.stm32cube.common.mx_6.10.0.202311202037\\db\/plugins/boardmanager/
2024-03-28 23:19:26,764 [INFO] ApiDb:261 - Set plugin images path to: C:\ST\STM32CubeIDE_1.14.1\STM32CubeIDE\plugins\com.st.stm32cube.common.mx_6.10.0.202311202037\\db\/plugins/mcufinder/images/
2024-03-28 23:19:26,765 [WARN] DbFile:41 - Overriding database path with different value: C:\Users\Min\.stmcufinder\plugins\mcufinder/ => C:\Users\Min\.stmcufinder\plugins\mcufinder
2024-03-28 23:19:26,765 [INFO] ApiDb:250 - Set database path to: C:\Users\Min\.stmcufinder\plugins\mcufinder//mcu/
2024-03-28 23:19:26,765 [WARN] DbFile:41 - Overriding database path with different value: C:\Users\Min\.stmcufinder\plugins\mcufinder/ => C:\Users\Min\.stmcufinder\plugins\mcufinder
2024-03-28 23:19:26,765 [INFO] DbMcusAds:125 - Set database path to: C:\Users\Min\.stmcufinder\plugins\mcufinder//mcu/
2024-03-28 23:19:26,765 [WARN] DbFile:41 - Overriding database path with different value: C:\Users\Min\.stmcufinder\plugins\mcufinder/ => C:\Users\Min\.stmcufinder\plugins\mcufinder
2024-03-28 23:19:26,765 [WARN] DbFile:41 - Overriding database path with different value: C:\Users\Min\.stmcufinder\plugins\mcufinder/ => C:\Users\Min\.stmcufinder\plugins\mcufinder
2024-03-28 23:19:26,765 [INFO] CrossReferenceDbSqlite:203 - Set database path to: C:\Users\Min\.stmcufinder\plugins\mcufinder//mcu/cs/
2024-03-28 23:19:26,777 [INFO] ApplicationProperties:184 - Using Application install path: C:\ST\STM32CubeIDE_1.14.1\STM32CubeIDE\plugins\com.st.stm32cube.common.mx_6.10.0.202311202037
2024-03-28 23:19:26,778 [INFO] PluginManage:196 - Search for loadable plugins [exclusion list=, ]
2024-03-28 23:19:26,779 [INFO] PluginManage:310 - Check plugin analytics
2024-03-28 23:19:31,844 [INFO] AnalyticsPlugin:253 - Accepted Software Licenses: STM32CubeMX.6.11.0
2024-03-28 23:19:31,844 [INFO] AnalyticsPlugin:255 - Accepted CMSIS Pack Licenses: 
2024-03-28 23:19:31,844 [INFO] AnalyticsPlugin:257 - Accepted Firmware Licenses: FW.L4.1.18.0
2024-03-28 23:19:31,846 [INFO] PluginManage:359 - Loaded plugin analytics (category:tool,tabindex:-1)
2024-03-28 23:19:31,846 [INFO] PluginManage:310 - Check plugin cadmodel
2024-03-28 23:19:31,860 [INFO] CADModel:105 - Init CAD model plugin
2024-03-28 23:19:31,860 [INFO] PluginManage:359 - Loaded plugin cadmodel (category:power,tabindex:5)
2024-03-28 23:19:31,860 [INFO] PluginManage:310 - Check plugin clock
2024-03-28 23:19:31,878 [INFO] PluginManage:359 - Loaded plugin clock (category:base,tabindex:2)
2024-03-28 23:19:31,878 [INFO] PluginManage:310 - Check plugin ddr
2024-03-28 23:19:31,880 [INFO] PluginManage:359 - Loaded plugin ddr (category:tool,tabindex:6)
2024-03-28 23:19:31,880 [INFO] PluginManage:310 - Check plugin filemanager
2024-03-28 23:19:31,987 [INFO] PluginManage:359 - Loaded plugin filemanager (category:base,tabindex:10)
2024-03-28 23:19:31,987 [INFO] PluginManage:310 - Check plugin ipmanager
2024-03-28 23:19:31,993 [INFO] PluginManage:359 - Loaded plugin ipmanager (category:base,tabindex:5)
2024-03-28 23:19:31,993 [INFO] PluginManage:310 - Check plugin lpbam
2024-03-28 23:19:32,006 [INFO] PluginManage:359 - Loaded plugin lpbam (category:base,tabindex:0)
2024-03-28 23:19:32,006 [INFO] PluginManage:310 - Check plugin memorymap
2024-03-28 23:19:32,022 [INFO] PluginManage:359 - Loaded plugin memorymap (category:base,tabindex:4)
2024-03-28 23:19:32,022 [INFO] PluginManage:310 - Check plugin pinoutandconfiguration
2024-03-28 23:19:32,035 [INFO] PluginManage:359 - Loaded plugin pinoutandconfiguration (category:base,tabindex:1)
2024-03-28 23:19:32,035 [INFO] PluginManage:310 - Check plugin pinoutconfig
2024-03-28 23:19:32,104 [WARN] SupportedApi:132 - Cannot load RTOS API schema: s4s-elt-must-match.1: The content of 'definitions' must match (annotation?, (simpleType | complexType)?, (unique | key | keyref)*)). A problem was found starting at: attribute.
2024-03-28 23:19:32,194 [INFO] PluginManage:359 - Loaded plugin pinoutconfig (category:base,tabindex:0)
2024-03-28 23:19:32,195 [INFO] PluginManage:310 - Check plugin power
2024-03-28 23:19:32,208 [INFO] PluginManage:359 - Loaded plugin power (category:power,tabindex:4)
2024-03-28 23:19:32,208 [INFO] PluginManage:310 - Check plugin projectmanager
2024-03-28 23:19:32,220 [INFO] PluginManage:359 - Loaded plugin projectmanager (category:projectmanager,tabindex:3)
2024-03-28 23:19:32,220 [INFO] PluginManage:310 - Check plugin thirdparty
2024-03-28 23:19:32,402 [INFO] PluginManage:359 - Loaded plugin thirdparty (category:base,tabindex:-1)
2024-03-28 23:19:32,402 [INFO] PluginManage:310 - Check plugin tools
2024-03-28 23:19:32,402 [WARN] IntegrityCheckThread:84 - waiting for thirdparty lock release [integrity check]
2024-03-28 23:19:32,402 [INFO] IntegrityCheckThread:86 - entering critical section [integrity check]
2024-03-28 23:19:32,402 [INFO] ThirdPartyUpdaterWithRetryManager:70 - Updater plugin not ready yet. [1/15]
2024-03-28 23:19:32,429 [INFO] PluginManage:359 - Loaded plugin tools (category:base,tabindex:7)
2024-03-28 23:19:32,430 [INFO] PluginManage:310 - Check plugin tutovideos
2024-03-28 23:19:32,568 [INFO] PluginManage:359 - Loaded plugin tutovideos (category:base,tabindex:-1)
2024-03-28 23:19:32,568 [INFO] PluginManage:310 - Check plugin updater
2024-03-28 23:19:32,577 [INFO] PluginManage:359 - Loaded plugin updater (category:base,tabindex:12)
2024-03-28 23:19:32,577 [INFO] PluginManage:310 - Check plugin userauth
2024-03-28 23:19:32,581 [INFO] UserAuth:114 - Init User Auth plugin
2024-03-28 23:19:32,581 [INFO] PluginManage:359 - Loaded plugin userauth (category:base,tabindex:14)
2024-03-28 23:19:32,581 [INFO] PluginManage:283 - PluginManage : Loaded plugins [17]
2024-03-28 23:19:32,740 [INFO] PinOutPanel:1499 - setPackage(No Configuration,No Configuration)
2024-03-28 23:19:32,790 [INFO] CADModel:165 - CPN selected for project level
2024-03-28 23:19:32,790 [INFO] CADModel:114 - Register for checkConnection events
2024-03-28 23:19:32,810 [INFO] IPUIPlugin:80 - create IPUIPlugin
2024-03-28 23:19:32,810 [INFO] PluginManager:220 - loadIPPluginJar : add adc
2024-03-28 23:19:32,834 [INFO] IPUIPlugin:80 - create IPUIPlugin
2024-03-28 23:19:32,834 [INFO] PluginManager:220 - loadIPPluginJar : add aes
2024-03-28 23:19:32,858 [INFO] IPUIPlugin:80 - create IPUIPlugin
2024-03-28 23:19:32,858 [INFO] PluginManager:220 - loadIPPluginJar : add can
2024-03-28 23:19:32,871 [INFO] IPUIPlugin:80 - create IPUIPlugin
2024-03-28 23:19:32,871 [INFO] PluginManager:220 - loadIPPluginJar : add comp
2024-03-28 23:19:32,892 [INFO] IPUIPlugin:80 - create IPUIPlugin
2024-03-28 23:19:32,892 [INFO] PluginManager:220 - loadIPPluginJar : add cryp
2024-03-28 23:19:32,910 [INFO] IPUIPlugin:80 - create IPUIPlugin
2024-03-28 23:19:32,910 [INFO] PluginManager:220 - loadIPPluginJar : add dfsdm
2024-03-28 23:19:32,920 [INFO] IPUIPlugin:80 - create IPUIPlugin
2024-03-28 23:19:32,920 [INFO] PluginManager:220 - loadIPPluginJar : add dma
2024-03-28 23:19:32,946 [INFO] IPUIPlugin:80 - create IPUIPlugin
2024-03-28 23:19:32,946 [INFO] PluginManager:220 - loadIPPluginJar : add dma3
2024-03-28 23:19:32,957 [INFO] IPUIPlugin:80 - create IPUIPlugin
2024-03-28 23:19:32,957 [INFO] PluginManager:220 - loadIPPluginJar : add fatfs
2024-03-28 23:19:32,986 [INFO] IPUIPlugin:80 - create IPUIPlugin
2024-03-28 23:19:32,986 [INFO] PluginManager:220 - loadIPPluginJar : add fmc
2024-03-28 23:19:32,995 [INFO] IPUIPlugin:80 - create IPUIPlugin
2024-03-28 23:19:32,996 [INFO] PluginManager:220 - loadIPPluginJar : add freertos
2024-03-28 23:19:33,007 [INFO] IPUIPlugin:80 - create IPUIPlugin
2024-03-28 23:19:33,007 [INFO] PluginManager:220 - loadIPPluginJar : add genericplugin
2024-03-28 23:19:33,061 [INFO] IPUIPlugin:80 - create IPUIPlugin
2024-03-28 23:19:33,061 [INFO] PluginManager:220 - loadIPPluginJar : add gfxmmu
2024-03-28 23:19:33,143 [INFO] IPUIPlugin:80 - create IPUIPlugin
2024-03-28 23:19:33,143 [INFO] PluginManager:220 - loadIPPluginJar : add gic
2024-03-28 23:19:33,152 [INFO] IPUIPlugin:80 - create IPUIPlugin
2024-03-28 23:19:33,152 [INFO] PluginManager:220 - loadIPPluginJar : add gpio
2024-03-28 23:19:33,213 [INFO] IPUIPlugin:80 - create IPUIPlugin
2024-03-28 23:19:33,213 [INFO] PluginManager:220 - loadIPPluginJar : add gtzc
2024-03-28 23:19:33,232 [INFO] IPUIPlugin:80 - create IPUIPlugin
2024-03-28 23:19:33,233 [INFO] PluginManager:220 - loadIPPluginJar : add hash
2024-03-28 23:19:33,263 [INFO] IPUIPlugin:80 - create IPUIPlugin
2024-03-28 23:19:33,263 [INFO] PluginManager:220 - loadIPPluginJar : add i2c
2024-03-28 23:19:33,286 [INFO] IPUIPlugin:80 - create IPUIPlugin
2024-03-28 23:19:33,286 [INFO] PluginManager:220 - loadIPPluginJar : add i2s
2024-03-28 23:19:33,310 [INFO] IPUIPlugin:80 - create IPUIPlugin
2024-03-28 23:19:33,311 [INFO] PluginManager:220 - loadIPPluginJar : add i3c
2024-03-28 23:19:33,377 [INFO] IPUIPlugin:80 - create IPUIPlugin
2024-03-28 23:19:33,377 [INFO] PluginManager:220 - loadIPPluginJar : add ipddr
2024-03-28 23:19:33,431 [INFO] IPUIPlugin:80 - create IPUIPlugin
2024-03-28 23:19:33,431 [INFO] PluginManager:220 - loadIPPluginJar : add linkedlist
2024-03-28 23:19:33,451 [INFO] IPUIPlugin:80 - create IPUIPlugin
2024-03-28 23:19:33,451 [INFO] PluginManager:220 - loadIPPluginJar : add lorawan
2024-03-28 23:19:33,472 [INFO] IPUIPlugin:80 - create IPUIPlugin
2024-03-28 23:19:33,472 [INFO] PluginManager:220 - loadIPPluginJar : add ltdc
2024-03-28 23:19:33,481 [INFO] IPUIPlugin:80 - create IPUIPlugin
2024-03-28 23:19:33,481 [INFO] PluginManager:220 - loadIPPluginJar : add mdma
2024-03-28 23:19:33,488 [INFO] IPUIPlugin:80 - create IPUIPlugin
2024-03-28 23:19:33,488 [INFO] PluginManager:220 - loadIPPluginJar : add nvic
2024-03-28 23:19:33,509 [INFO] IPUIPlugin:80 - create IPUIPlugin
2024-03-28 23:19:33,509 [INFO] PluginManager:220 - loadIPPluginJar : add opamp
2024-03-28 23:19:33,543 [INFO] IPUIPlugin:80 - create IPUIPlugin
2024-03-28 23:19:33,543 [INFO] PluginManager:220 - loadIPPluginJar : add openamp
2024-03-28 23:19:33,567 [INFO] IPUIPlugin:80 - create IPUIPlugin
2024-03-28 23:19:33,567 [INFO] PluginManager:220 - loadIPPluginJar : add pdm2pcm
2024-03-28 23:19:33,577 [INFO] IPUIPlugin:80 - create IPUIPlugin
2024-03-28 23:19:33,579 [INFO] PluginManager:220 - loadIPPluginJar : add plateformsettings
2024-03-28 23:19:33,591 [INFO] IPUIPlugin:80 - create IPUIPlugin
2024-03-28 23:19:33,591 [INFO] PluginManager:220 - loadIPPluginJar : add quadspi
2024-03-28 23:19:33,599 [INFO] IPUIPlugin:80 - create IPUIPlugin
2024-03-28 23:19:33,599 [INFO] PluginManager:220 - loadIPPluginJar : add resmgrutility
2024-03-28 23:19:33,628 [INFO] IPUIPlugin:80 - create IPUIPlugin
2024-03-28 23:19:33,628 [INFO] PluginManager:220 - loadIPPluginJar : add sai
2024-03-28 23:19:33,649 [INFO] IPUIPlugin:80 - create IPUIPlugin
2024-03-28 23:19:33,649 [INFO] PluginManager:220 - loadIPPluginJar : add spi
2024-03-28 23:19:33,691 [INFO] IPUIPlugin:80 - create IPUIPlugin
2024-03-28 23:19:33,692 [INFO] PluginManager:220 - loadIPPluginJar : add stm32_wpan
2024-03-28 23:19:33,705 [INFO] IPUIPlugin:80 - create IPUIPlugin
2024-03-28 23:19:33,705 [INFO] PluginManager:220 - loadIPPluginJar : add tim
2024-03-28 23:19:33,740 [INFO] IPUIPlugin:80 - create IPUIPlugin
2024-03-28 23:19:33,740 [INFO] PluginManager:220 - loadIPPluginJar : add touchsensing
2024-03-28 23:19:33,754 [INFO] IPUIPlugin:80 - create IPUIPlugin
2024-03-28 23:19:33,754 [INFO] PluginManager:220 - loadIPPluginJar : add tracer_emb
2024-03-28 23:19:33,769 [INFO] IPUIPlugin:80 - create IPUIPlugin
2024-03-28 23:19:33,769 [INFO] PluginManager:220 - loadIPPluginJar : add ts
2024-03-28 23:19:33,783 [INFO] IPUIPlugin:80 - create IPUIPlugin
2024-03-28 23:19:33,783 [INFO] PluginManager:220 - loadIPPluginJar : add tsc
2024-03-28 23:19:33,796 [INFO] IPUIPlugin:80 - create IPUIPlugin
2024-03-28 23:19:33,796 [INFO] PluginManager:220 - loadIPPluginJar : add ucpd
2024-03-28 23:19:33,824 [INFO] IPUIPlugin:80 - create IPUIPlugin
2024-03-28 23:19:33,824 [INFO] PluginManager:220 - loadIPPluginJar : add usart
2024-03-28 23:19:33,850 [INFO] IPUIPlugin:80 - create IPUIPlugin
2024-03-28 23:19:33,850 [INFO] PluginManager:220 - loadIPPluginJar : add usbx
2024-03-28 23:19:33,962 [INFO] CADModel:165 - CPN selected for project level
2024-03-28 23:19:33,962 [INFO] CADModel:114 - Register for checkConnection events
2024-03-28 23:19:33,962 [FATAL] Updater:308 - Updater called before beeing initialized
2024-03-28 23:19:33,962 [ERROR] CADModel:125 - Updater not yet initialized, retry later 
2024-03-28 23:19:34,060 [INFO] CADModel:165 - CPN selected for project level
2024-03-28 23:19:34,060 [INFO] CADModel:114 - Register for checkConnection events
2024-03-28 23:19:34,060 [FATAL] Updater:308 - Updater called before beeing initialized
2024-03-28 23:19:34,060 [ERROR] CADModel:125 - Updater not yet initialized, retry later 
2024-03-28 23:19:34,062 [FATAL] Updater:308 - Updater called before beeing initialized
2024-03-28 23:19:34,128 [FATAL] Updater:308 - Updater called before beeing initialized
2024-03-28 23:19:34,131 [INFO] DbMcusAds:53 - JSON generation date=Wed Nov 29 19:52:27 KST 2023 (1701255147349)
2024-03-28 23:19:34,131 [FATAL] Updater:308 - Updater called before beeing initialized
2024-03-28 23:19:34,185 [WARN] DetailPanel:346 - Failed to get advertising image, set to default
2024-03-28 23:19:34,261 [FATAL] Updater:308 - Updater called before beeing initialized
2024-03-28 23:19:34,262 [FATAL] Updater:308 - Updater called before beeing initialized
2024-03-28 23:19:34,262 [FATAL] Updater:308 - Updater called before beeing initialized
2024-03-28 23:19:34,262 [WARN] DetailPanel:346 - Failed to get advertising image, set to default
2024-03-28 23:19:34,262 [FATAL] Updater:308 - Updater called before beeing initialized
2024-03-28 23:19:34,319 [ERROR] Updater:1120 - MainUpdater not yet initialized. External WinMGr cannot be set.
2024-03-28 23:19:34,327 [INFO] Updater:1056 - Updater Version found : 6.10.0
2024-03-28 23:19:34,351 [INFO] ApplicationProperties:184 - Using Application install path: C:\ST\STM32CubeIDE_1.14.1\STM32CubeIDE\plugins\com.st.stm32cube.common.mx_6.10.0.202311202037
2024-03-28 23:19:35,406 [INFO] ThirdPartyUpdaterWithRetryManager:70 - Updater plugin not ready yet. [2/15]
2024-03-28 23:19:35,917 [ERROR] LogOutputStream:75 - [STDERR_REDIRECT] Mar 28, 2024 11:19:35 PM java.util.prefs.WindowsPreferences <init>
2024-03-28 23:19:35,919 [ERROR] LogOutputStream:75 - [STDERR_REDIRECT] WARNING: Could not open/create prefs root node Software\JavaSoft\Prefs at root 0xffffffff80000002. Windows RegCreateKeyEx(...) returned error code 5.
2024-03-28 23:19:35,919 [ERROR] LogOutputStream:75 - [STDERR_REDIRECT] 
2024-03-28 23:19:35,940 [INFO] MainUpdater:526 - Copy updater definitions from MX database
2024-03-28 23:19:36,626 [INFO] MainUpdater:2873 - connection check result : 10
2024-03-28 23:19:36,626 [INFO] MainUpdater:3567 - Updater definition file requires update
2024-03-28 23:19:36,627 [INFO] MainUpdater:290 - Updater Check For Update Now.
2024-03-28 23:19:36,627 [INFO] MicroXplorer:498 - Change Database Version : DB.6.0.100
2024-03-28 23:19:36,638 [INFO] McuFinderGlobals:63 - Set McuFinder mode to 2 (CubeIDE integrated)
2024-03-28 23:19:36,834 [INFO] ServerAccessManage:473 - Download File updaters.zip
2024-03-28 23:19:36,845 [INFO] UserAuth:404 - Internet connection configuration mode: 1
2024-03-28 23:19:36,855 [INFO] JxBrowserEngine:152 - Initiate JxBrowser Engine with user profile folder
2024-03-28 23:19:37,393 [INFO] FileExtend:240 - Unzip File : updaters.zip
2024-03-28 23:19:37,393 [INFO] FileExtend:255 - Standard Zip Deflate
2024-03-28 23:19:38,233 [INFO] ServerAccessManage:473 - Download File PacksControlFlags.xml
2024-03-28 23:19:38,406 [WARN] MainUpdater:1194 - Updater busy. Cannot search thirdparties
2024-03-28 23:19:38,406 [INFO] ThirdPartyUpdaterWithRetryManager:96 - Updater plugin is busy. [1/15]
2024-03-28 23:19:38,500 [INFO] ServerAccessManage:473 - Download File cubemx.pidx
2024-03-28 23:19:38,580 [INFO] LoadServerUpdatesThread:375 - End of LoadServerUpdate Thread
2024-03-28 23:19:38,740 [INFO] CheckServerUpdateThread:120 - End of CheckServer Thread
2024-03-28 23:19:39,307 [INFO] WebApp:161 - Instantiating new browser for Auth
2024-03-28 23:19:39,723 [INFO] WebApp:780 - Register for checkConnection events
2024-03-28 23:19:39,723 [INFO] WebApp:414 - Apply proxy settings
2024-03-28 23:19:39,723 [INFO] WebApp:499 - Chromium requires no authentication
2024-03-28 23:19:39,730 [INFO] WebApp:442 - Direct internet connection detected
2024-03-28 23:19:39,851 [INFO] WebApp:192 - Starting web application
2024-03-28 23:19:39,851 [INFO] WebApp:544 - Web application path used C:\ST\STM32CubeIDE_1.14.1\STM32CubeIDE\plugins\com.st.stm32cube.common.mx_6.10.0.202311202037\db\plugins\mcufinder\reactClient1\index.html
2024-03-28 23:19:41,541 [WARN] PackLoader:240 - Cannot read IP mode file for STMicroelectronics.X-CUBE-SMBUS.2.1.0
2024-03-28 23:19:41,552 [WARN] PackLoader:240 - Cannot read IP mode file for STMicroelectronics.X-CUBE-TOUCHGFX.4.23.1
2024-03-28 23:19:41,559 [WARN] PackLoader:240 - Cannot read IP mode file for STMicroelectronics.X-CUBE-TOUCHGFX.4.23.0
2024-03-28 23:19:41,585 [WARN] PackLoader:240 - Cannot read IP mode file for STMicroelectronics.X-CUBE-AZRTOS-F7.1.1.0
2024-03-28 23:19:41,601 [WARN] PackLoader:240 - Cannot read IP mode file for STMicroelectronics.FP-SNS-MOTENV1.4.3.2
2024-03-28 23:19:41,612 [WARN] PackLoader:240 - Cannot read IP mode file for STMicroelectronics.FP-SNS-FLIGHT1.5.0.2
2024-03-28 23:19:41,625 [WARN] PackLoader:240 - Cannot read IP mode file for STMicroelectronics.X-CUBE-DISPLAY.3.0.0
2024-03-28 23:19:41,641 [WARN] PackLoader:240 - Cannot read IP mode file for STMicroelectronics.X-CUBE-BLE1.7.0.0
2024-03-28 23:19:41,650 [WARN] PackLoader:240 - Cannot read IP mode file for emotas.I-CUBE-CANOPEN.1.3.0
2024-03-28 23:19:41,661 [WARN] PackLoader:240 - Cannot read IP mode file for STMicroelectronics.X-CUBE-BLEMGR.3.1.0
2024-03-28 23:19:41,673 [WARN] PackLoader:240 - Cannot read IP mode file for STMicroelectronics.FP-SNS-SMARTAG2.1.2.0
2024-03-28 23:19:41,685 [INFO] LogOutputStream:77 - [STDOUT_REDIRECT] 1 : Invalid condition id : UX_CORESTACK_Condition cause : null
2024-03-28 23:19:41,685 [INFO] LogOutputStream:77 - [STDOUT_REDIRECT] 1 : Invalid condition id : UX_CORESTACK_Condition cause : null
2024-03-28 23:19:41,686 [INFO] LogOutputStream:77 - [STDOUT_REDIRECT] 1 : Invalid condition id : UX_CORESTACK_Condition cause : null
2024-03-28 23:19:41,687 [INFO] LogOutputStream:77 - [STDOUT_REDIRECT] 1 : Invalid condition id : UX_CORESTACK_Condition cause : null
2024-03-28 23:19:41,688 [INFO] LogOutputStream:77 - [STDOUT_REDIRECT] 1 : Invalid condition id : UX_CORESTACK_Condition cause : null
2024-03-28 23:19:41,690 [WARN] PackLoader:240 - Cannot read IP mode file for STMicroelectronics.X-CUBE-AZRTOS-WL.2.0.0
2024-03-28 23:19:41,699 [WARN] PackLoader:240 - Cannot read IP mode file for STMicroelectronics.FP-SNS-MOTENV1.5.0.0
2024-03-28 23:19:41,711 [WARN] PackLoader:240 - Cannot read IP mode file for WES.I-CUBE-Cesium.1.3.0
2024-03-28 23:19:41,719 [WARN] PackLoader:240 - Cannot read IP mode file for STMicroelectronics.X-CUBE-BLE2.3.3.0
2024-03-28 23:19:41,727 [WARN] PackLoader:240 - Cannot read IP mode file for STMicroelectronics.X-CUBE-ALGOBUILD.1.3.0
2024-03-28 23:19:41,746 [WARN] PackLoader:240 - Cannot read IP mode file for STMicroelectronics.X-CUBE-AZRTOS-G0.1.1.0
2024-03-28 23:19:41,761 [WARN] PackLoader:240 - Cannot read IP mode file for STMicroelectronics.X-CUBE-SAFEA1.1.2.2
2024-03-28 23:19:41,771 [WARN] PackLoader:240 - Cannot read IP mode file for STMicroelectronics.X-CUBE-NFC4.3.0.0
2024-03-28 23:19:41,781 [WARN] PackLoader:240 - Cannot read IP mode file for STMicroelectronics.FP-ATR-SIGFOX1.3.2.0
2024-03-28 23:19:41,791 [WARN] PackLoader:240 - Cannot read IP mode file for STMicroelectronics.X-CUBE-EEPRMA1.5.1.0
2024-03-28 23:19:41,815 [WARN] PackLoader:240 - Cannot read IP mode file for SEGGER.I-CUBE-embOS.1.3.1
2024-03-28 23:19:41,845 [WARN] PackLoader:240 - Cannot read IP mode file for STMicroelectronics.X-CUBE-GNSS1.6.0.0
2024-03-28 23:19:41,868 [WARN] PackLoader:240 - Cannot read IP mode file for STMicroelectronics.X-CUBE-AZRTOS-F4.1.1.0
2024-03-28 23:19:41,879 [WARN] PackLoader:240 - Cannot read IP mode file for wolfSSL.I-CUBE-wolfSSL.5.6.6
2024-03-28 23:19:41,899 [WARN] PackLoader:240 - Cannot read IP mode file for STMicroelectronics.X-CUBE-AZRTOS-L5.2.0.0
2024-03-28 23:19:41,913 [WARN] PackLoader:240 - Cannot read IP mode file for STMicroelectronics.X-CUBE-NFC6.3.1.0
2024-03-28 23:19:41,925 [WARN] PackLoader:240 - Cannot read IP mode file for ITTIA_DB.I-CUBE-ITTIADB.8.8.0
2024-03-28 23:19:41,934 [WARN] PackLoader:240 - Cannot read IP mode file for STMicroelectronics.X-CUBE-NFC7.1.0.1
2024-03-28 23:19:41,944 [WARN] PackLoader:240 - Cannot read IP mode file for STMicroelectronics.X-CUBE-NFC6.3.0.0
2024-03-28 23:19:41,955 [WARN] PackLoader:240 - Cannot read IP mode file for STMicroelectronics.X-CUBE-AI.8.1.0
2024-03-28 23:19:41,978 [WARN] ConditionMgr:438 - getConditionDescription Invalid condition id : LAN8742 Phy interface Condition cause : null
2024-03-28 23:19:41,979 [WARN] PackLoader:240 - Cannot read IP mode file for STMicroelectronics.X-CUBE-AZRTOS-L4.2.0.0
2024-03-28 23:19:41,980 [WARN] ConditionMgr:1039 - genDependencies : Invalid condition id : LAN8742 Phy interface Condition cause : null
2024-03-28 23:19:41,980 [WARN] ConditionMgr:1039 - genDependencies : Invalid condition id : LAN8742 Phy interface Condition cause : null
2024-03-28 23:19:41,980 [WARN] ConditionMgr:1039 - genDependencies : Invalid condition id : LAN8742 Phy interface Condition cause : null
2024-03-28 23:19:41,991 [WARN] PackLoader:240 - Cannot read IP mode file for STMicroelectronics.X-CUBE-SFXS2LP1.4.0.0
2024-03-28 23:19:42,007 [WARN] ConditionMgr:438 - getConditionDescription Invalid condition id : UX DEVICE CLASS RTOS Condition cause : null
2024-03-28 23:19:42,007 [WARN] ConditionMgr:438 - getConditionDescription Invalid condition id : UX DEVICE CLASS RTOS Condition cause : null
2024-03-28 23:19:42,009 [WARN] PackLoader:240 - Cannot read IP mode file for STMicroelectronics.X-CUBE-AZRTOS-WB.2.0.0
2024-03-28 23:19:42,010 [WARN] ConditionMgr:1039 - genDependencies : Invalid condition id : UX DEVICE CLASS RTOS Condition cause : null
2024-03-28 23:19:42,010 [WARN] ConditionMgr:1039 - genDependencies : Invalid condition id : UX DEVICE CLASS RTOS Condition cause : null
2024-03-28 23:19:42,010 [WARN] ConditionMgr:1039 - genDependencies : Invalid condition id : UX DEVICE CLASS RTOS Condition cause : null
2024-03-28 23:19:42,010 [WARN] ConditionMgr:1039 - genDependencies : Invalid condition id : UX DEVICE CLASS RTOS Condition cause : null
2024-03-28 23:19:42,010 [WARN] ConditionMgr:1039 - genDependencies : Invalid condition id : UX DEVICE CLASS RTOS Condition cause : null
2024-03-28 23:19:42,025 [WARN] PackLoader:240 - Cannot read IP mode file for STMicroelectronics.X-CUBE-SUBG2.5.0.0
2024-03-28 23:19:42,045 [WARN] PackLoader:240 - Cannot read IP mode file for STMicroelectronics.X-CUBE-AZRTOS-G4.2.0.0
2024-03-28 23:19:42,064 [WARN] PackLoader:240 - Cannot read IP mode file for Infineon.AIROC-Wi-Fi-Bluetooth-STM32.1.5.1
2024-03-28 23:19:42,074 [WARN] PackLoader:240 - Cannot read IP mode file for STMicroelectronics.FP-SNS-MOTENVWB1.1.3.1
2024-03-28 23:19:42,083 [WARN] PackLoader:240 - Cannot read IP mode file for STMicroelectronics.X-CUBE-ISPU.2.0.0
2024-03-28 23:19:42,111 [WARN] PackLoader:240 - Cannot read IP mode file for STMicroelectronics.X-CUBE-MEMS1.10.0.0
2024-03-28 23:19:42,193 [WARN] PackLoader:240 - Cannot read IP mode file for STMicroelectronics.X-CUBE-FREERTOS.1.1.0
2024-03-28 23:19:42,201 [WARN] PackLoader:240 - Cannot read IP mode file for portGmbH.I-Cube-SoM-uGOAL.1.1.0
2024-03-28 23:19:42,209 [WARN] PackLoader:240 - Cannot read IP mode file for STMicroelectronics.X-CUBE-ALS.1.0.1
2024-03-28 23:19:42,218 [WARN] PackLoader:240 - Cannot read IP mode file for STMicroelectronics.FP-ATR-ASTRA1.2.0.0
2024-03-28 23:19:42,230 [WARN] PackLoader:240 - Cannot read IP mode file for STMicroelectronics.X-CUBE-TOF1.3.4.1
2024-03-28 23:19:42,253 [WARN] PackLoader:240 - Cannot read IP mode file for STMicroelectronics.X-CUBE-AZRTOS-H7.3.2.0
2024-03-28 23:19:42,256 [INFO] ThirdParty:978 - Integrity check success = true
2024-03-28 23:19:42,256 [INFO] IntegrityCheckThread:100 - exiting critical section [integrity check]
2024-03-28 23:19:42,256 [INFO] IntegrityCheckThread:103 - End integrity checks thread
2024-03-28 23:20:00,407 [ERROR] LogOutputStream:75 - [STDERR_REDIRECT] SLF4J: Failed to load class "org.slf4j.impl.StaticLoggerBinder".
2024-03-28 23:20:00,407 [ERROR] LogOutputStream:75 - [STDERR_REDIRECT] SLF4J: Defaulting to no-operation (NOP) logger implementation
2024-03-28 23:20:00,408 [ERROR] LogOutputStream:75 - [STDERR_REDIRECT] SLF4J: See http://www.slf4j.org/codes.html#StaticLoggerBinder for further details.
2024-03-28 23:21:04,206 [ERROR] LogOutputStream:75 - [STDERR_REDIRECT] 
2024-03-28 23:41:29,475 [INFO] Activator:176 - 


2024-03-28 23:41:29,477 [INFO] Activator:177 - !SESSION log4j initialized
2024-03-28 23:41:32,971 [INFO] LogOutputStream:77 - [STDOUT_REDIRECT] 
2024-03-28 23:41:48,066 [INFO] ApplicationProperties:184 - Using Application install path: C:\ST\STM32CubeIDE_1.14.1\STM32CubeIDE\plugins\com.st.stm32cube.common.mx_6.10.0.202311202037
2024-03-28 23:41:48,078 [INFO] DbMcusXml:78 - Set database path to: C:\ST\STM32CubeIDE_1.14.1\STM32CubeIDE\plugins\com.st.stm32cube.common.mx_6.10.0.202311202037\\db\/mcu/
2024-03-28 23:41:48,078 [INFO] ApiDb:274 - Set plugin database path to: C:\ST\STM32CubeIDE_1.14.1\STM32CubeIDE\plugins\com.st.stm32cube.common.mx_6.10.0.202311202037\\db\/plugins/boardmanager/
2024-03-28 23:41:48,078 [WARN] ApiDb:259 - Overriding images path with different value:  => C:\ST\STM32CubeIDE_1.14.1\STM32CubeIDE\plugins\com.st.stm32cube.common.mx_6.10.0.202311202037\\db\/plugins/mcufinder/images/
2024-03-28 23:41:48,082 [INFO] ApiDb:250 - Set database path to: C:\Users\Min\.stmcufinder\plugins\mcufinder//mcu/
2024-03-28 23:41:48,083 [INFO] DbMcusAds:125 - Set database path to: C:\Users\Min\.stmcufinder\plugins\mcufinder//mcu/
2024-03-28 23:41:48,088 [INFO] CrossReferenceDbSqlite:203 - Set database path to: C:\Users\Min\.stmcufinder\plugins\mcufinder//mcu/cs/
2024-03-28 23:41:48,162 [INFO] RulesReader:64 - Compatibility file has been processed (297 Rules)
2024-03-28 23:41:48,225 [INFO] DbMcusXml:78 - Set database path to: C:\ST\STM32CubeIDE_1.14.1\STM32CubeIDE\plugins\com.st.stm32cube.common.mx_6.10.0.202311202037\\db\/mcu/
2024-03-28 23:41:48,225 [INFO] ApiDb:274 - Set plugin database path to: C:\ST\STM32CubeIDE_1.14.1\STM32CubeIDE\plugins\com.st.stm32cube.common.mx_6.10.0.202311202037\\db\/plugins/boardmanager/
2024-03-28 23:41:48,226 [INFO] ApiDb:261 - Set plugin images path to: C:\ST\STM32CubeIDE_1.14.1\STM32CubeIDE\plugins\com.st.stm32cube.common.mx_6.10.0.202311202037\\db\/plugins/mcufinder/images/
2024-03-28 23:41:48,226 [WARN] DbFile:41 - Overriding database path with different value: C:\Users\Min\.stmcufinder\plugins\mcufinder/ => C:\Users\Min\.stmcufinder\plugins\mcufinder
2024-03-28 23:41:48,226 [INFO] ApiDb:250 - Set database path to: C:\Users\Min\.stmcufinder\plugins\mcufinder//mcu/
2024-03-28 23:41:48,226 [WARN] DbFile:41 - Overriding database path with different value: C:\Users\Min\.stmcufinder\plugins\mcufinder/ => C:\Users\Min\.stmcufinder\plugins\mcufinder
2024-03-28 23:41:48,226 [INFO] DbMcusAds:125 - Set database path to: C:\Users\Min\.stmcufinder\plugins\mcufinder//mcu/
2024-03-28 23:41:48,226 [WARN] DbFile:41 - Overriding database path with different value: C:\Users\Min\.stmcufinder\plugins\mcufinder/ => C:\Users\Min\.stmcufinder\plugins\mcufinder
2024-03-28 23:41:48,226 [WARN] DbFile:41 - Overriding database path with different value: C:\Users\Min\.stmcufinder\plugins\mcufinder/ => C:\Users\Min\.stmcufinder\plugins\mcufinder
2024-03-28 23:41:48,226 [INFO] CrossReferenceDbSqlite:203 - Set database path to: C:\Users\Min\.stmcufinder\plugins\mcufinder//mcu/cs/
2024-03-28 23:41:48,273 [INFO] MainPanel:264 - HeapMemory: 268435456
2024-03-28 23:41:48,316 [INFO] DbMcusXml:78 - Set database path to: C:\ST\STM32CubeIDE_1.14.1\STM32CubeIDE\plugins\com.st.stm32cube.common.mx_6.10.0.202311202037\\db\/mcu/
2024-03-28 23:41:48,317 [INFO] ApiDb:274 - Set plugin database path to: C:\ST\STM32CubeIDE_1.14.1\STM32CubeIDE\plugins\com.st.stm32cube.common.mx_6.10.0.202311202037\\db\/plugins/boardmanager/
2024-03-28 23:41:48,317 [INFO] ApiDb:261 - Set plugin images path to: C:\ST\STM32CubeIDE_1.14.1\STM32CubeIDE\plugins\com.st.stm32cube.common.mx_6.10.0.202311202037\\db\/plugins/mcufinder/images/
2024-03-28 23:41:48,317 [WARN] DbFile:41 - Overriding database path with different value: C:\Users\Min\.stmcufinder\plugins\mcufinder/ => C:\Users\Min\.stmcufinder\plugins\mcufinder
2024-03-28 23:41:48,317 [INFO] ApiDb:250 - Set database path to: C:\Users\Min\.stmcufinder\plugins\mcufinder//mcu/
2024-03-28 23:41:48,317 [WARN] DbFile:41 - Overriding database path with different value: C:\Users\Min\.stmcufinder\plugins\mcufinder/ => C:\Users\Min\.stmcufinder\plugins\mcufinder
2024-03-28 23:41:48,317 [INFO] DbMcusAds:125 - Set database path to: C:\Users\Min\.stmcufinder\plugins\mcufinder//mcu/
2024-03-28 23:41:48,317 [WARN] DbFile:41 - Overriding database path with different value: C:\Users\Min\.stmcufinder\plugins\mcufinder/ => C:\Users\Min\.stmcufinder\plugins\mcufinder
2024-03-28 23:41:48,317 [WARN] DbFile:41 - Overriding database path with different value: C:\Users\Min\.stmcufinder\plugins\mcufinder/ => C:\Users\Min\.stmcufinder\plugins\mcufinder
2024-03-28 23:41:48,317 [INFO] CrossReferenceDbSqlite:203 - Set database path to: C:\Users\Min\.stmcufinder\plugins\mcufinder//mcu/cs/
2024-03-28 23:41:48,330 [INFO] ApplicationProperties:184 - Using Application install path: C:\ST\STM32CubeIDE_1.14.1\STM32CubeIDE\plugins\com.st.stm32cube.common.mx_6.10.0.202311202037
2024-03-28 23:41:48,331 [INFO] PluginManage:196 - Search for loadable plugins [exclusion list=, ]
2024-03-28 23:41:48,332 [INFO] PluginManage:310 - Check plugin analytics
2024-03-28 23:41:53,411 [INFO] AnalyticsPlugin:253 - Accepted Software Licenses: STM32CubeMX.6.11.0
2024-03-28 23:41:53,411 [INFO] AnalyticsPlugin:255 - Accepted CMSIS Pack Licenses: 
2024-03-28 23:41:53,411 [INFO] AnalyticsPlugin:257 - Accepted Firmware Licenses: FW.L4.1.18.0
2024-03-28 23:41:53,413 [INFO] PluginManage:359 - Loaded plugin analytics (category:tool,tabindex:-1)
2024-03-28 23:41:53,413 [INFO] PluginManage:310 - Check plugin cadmodel
2024-03-28 23:41:53,415 [INFO] CADModel:105 - Init CAD model plugin
2024-03-28 23:41:53,415 [INFO] PluginManage:359 - Loaded plugin cadmodel (category:power,tabindex:5)
2024-03-28 23:41:53,415 [INFO] PluginManage:310 - Check plugin clock
2024-03-28 23:41:53,424 [INFO] PluginManage:359 - Loaded plugin clock (category:base,tabindex:2)
2024-03-28 23:41:53,424 [INFO] PluginManage:310 - Check plugin ddr
2024-03-28 23:41:53,425 [INFO] PluginManage:359 - Loaded plugin ddr (category:tool,tabindex:6)
2024-03-28 23:41:53,425 [INFO] PluginManage:310 - Check plugin filemanager
2024-03-28 23:41:53,522 [INFO] PluginManage:359 - Loaded plugin filemanager (category:base,tabindex:10)
2024-03-28 23:41:53,522 [INFO] PluginManage:310 - Check plugin ipmanager
2024-03-28 23:41:53,527 [INFO] PluginManage:359 - Loaded plugin ipmanager (category:base,tabindex:5)
2024-03-28 23:41:53,527 [INFO] PluginManage:310 - Check plugin lpbam
2024-03-28 23:41:53,533 [INFO] PluginManage:359 - Loaded plugin lpbam (category:base,tabindex:0)
2024-03-28 23:41:53,533 [INFO] PluginManage:310 - Check plugin memorymap
2024-03-28 23:41:53,540 [INFO] PluginManage:359 - Loaded plugin memorymap (category:base,tabindex:4)
2024-03-28 23:41:53,540 [INFO] PluginManage:310 - Check plugin pinoutandconfiguration
2024-03-28 23:41:53,544 [INFO] PluginManage:359 - Loaded plugin pinoutandconfiguration (category:base,tabindex:1)
2024-03-28 23:41:53,544 [INFO] PluginManage:310 - Check plugin pinoutconfig
2024-03-28 23:41:53,605 [WARN] SupportedApi:132 - Cannot load RTOS API schema: s4s-elt-must-match.1: The content of 'definitions' must match (annotation?, (simpleType | complexType)?, (unique | key | keyref)*)). A problem was found starting at: attribute.
2024-03-28 23:41:53,687 [INFO] PluginManage:359 - Loaded plugin pinoutconfig (category:base,tabindex:0)
2024-03-28 23:41:53,687 [INFO] PluginManage:310 - Check plugin power
2024-03-28 23:41:53,692 [INFO] PluginManage:359 - Loaded plugin power (category:power,tabindex:4)
2024-03-28 23:41:53,693 [INFO] PluginManage:310 - Check plugin projectmanager
2024-03-28 23:41:53,703 [INFO] PluginManage:359 - Loaded plugin projectmanager (category:projectmanager,tabindex:3)
2024-03-28 23:41:53,703 [INFO] PluginManage:310 - Check plugin thirdparty
2024-03-28 23:41:53,780 [INFO] PluginManage:359 - Loaded plugin thirdparty (category:base,tabindex:-1)
2024-03-28 23:41:53,780 [INFO] PluginManage:310 - Check plugin tools
2024-03-28 23:41:53,780 [WARN] IntegrityCheckThread:84 - waiting for thirdparty lock release [integrity check]
2024-03-28 23:41:53,781 [INFO] IntegrityCheckThread:86 - entering critical section [integrity check]
2024-03-28 23:41:53,781 [INFO] ThirdPartyUpdaterWithRetryManager:70 - Updater plugin not ready yet. [1/15]
2024-03-28 23:41:53,782 [INFO] PluginManage:359 - Loaded plugin tools (category:base,tabindex:7)
2024-03-28 23:41:53,782 [INFO] PluginManage:310 - Check plugin tutovideos
2024-03-28 23:41:53,883 [INFO] PluginManage:359 - Loaded plugin tutovideos (category:base,tabindex:-1)
2024-03-28 23:41:53,883 [INFO] PluginManage:310 - Check plugin updater
2024-03-28 23:41:53,889 [INFO] PluginManage:359 - Loaded plugin updater (category:base,tabindex:12)
2024-03-28 23:41:53,889 [INFO] PluginManage:310 - Check plugin userauth
2024-03-28 23:41:53,892 [INFO] UserAuth:114 - Init User Auth plugin
2024-03-28 23:41:53,892 [INFO] PluginManage:359 - Loaded plugin userauth (category:base,tabindex:14)
2024-03-28 23:41:53,893 [INFO] PluginManage:283 - PluginManage : Loaded plugins [17]
2024-03-28 23:41:54,035 [INFO] PinOutPanel:1499 - setPackage(No Configuration,No Configuration)
2024-03-28 23:41:54,079 [INFO] CADModel:165 - CPN selected for project level
2024-03-28 23:41:54,079 [INFO] CADModel:114 - Register for checkConnection events
2024-03-28 23:41:54,088 [INFO] IPUIPlugin:80 - create IPUIPlugin
2024-03-28 23:41:54,089 [INFO] PluginManager:220 - loadIPPluginJar : add adc
2024-03-28 23:41:54,090 [INFO] IPUIPlugin:80 - create IPUIPlugin
2024-03-28 23:41:54,090 [INFO] PluginManager:220 - loadIPPluginJar : add aes
2024-03-28 23:41:54,091 [INFO] IPUIPlugin:80 - create IPUIPlugin
2024-03-28 23:41:54,091 [INFO] PluginManager:220 - loadIPPluginJar : add can
2024-03-28 23:41:54,092 [INFO] IPUIPlugin:80 - create IPUIPlugin
2024-03-28 23:41:54,092 [INFO] PluginManager:220 - loadIPPluginJar : add comp
2024-03-28 23:41:54,094 [INFO] IPUIPlugin:80 - create IPUIPlugin
2024-03-28 23:41:54,094 [INFO] PluginManager:220 - loadIPPluginJar : add cryp
2024-03-28 23:41:54,095 [INFO] IPUIPlugin:80 - create IPUIPlugin
2024-03-28 23:41:54,095 [INFO] PluginManager:220 - loadIPPluginJar : add dfsdm
2024-03-28 23:41:54,099 [INFO] IPUIPlugin:80 - create IPUIPlugin
2024-03-28 23:41:54,099 [INFO] PluginManager:220 - loadIPPluginJar : add dma
2024-03-28 23:41:54,100 [INFO] IPUIPlugin:80 - create IPUIPlugin
2024-03-28 23:41:54,100 [INFO] PluginManager:220 - loadIPPluginJar : add dma3
2024-03-28 23:41:54,101 [INFO] IPUIPlugin:80 - create IPUIPlugin
2024-03-28 23:41:54,101 [INFO] PluginManager:220 - loadIPPluginJar : add fatfs
2024-03-28 23:41:54,104 [INFO] IPUIPlugin:80 - create IPUIPlugin
2024-03-28 23:41:54,104 [INFO] PluginManager:220 - loadIPPluginJar : add fmc
2024-03-28 23:41:54,107 [INFO] IPUIPlugin:80 - create IPUIPlugin
2024-03-28 23:41:54,107 [INFO] PluginManager:220 - loadIPPluginJar : add freertos
2024-03-28 23:41:54,108 [INFO] IPUIPlugin:80 - create IPUIPlugin
2024-03-28 23:41:54,108 [INFO] PluginManager:220 - loadIPPluginJar : add genericplugin
2024-03-28 23:41:54,109 [INFO] IPUIPlugin:80 - create IPUIPlugin
2024-03-28 23:41:54,109 [INFO] PluginManager:220 - loadIPPluginJar : add gfxmmu
2024-03-28 23:41:54,112 [INFO] IPUIPlugin:80 - create IPUIPlugin
2024-03-28 23:41:54,112 [INFO] PluginManager:220 - loadIPPluginJar : add gic
2024-03-28 23:41:54,115 [INFO] IPUIPlugin:80 - create IPUIPlugin
2024-03-28 23:41:54,115 [INFO] PluginManager:220 - loadIPPluginJar : add gpio
2024-03-28 23:41:54,117 [INFO] IPUIPlugin:80 - create IPUIPlugin
2024-03-28 23:41:54,117 [INFO] PluginManager:220 - loadIPPluginJar : add gtzc
2024-03-28 23:41:54,119 [INFO] IPUIPlugin:80 - create IPUIPlugin
2024-03-28 23:41:54,119 [INFO] PluginManager:220 - loadIPPluginJar : add hash
2024-03-28 23:41:54,121 [INFO] IPUIPlugin:80 - create IPUIPlugin
2024-03-28 23:41:54,121 [INFO] PluginManager:220 - loadIPPluginJar : add i2c
2024-03-28 23:41:54,122 [INFO] IPUIPlugin:80 - create IPUIPlugin
2024-03-28 23:41:54,123 [INFO] PluginManager:220 - loadIPPluginJar : add i2s
2024-03-28 23:41:54,124 [INFO] IPUIPlugin:80 - create IPUIPlugin
2024-03-28 23:41:54,124 [INFO] PluginManager:220 - loadIPPluginJar : add i3c
2024-03-28 23:41:54,126 [INFO] IPUIPlugin:80 - create IPUIPlugin
2024-03-28 23:41:54,126 [INFO] PluginManager:220 - loadIPPluginJar : add ipddr
2024-03-28 23:41:54,131 [INFO] IPUIPlugin:80 - create IPUIPlugin
2024-03-28 23:41:54,131 [INFO] PluginManager:220 - loadIPPluginJar : add linkedlist
2024-03-28 23:41:54,133 [INFO] IPUIPlugin:80 - create IPUIPlugin
2024-03-28 23:41:54,133 [INFO] PluginManager:220 - loadIPPluginJar : add lorawan
2024-03-28 23:41:54,134 [INFO] IPUIPlugin:80 - create IPUIPlugin
2024-03-28 23:41:54,134 [INFO] PluginManager:220 - loadIPPluginJar : add ltdc
2024-03-28 23:41:54,137 [INFO] IPUIPlugin:80 - create IPUIPlugin
2024-03-28 23:41:54,137 [INFO] PluginManager:220 - loadIPPluginJar : add mdma
2024-03-28 23:41:54,139 [INFO] IPUIPlugin:80 - create IPUIPlugin
2024-03-28 23:41:54,139 [INFO] PluginManager:220 - loadIPPluginJar : add nvic
2024-03-28 23:41:54,141 [INFO] IPUIPlugin:80 - create IPUIPlugin
2024-03-28 23:41:54,141 [INFO] PluginManager:220 - loadIPPluginJar : add opamp
2024-03-28 23:41:54,142 [INFO] IPUIPlugin:80 - create IPUIPlugin
2024-03-28 23:41:54,142 [INFO] PluginManager:220 - loadIPPluginJar : add openamp
2024-03-28 23:41:54,144 [INFO] IPUIPlugin:80 - create IPUIPlugin
2024-03-28 23:41:54,144 [INFO] PluginManager:220 - loadIPPluginJar : add pdm2pcm
2024-03-28 23:41:54,148 [INFO] IPUIPlugin:80 - create IPUIPlugin
2024-03-28 23:41:54,149 [INFO] PluginManager:220 - loadIPPluginJar : add plateformsettings
2024-03-28 23:41:54,151 [INFO] IPUIPlugin:80 - create IPUIPlugin
2024-03-28 23:41:54,151 [INFO] PluginManager:220 - loadIPPluginJar : add quadspi
2024-03-28 23:41:54,153 [INFO] IPUIPlugin:80 - create IPUIPlugin
2024-03-28 23:41:54,153 [INFO] PluginManager:220 - loadIPPluginJar : add resmgrutility
2024-03-28 23:41:54,155 [INFO] IPUIPlugin:80 - create IPUIPlugin
2024-03-28 23:41:54,155 [INFO] PluginManager:220 - loadIPPluginJar : add sai
2024-03-28 23:41:54,156 [INFO] IPUIPlugin:80 - create IPUIPlugin
2024-03-28 23:41:54,156 [INFO] PluginManager:220 - loadIPPluginJar : add spi
2024-03-28 23:41:54,159 [INFO] IPUIPlugin:80 - create IPUIPlugin
2024-03-28 23:41:54,159 [INFO] PluginManager:220 - loadIPPluginJar : add stm32_wpan
2024-03-28 23:41:54,160 [INFO] IPUIPlugin:80 - create IPUIPlugin
2024-03-28 23:41:54,160 [INFO] PluginManager:220 - loadIPPluginJar : add tim
2024-03-28 23:41:54,162 [INFO] IPUIPlugin:80 - create IPUIPlugin
2024-03-28 23:41:54,162 [INFO] PluginManager:220 - loadIPPluginJar : add touchsensing
2024-03-28 23:41:54,163 [INFO] IPUIPlugin:80 - create IPUIPlugin
2024-03-28 23:41:54,163 [INFO] PluginManager:220 - loadIPPluginJar : add tracer_emb
2024-03-28 23:41:54,165 [INFO] IPUIPlugin:80 - create IPUIPlugin
2024-03-28 23:41:54,165 [INFO] PluginManager:220 - loadIPPluginJar : add ts
2024-03-28 23:41:54,165 [INFO] IPUIPlugin:80 - create IPUIPlugin
2024-03-28 23:41:54,166 [INFO] PluginManager:220 - loadIPPluginJar : add tsc
2024-03-28 23:41:54,167 [INFO] IPUIPlugin:80 - create IPUIPlugin
2024-03-28 23:41:54,167 [INFO] PluginManager:220 - loadIPPluginJar : add ucpd
2024-03-28 23:41:54,168 [INFO] IPUIPlugin:80 - create IPUIPlugin
2024-03-28 23:41:54,168 [INFO] PluginManager:220 - loadIPPluginJar : add usart
2024-03-28 23:41:54,170 [INFO] IPUIPlugin:80 - create IPUIPlugin
2024-03-28 23:41:54,170 [INFO] PluginManager:220 - loadIPPluginJar : add usbx
2024-03-28 23:41:54,286 [INFO] CADModel:165 - CPN selected for project level
2024-03-28 23:41:54,286 [INFO] CADModel:114 - Register for checkConnection events
2024-03-28 23:41:54,287 [FATAL] Updater:308 - Updater called before beeing initialized
2024-03-28 23:41:54,287 [ERROR] CADModel:125 - Updater not yet initialized, retry later 
2024-03-28 23:41:54,377 [INFO] CADModel:165 - CPN selected for project level
2024-03-28 23:41:54,377 [INFO] CADModel:114 - Register for checkConnection events
2024-03-28 23:41:54,377 [FATAL] Updater:308 - Updater called before beeing initialized
2024-03-28 23:41:54,377 [ERROR] CADModel:125 - Updater not yet initialized, retry later 
2024-03-28 23:41:54,379 [FATAL] Updater:308 - Updater called before beeing initialized
2024-03-28 23:41:54,446 [FATAL] Updater:308 - Updater called before beeing initialized
2024-03-28 23:41:54,450 [INFO] DbMcusAds:53 - JSON generation date=Wed Nov 29 19:52:27 KST 2023 (1701255147349)
2024-03-28 23:41:54,450 [FATAL] Updater:308 - Updater called before beeing initialized
2024-03-28 23:41:54,475 [WARN] DetailPanel:346 - Failed to get advertising image, set to default
2024-03-28 23:41:54,551 [FATAL] Updater:308 - Updater called before beeing initialized
2024-03-28 23:41:54,552 [FATAL] Updater:308 - Updater called before beeing initialized
2024-03-28 23:41:54,552 [FATAL] Updater:308 - Updater called before beeing initialized
2024-03-28 23:41:54,552 [WARN] DetailPanel:346 - Failed to get advertising image, set to default
2024-03-28 23:41:54,553 [FATAL] Updater:308 - Updater called before beeing initialized
2024-03-28 23:41:54,588 [ERROR] Updater:1120 - MainUpdater not yet initialized. External WinMGr cannot be set.
2024-03-28 23:41:54,590 [INFO] Updater:1056 - Updater Version found : 6.10.0
2024-03-28 23:41:54,620 [INFO] ApplicationProperties:184 - Using Application install path: C:\ST\STM32CubeIDE_1.14.1\STM32CubeIDE\plugins\com.st.stm32cube.common.mx_6.10.0.202311202037
2024-03-28 23:41:56,249 [ERROR] LogOutputStream:75 - [STDERR_REDIRECT] Mar 28, 2024 11:41:56 PM java.util.prefs.WindowsPreferences <init>
2024-03-28 23:41:56,250 [ERROR] LogOutputStream:75 - [STDERR_REDIRECT] WARNING: Could not open/create prefs root node Software\JavaSoft\Prefs at root 0xffffffff80000002. Windows RegCreateKeyEx(...) returned error code 5.
2024-03-28 23:41:56,250 [ERROR] LogOutputStream:75 - [STDERR_REDIRECT] 
2024-03-28 23:41:56,783 [INFO] ThirdPartyUpdaterWithRetryManager:70 - Updater plugin not ready yet. [2/15]
2024-03-28 23:41:57,025 [INFO] MainUpdater:2873 - connection check result : 10
2024-03-28 23:41:57,026 [INFO] MainUpdater:290 - Updater Check For Update Now.
2024-03-28 23:41:57,026 [INFO] MicroXplorer:498 - Change Database Version : DB.6.0.100
2024-03-28 23:41:57,029 [INFO] McuFinderGlobals:63 - Set McuFinder mode to 2 (CubeIDE integrated)
2024-03-28 23:41:57,182 [INFO] CheckServerUpdateThread:120 - End of CheckServer Thread
2024-03-28 23:41:57,229 [INFO] UserAuth:404 - Internet connection configuration mode: 1
2024-03-28 23:41:57,236 [INFO] JxBrowserEngine:152 - Initiate JxBrowser Engine with user profile folder
2024-03-28 23:41:57,572 [INFO] WebApp:161 - Instantiating new browser for Auth
2024-03-28 23:41:57,913 [INFO] WebApp:780 - Register for checkConnection events
2024-03-28 23:41:57,913 [INFO] WebApp:414 - Apply proxy settings
2024-03-28 23:41:57,913 [INFO] WebApp:499 - Chromium requires no authentication
2024-03-28 23:41:57,917 [INFO] WebApp:442 - Direct internet connection detected
2024-03-28 23:41:58,005 [INFO] WebApp:192 - Starting web application
2024-03-28 23:41:58,005 [INFO] WebApp:544 - Web application path used C:\ST\STM32CubeIDE_1.14.1\STM32CubeIDE\plugins\com.st.stm32cube.common.mx_6.10.0.202311202037\db\plugins\mcufinder\reactClient1\index.html
2024-03-28 23:41:59,901 [WARN] PackLoader:240 - Cannot read IP mode file for STMicroelectronics.X-CUBE-SMBUS.2.1.0
2024-03-28 23:41:59,906 [WARN] PackLoader:240 - Cannot read IP mode file for STMicroelectronics.X-CUBE-TOUCHGFX.4.23.1
2024-03-28 23:41:59,909 [WARN] PackLoader:240 - Cannot read IP mode file for STMicroelectronics.X-CUBE-TOUCHGFX.4.23.0
2024-03-28 23:41:59,930 [WARN] PackLoader:240 - Cannot read IP mode file for STMicroelectronics.X-CUBE-AZRTOS-F7.1.1.0
2024-03-28 23:41:59,938 [WARN] PackLoader:240 - Cannot read IP mode file for STMicroelectronics.FP-SNS-MOTENV1.4.3.2
2024-03-28 23:41:59,943 [WARN] PackLoader:240 - Cannot read IP mode file for STMicroelectronics.FP-SNS-FLIGHT1.5.0.2
2024-03-28 23:41:59,949 [WARN] PackLoader:240 - Cannot read IP mode file for STMicroelectronics.X-CUBE-DISPLAY.3.0.0
2024-03-28 23:41:59,961 [WARN] PackLoader:240 - Cannot read IP mode file for STMicroelectronics.X-CUBE-BLE1.7.0.0
2024-03-28 23:41:59,966 [WARN] PackLoader:240 - Cannot read IP mode file for emotas.I-CUBE-CANOPEN.1.3.0
2024-03-28 23:41:59,976 [WARN] PackLoader:240 - Cannot read IP mode file for STMicroelectronics.X-CUBE-BLEMGR.3.1.0
2024-03-28 23:41:59,982 [WARN] PackLoader:240 - Cannot read IP mode file for STMicroelectronics.FP-SNS-SMARTAG2.1.2.0
2024-03-28 23:41:59,993 [INFO] LogOutputStream:77 - [STDOUT_REDIRECT] 1 : Invalid condition id : UX_CORESTACK_Condition cause : null
2024-03-28 23:41:59,994 [INFO] LogOutputStream:77 - [STDOUT_REDIRECT] 1 : Invalid condition id : UX_CORESTACK_Condition cause : null
2024-03-28 23:41:59,994 [INFO] LogOutputStream:77 - [STDOUT_REDIRECT] 1 : Invalid condition id : UX_CORESTACK_Condition cause : null
2024-03-28 23:41:59,996 [INFO] LogOutputStream:77 - [STDOUT_REDIRECT] 1 : Invalid condition id : UX_CORESTACK_Condition cause : null
2024-03-28 23:41:59,996 [INFO] LogOutputStream:77 - [STDOUT_REDIRECT] 1 : Invalid condition id : UX_CORESTACK_Condition cause : null
2024-03-28 23:41:59,999 [WARN] PackLoader:240 - Cannot read IP mode file for STMicroelectronics.X-CUBE-AZRTOS-WL.2.0.0
2024-03-28 23:42:00,003 [WARN] PackLoader:240 - Cannot read IP mode file for STMicroelectronics.FP-SNS-MOTENV1.5.0.0
2024-03-28 23:42:00,012 [WARN] PackLoader:240 - Cannot read IP mode file for WES.I-CUBE-Cesium.1.3.0
2024-03-28 23:42:00,017 [WARN] PackLoader:240 - Cannot read IP mode file for STMicroelectronics.X-CUBE-BLE2.3.3.0
2024-03-28 23:42:00,023 [WARN] PackLoader:240 - Cannot read IP mode file for STMicroelectronics.X-CUBE-ALGOBUILD.1.3.0
2024-03-28 23:42:00,036 [WARN] PackLoader:240 - Cannot read IP mode file for STMicroelectronics.X-CUBE-AZRTOS-G0.1.1.0
2024-03-28 23:42:00,042 [WARN] PackLoader:240 - Cannot read IP mode file for STMicroelectronics.X-CUBE-SAFEA1.1.2.2
2024-03-28 23:42:00,048 [WARN] PackLoader:240 - Cannot read IP mode file for STMicroelectronics.X-CUBE-NFC4.3.0.0
2024-03-28 23:42:00,050 [WARN] PackLoader:240 - Cannot read IP mode file for STMicroelectronics.FP-ATR-SIGFOX1.3.2.0
2024-03-28 23:42:00,054 [WARN] PackLoader:240 - Cannot read IP mode file for STMicroelectronics.X-CUBE-EEPRMA1.5.1.0
2024-03-28 23:42:00,084 [WARN] PackLoader:240 - Cannot read IP mode file for SEGGER.I-CUBE-embOS.1.3.1
2024-03-28 23:42:00,119 [WARN] PackLoader:240 - Cannot read IP mode file for STMicroelectronics.X-CUBE-GNSS1.6.0.0
2024-03-28 23:42:00,129 [WARN] PackLoader:240 - Cannot read IP mode file for STMicroelectronics.X-CUBE-AZRTOS-F4.1.1.0
2024-03-28 23:42:00,134 [WARN] PackLoader:240 - Cannot read IP mode file for wolfSSL.I-CUBE-wolfSSL.5.6.6
2024-03-28 23:42:00,145 [WARN] PackLoader:240 - Cannot read IP mode file for STMicroelectronics.X-CUBE-AZRTOS-L5.2.0.0
2024-03-28 23:42:00,152 [WARN] PackLoader:240 - Cannot read IP mode file for STMicroelectronics.X-CUBE-NFC6.3.1.0
2024-03-28 23:42:00,157 [WARN] PackLoader:240 - Cannot read IP mode file for ITTIA_DB.I-CUBE-ITTIADB.8.8.0
2024-03-28 23:42:00,160 [WARN] PackLoader:240 - Cannot read IP mode file for STMicroelectronics.X-CUBE-NFC7.1.0.1
2024-03-28 23:42:00,165 [WARN] PackLoader:240 - Cannot read IP mode file for STMicroelectronics.X-CUBE-NFC6.3.0.0
2024-03-28 23:42:00,169 [WARN] PackLoader:240 - Cannot read IP mode file for STMicroelectronics.X-CUBE-AI.8.1.0
2024-03-28 23:42:00,178 [WARN] ConditionMgr:438 - getConditionDescription Invalid condition id : LAN8742 Phy interface Condition cause : null
2024-03-28 23:42:00,179 [WARN] PackLoader:240 - Cannot read IP mode file for STMicroelectronics.X-CUBE-AZRTOS-L4.2.0.0
2024-03-28 23:42:00,180 [WARN] ConditionMgr:1039 - genDependencies : Invalid condition id : LAN8742 Phy interface Condition cause : null
2024-03-28 23:42:00,180 [WARN] ConditionMgr:1039 - genDependencies : Invalid condition id : LAN8742 Phy interface Condition cause : null
2024-03-28 23:42:00,180 [WARN] ConditionMgr:1039 - genDependencies : Invalid condition id : LAN8742 Phy interface Condition cause : null
2024-03-28 23:42:00,184 [WARN] PackLoader:240 - Cannot read IP mode file for STMicroelectronics.X-CUBE-SFXS2LP1.4.0.0
2024-03-28 23:42:00,190 [WARN] ConditionMgr:438 - getConditionDescription Invalid condition id : UX DEVICE CLASS RTOS Condition cause : null
2024-03-28 23:42:00,191 [WARN] ConditionMgr:438 - getConditionDescription Invalid condition id : UX DEVICE CLASS RTOS Condition cause : null
2024-03-28 23:42:00,192 [WARN] PackLoader:240 - Cannot read IP mode file for STMicroelectronics.X-CUBE-AZRTOS-WB.2.0.0
2024-03-28 23:42:00,192 [WARN] ConditionMgr:1039 - genDependencies : Invalid condition id : UX DEVICE CLASS RTOS Condition cause : null
2024-03-28 23:42:00,192 [WARN] ConditionMgr:1039 - genDependencies : Invalid condition id : UX DEVICE CLASS RTOS Condition cause : null
2024-03-28 23:42:00,192 [WARN] ConditionMgr:1039 - genDependencies : Invalid condition id : UX DEVICE CLASS RTOS Condition cause : null
2024-03-28 23:42:00,193 [WARN] ConditionMgr:1039 - genDependencies : Invalid condition id : UX DEVICE CLASS RTOS Condition cause : null
2024-03-28 23:42:00,193 [WARN] ConditionMgr:1039 - genDependencies : Invalid condition id : UX DEVICE CLASS RTOS Condition cause : null
2024-03-28 23:42:00,200 [WARN] PackLoader:240 - Cannot read IP mode file for STMicroelectronics.X-CUBE-SUBG2.5.0.0
2024-03-28 23:42:00,212 [WARN] PackLoader:240 - Cannot read IP mode file for STMicroelectronics.X-CUBE-AZRTOS-G4.2.0.0
2024-03-28 23:42:00,225 [WARN] PackLoader:240 - Cannot read IP mode file for Infineon.AIROC-Wi-Fi-Bluetooth-STM32.1.5.1
2024-03-28 23:42:00,233 [WARN] PackLoader:240 - Cannot read IP mode file for STMicroelectronics.FP-SNS-MOTENVWB1.1.3.1
2024-03-28 23:42:00,237 [WARN] PackLoader:240 - Cannot read IP mode file for STMicroelectronics.X-CUBE-ISPU.2.0.0
2024-03-28 23:42:00,274 [WARN] PackLoader:240 - Cannot read IP mode file for STMicroelectronics.X-CUBE-MEMS1.10.0.0
2024-03-28 23:42:00,378 [WARN] PackLoader:240 - Cannot read IP mode file for STMicroelectronics.X-CUBE-FREERTOS.1.1.0
2024-03-28 23:42:00,381 [WARN] PackLoader:240 - Cannot read IP mode file for portGmbH.I-Cube-SoM-uGOAL.1.1.0
2024-03-28 23:42:00,383 [WARN] PackLoader:240 - Cannot read IP mode file for STMicroelectronics.X-CUBE-ALS.1.0.1
2024-03-28 23:42:00,386 [WARN] PackLoader:240 - Cannot read IP mode file for STMicroelectronics.FP-ATR-ASTRA1.2.0.0
2024-03-28 23:42:00,393 [WARN] PackLoader:240 - Cannot read IP mode file for STMicroelectronics.X-CUBE-TOF1.3.4.1
2024-03-28 23:42:00,412 [WARN] PackLoader:240 - Cannot read IP mode file for STMicroelectronics.X-CUBE-AZRTOS-H7.3.2.0
2024-03-28 23:42:00,415 [INFO] ThirdParty:978 - Integrity check success = true
2024-03-28 23:42:00,415 [INFO] IntegrityCheckThread:100 - exiting critical section [integrity check]
2024-03-28 23:42:00,415 [INFO] IntegrityCheckThread:103 - End integrity checks thread
2024-03-28 23:42:18,394 [ERROR] LogOutputStream:75 - [STDERR_REDIRECT] SLF4J: Failed to load class "org.slf4j.impl.StaticLoggerBinder".
2024-03-28 23:42:18,394 [ERROR] LogOutputStream:75 - [STDERR_REDIRECT] SLF4J: Defaulting to no-operation (NOP) logger implementation
2024-03-28 23:42:18,395 [ERROR] LogOutputStream:75 - [STDERR_REDIRECT] SLF4J: See http://www.slf4j.org/codes.html#StaticLoggerBinder for further details.
