2024-03-24 00:08:25,846 [INFO] Activator:176 - 


2024-03-24 00:08:25,851 [INFO] Activator:177 - !SESSION log4j initialized
2024-03-24 00:08:30,369 [INFO] LogOutputStream:77 - [STDOUT_REDIRECT] 
2024-03-24 00:08:37,145 [INFO] ApplicationProperties:184 - Using Application install path: C:\ST\STM32CubeIDE_1.14.1\STM32CubeIDE\plugins\com.st.stm32cube.common.mx_6.10.0.202311202037
2024-03-24 00:08:37,156 [INFO] DbMcusXml:78 - Set database path to: C:\ST\STM32CubeIDE_1.14.1\STM32CubeIDE\plugins\com.st.stm32cube.common.mx_6.10.0.202311202037\\db\/mcu/
2024-03-24 00:08:37,156 [INFO] ApiDb:274 - Set plugin database path to: C:\ST\STM32CubeIDE_1.14.1\STM32CubeIDE\plugins\com.st.stm32cube.common.mx_6.10.0.202311202037\\db\/plugins/boardmanager/
2024-03-24 00:08:37,157 [WARN] ApiDb:259 - Overriding images path with different value:  => C:\ST\STM32CubeIDE_1.14.1\STM32CubeIDE\plugins\com.st.stm32cube.common.mx_6.10.0.202311202037\\db\/plugins/mcufinder/images/
2024-03-24 00:08:37,168 [INFO] ApiDb:250 - Set database path to: C:\Users\Min\.stmcufinder\plugins\mcufinder//mcu/
2024-03-24 00:08:37,169 [INFO] DbMcusAds:125 - Set database path to: C:\Users\Min\.stmcufinder\plugins\mcufinder//mcu/
2024-03-24 00:08:37,170 [INFO] CrossReferenceDbSqlite:203 - Set database path to: C:\Users\Min\.stmcufinder\plugins\mcufinder//mcu/cs/
2024-03-24 00:08:37,252 [INFO] RulesReader:64 - Compatibility file has been processed (297 Rules)
2024-03-24 00:08:37,326 [INFO] DbMcusXml:78 - Set database path to: C:\ST\STM32CubeIDE_1.14.1\STM32CubeIDE\plugins\com.st.stm32cube.common.mx_6.10.0.202311202037\\db\/mcu/
2024-03-24 00:08:37,326 [INFO] ApiDb:274 - Set plugin database path to: C:\ST\STM32CubeIDE_1.14.1\STM32CubeIDE\plugins\com.st.stm32cube.common.mx_6.10.0.202311202037\\db\/plugins/boardmanager/
2024-03-24 00:08:37,326 [INFO] ApiDb:261 - Set plugin images path to: C:\ST\STM32CubeIDE_1.14.1\STM32CubeIDE\plugins\com.st.stm32cube.common.mx_6.10.0.202311202037\\db\/plugins/mcufinder/images/
2024-03-24 00:08:37,327 [WARN] DbFile:41 - Overriding database path with different value: C:\Users\Min\.stmcufinder\plugins\mcufinder/ => C:\Users\Min\.stmcufinder\plugins\mcufinder
2024-03-24 00:08:37,327 [INFO] ApiDb:250 - Set database path to: C:\Users\Min\.stmcufinder\plugins\mcufinder//mcu/
2024-03-24 00:08:37,327 [WARN] DbFile:41 - Overriding database path with different value: C:\Users\Min\.stmcufinder\plugins\mcufinder/ => C:\Users\Min\.stmcufinder\plugins\mcufinder
2024-03-24 00:08:37,327 [INFO] DbMcusAds:125 - Set database path to: C:\Users\Min\.stmcufinder\plugins\mcufinder//mcu/
2024-03-24 00:08:37,327 [WARN] DbFile:41 - Overriding database path with different value: C:\Users\Min\.stmcufinder\plugins\mcufinder/ => C:\Users\Min\.stmcufinder\plugins\mcufinder
2024-03-24 00:08:37,327 [WARN] DbFile:41 - Overriding database path with different value: C:\Users\Min\.stmcufinder\plugins\mcufinder/ => C:\Users\Min\.stmcufinder\plugins\mcufinder
2024-03-24 00:08:37,327 [INFO] CrossReferenceDbSqlite:203 - Set database path to: C:\Users\Min\.stmcufinder\plugins\mcufinder//mcu/cs/
2024-03-24 00:08:37,383 [INFO] MainPanel:264 - HeapMemory: 592445440
2024-03-24 00:08:37,446 [INFO] DbMcusXml:78 - Set database path to: C:\ST\STM32CubeIDE_1.14.1\STM32CubeIDE\plugins\com.st.stm32cube.common.mx_6.10.0.202311202037\\db\/mcu/
2024-03-24 00:08:37,446 [INFO] ApiDb:274 - Set plugin database path to: C:\ST\STM32CubeIDE_1.14.1\STM32CubeIDE\plugins\com.st.stm32cube.common.mx_6.10.0.202311202037\\db\/plugins/boardmanager/
2024-03-24 00:08:37,446 [INFO] ApiDb:261 - Set plugin images path to: C:\ST\STM32CubeIDE_1.14.1\STM32CubeIDE\plugins\com.st.stm32cube.common.mx_6.10.0.202311202037\\db\/plugins/mcufinder/images/
2024-03-24 00:08:37,446 [WARN] DbFile:41 - Overriding database path with different value: C:\Users\Min\.stmcufinder\plugins\mcufinder/ => C:\Users\Min\.stmcufinder\plugins\mcufinder
2024-03-24 00:08:37,446 [INFO] ApiDb:250 - Set database path to: C:\Users\Min\.stmcufinder\plugins\mcufinder//mcu/
2024-03-24 00:08:37,446 [WARN] DbFile:41 - Overriding database path with different value: C:\Users\Min\.stmcufinder\plugins\mcufinder/ => C:\Users\Min\.stmcufinder\plugins\mcufinder
2024-03-24 00:08:37,446 [INFO] DbMcusAds:125 - Set database path to: C:\Users\Min\.stmcufinder\plugins\mcufinder//mcu/
2024-03-24 00:08:37,446 [WARN] DbFile:41 - Overriding database path with different value: C:\Users\Min\.stmcufinder\plugins\mcufinder/ => C:\Users\Min\.stmcufinder\plugins\mcufinder
2024-03-24 00:08:37,447 [WARN] DbFile:41 - Overriding database path with different value: C:\Users\Min\.stmcufinder\plugins\mcufinder/ => C:\Users\Min\.stmcufinder\plugins\mcufinder
2024-03-24 00:08:37,447 [INFO] CrossReferenceDbSqlite:203 - Set database path to: C:\Users\Min\.stmcufinder\plugins\mcufinder//mcu/cs/
2024-03-24 00:08:37,459 [INFO] ApplicationProperties:184 - Using Application install path: C:\ST\STM32CubeIDE_1.14.1\STM32CubeIDE\plugins\com.st.stm32cube.common.mx_6.10.0.202311202037
2024-03-24 00:08:37,460 [INFO] PluginManage:196 - Search for loadable plugins [exclusion list=, ]
2024-03-24 00:08:37,461 [INFO] PluginManage:310 - Check plugin analytics
2024-03-24 00:08:42,563 [INFO] AnalyticsPlugin:253 - Accepted Software Licenses: STM32CubeMX.6.11.0
2024-03-24 00:08:42,563 [INFO] AnalyticsPlugin:255 - Accepted CMSIS Pack Licenses: 
2024-03-24 00:08:42,564 [INFO] AnalyticsPlugin:257 - Accepted Firmware Licenses: FW.L4.1.18.0
2024-03-24 00:08:42,566 [INFO] PluginManage:359 - Loaded plugin analytics (category:tool,tabindex:-1)
2024-03-24 00:08:42,566 [INFO] PluginManage:310 - Check plugin cadmodel
2024-03-24 00:08:42,581 [INFO] CADModel:105 - Init CAD model plugin
2024-03-24 00:08:42,581 [INFO] PluginManage:359 - Loaded plugin cadmodel (category:power,tabindex:5)
2024-03-24 00:08:42,581 [INFO] PluginManage:310 - Check plugin clock
2024-03-24 00:08:42,601 [INFO] PluginManage:359 - Loaded plugin clock (category:base,tabindex:2)
2024-03-24 00:08:42,601 [INFO] PluginManage:310 - Check plugin ddr
2024-03-24 00:08:42,603 [INFO] PluginManage:359 - Loaded plugin ddr (category:tool,tabindex:6)
2024-03-24 00:08:42,603 [INFO] PluginManage:310 - Check plugin filemanager
2024-03-24 00:08:42,741 [INFO] PluginManage:359 - Loaded plugin filemanager (category:base,tabindex:10)
2024-03-24 00:08:42,741 [INFO] PluginManage:310 - Check plugin ipmanager
2024-03-24 00:08:42,747 [INFO] PluginManage:359 - Loaded plugin ipmanager (category:base,tabindex:5)
2024-03-24 00:08:42,749 [INFO] PluginManage:310 - Check plugin lpbam
2024-03-24 00:08:42,766 [INFO] PluginManage:359 - Loaded plugin lpbam (category:base,tabindex:0)
2024-03-24 00:08:42,766 [INFO] PluginManage:310 - Check plugin memorymap
2024-03-24 00:08:42,788 [INFO] PluginManage:359 - Loaded plugin memorymap (category:base,tabindex:4)
2024-03-24 00:08:42,788 [INFO] PluginManage:310 - Check plugin pinoutandconfiguration
2024-03-24 00:08:42,805 [INFO] PluginManage:359 - Loaded plugin pinoutandconfiguration (category:base,tabindex:1)
2024-03-24 00:08:42,805 [INFO] PluginManage:310 - Check plugin pinoutconfig
2024-03-24 00:08:42,898 [WARN] SupportedApi:132 - Cannot load RTOS API schema: s4s-elt-must-match.1: The content of 'definitions' must match (annotation?, (simpleType | complexType)?, (unique | key | keyref)*)). A problem was found starting at: attribute.
2024-03-24 00:08:43,029 [INFO] PluginManage:359 - Loaded plugin pinoutconfig (category:base,tabindex:0)
2024-03-24 00:08:43,029 [INFO] PluginManage:310 - Check plugin power
2024-03-24 00:08:43,048 [INFO] PluginManage:359 - Loaded plugin power (category:power,tabindex:4)
2024-03-24 00:08:43,049 [INFO] PluginManage:310 - Check plugin projectmanager
2024-03-24 00:08:43,066 [INFO] PluginManage:359 - Loaded plugin projectmanager (category:projectmanager,tabindex:3)
2024-03-24 00:08:43,066 [INFO] PluginManage:310 - Check plugin thirdparty
2024-03-24 00:08:43,347 [INFO] PluginManage:359 - Loaded plugin thirdparty (category:base,tabindex:-1)
2024-03-24 00:08:43,347 [WARN] IntegrityCheckThread:84 - waiting for thirdparty lock release [integrity check]
2024-03-24 00:08:43,348 [INFO] PluginManage:310 - Check plugin tools
2024-03-24 00:08:43,348 [INFO] IntegrityCheckThread:86 - entering critical section [integrity check]
2024-03-24 00:08:43,348 [INFO] ThirdPartyUpdaterWithRetryManager:70 - Updater plugin not ready yet. [1/15]
2024-03-24 00:08:43,384 [INFO] PluginManage:359 - Loaded plugin tools (category:base,tabindex:7)
2024-03-24 00:08:43,384 [INFO] PluginManage:310 - Check plugin tutovideos
2024-03-24 00:08:43,552 [INFO] PluginManage:359 - Loaded plugin tutovideos (category:base,tabindex:-1)
2024-03-24 00:08:43,552 [INFO] PluginManage:310 - Check plugin updater
2024-03-24 00:08:43,562 [INFO] PluginManage:359 - Loaded plugin updater (category:base,tabindex:12)
2024-03-24 00:08:43,562 [INFO] PluginManage:310 - Check plugin userauth
2024-03-24 00:08:43,566 [INFO] UserAuth:114 - Init User Auth plugin
2024-03-24 00:08:43,566 [INFO] PluginManage:359 - Loaded plugin userauth (category:base,tabindex:14)
2024-03-24 00:08:43,566 [INFO] PluginManage:283 - PluginManage : Loaded plugins [17]
2024-03-24 00:08:43,769 [INFO] PinOutPanel:1499 - setPackage(No Configuration,No Configuration)
2024-03-24 00:08:43,826 [INFO] CADModel:165 - CPN selected for project level
2024-03-24 00:08:43,826 [INFO] CADModel:114 - Register for checkConnection events
2024-03-24 00:08:43,844 [INFO] IPUIPlugin:80 - create IPUIPlugin
2024-03-24 00:08:43,844 [INFO] PluginManager:220 - loadIPPluginJar : add adc
2024-03-24 00:08:43,867 [INFO] IPUIPlugin:80 - create IPUIPlugin
2024-03-24 00:08:43,867 [INFO] PluginManager:220 - loadIPPluginJar : add aes
2024-03-24 00:08:43,894 [INFO] IPUIPlugin:80 - create IPUIPlugin
2024-03-24 00:08:43,894 [INFO] PluginManager:220 - loadIPPluginJar : add can
2024-03-24 00:08:43,910 [INFO] IPUIPlugin:80 - create IPUIPlugin
2024-03-24 00:08:43,910 [INFO] PluginManager:220 - loadIPPluginJar : add comp
2024-03-24 00:08:43,932 [INFO] IPUIPlugin:80 - create IPUIPlugin
2024-03-24 00:08:43,932 [INFO] PluginManager:220 - loadIPPluginJar : add cryp
2024-03-24 00:08:43,951 [INFO] IPUIPlugin:80 - create IPUIPlugin
2024-03-24 00:08:43,951 [INFO] PluginManager:220 - loadIPPluginJar : add dfsdm
2024-03-24 00:08:43,962 [INFO] IPUIPlugin:80 - create IPUIPlugin
2024-03-24 00:08:43,962 [INFO] PluginManager:220 - loadIPPluginJar : add dma
2024-03-24 00:08:43,990 [INFO] IPUIPlugin:80 - create IPUIPlugin
2024-03-24 00:08:43,990 [INFO] PluginManager:220 - loadIPPluginJar : add dma3
2024-03-24 00:08:44,003 [INFO] IPUIPlugin:80 - create IPUIPlugin
2024-03-24 00:08:44,003 [INFO] PluginManager:220 - loadIPPluginJar : add fatfs
2024-03-24 00:08:44,037 [INFO] IPUIPlugin:80 - create IPUIPlugin
2024-03-24 00:08:44,037 [INFO] PluginManager:220 - loadIPPluginJar : add fmc
2024-03-24 00:08:44,048 [INFO] IPUIPlugin:80 - create IPUIPlugin
2024-03-24 00:08:44,048 [INFO] PluginManager:220 - loadIPPluginJar : add freertos
2024-03-24 00:08:44,062 [INFO] IPUIPlugin:80 - create IPUIPlugin
2024-03-24 00:08:44,063 [INFO] PluginManager:220 - loadIPPluginJar : add genericplugin
2024-03-24 00:08:44,129 [INFO] IPUIPlugin:80 - create IPUIPlugin
2024-03-24 00:08:44,129 [INFO] PluginManager:220 - loadIPPluginJar : add gfxmmu
2024-03-24 00:08:44,239 [INFO] IPUIPlugin:80 - create IPUIPlugin
2024-03-24 00:08:44,239 [INFO] PluginManager:220 - loadIPPluginJar : add gic
2024-03-24 00:08:44,253 [INFO] IPUIPlugin:80 - create IPUIPlugin
2024-03-24 00:08:44,253 [INFO] PluginManager:220 - loadIPPluginJar : add gpio
2024-03-24 00:08:44,338 [INFO] IPUIPlugin:80 - create IPUIPlugin
2024-03-24 00:08:44,339 [INFO] PluginManager:220 - loadIPPluginJar : add gtzc
2024-03-24 00:08:44,362 [INFO] IPUIPlugin:80 - create IPUIPlugin
2024-03-24 00:08:44,362 [INFO] PluginManager:220 - loadIPPluginJar : add hash
2024-03-24 00:08:44,410 [INFO] IPUIPlugin:80 - create IPUIPlugin
2024-03-24 00:08:44,410 [INFO] PluginManager:220 - loadIPPluginJar : add i2c
2024-03-24 00:08:44,443 [INFO] IPUIPlugin:80 - create IPUIPlugin
2024-03-24 00:08:44,443 [INFO] PluginManager:220 - loadIPPluginJar : add i2s
2024-03-24 00:08:44,474 [INFO] IPUIPlugin:80 - create IPUIPlugin
2024-03-24 00:08:44,474 [INFO] PluginManager:220 - loadIPPluginJar : add i3c
2024-03-24 00:08:44,561 [INFO] IPUIPlugin:80 - create IPUIPlugin
2024-03-24 00:08:44,561 [INFO] PluginManager:220 - loadIPPluginJar : add ipddr
2024-03-24 00:08:44,622 [INFO] IPUIPlugin:80 - create IPUIPlugin
2024-03-24 00:08:44,622 [INFO] PluginManager:220 - loadIPPluginJar : add linkedlist
2024-03-24 00:08:44,643 [INFO] IPUIPlugin:80 - create IPUIPlugin
2024-03-24 00:08:44,644 [INFO] PluginManager:220 - loadIPPluginJar : add lorawan
2024-03-24 00:08:44,666 [INFO] IPUIPlugin:80 - create IPUIPlugin
2024-03-24 00:08:44,666 [INFO] PluginManager:220 - loadIPPluginJar : add ltdc
2024-03-24 00:08:44,676 [INFO] IPUIPlugin:80 - create IPUIPlugin
2024-03-24 00:08:44,676 [INFO] PluginManager:220 - loadIPPluginJar : add mdma
2024-03-24 00:08:44,684 [INFO] IPUIPlugin:80 - create IPUIPlugin
2024-03-24 00:08:44,684 [INFO] PluginManager:220 - loadIPPluginJar : add nvic
2024-03-24 00:08:44,708 [INFO] IPUIPlugin:80 - create IPUIPlugin
2024-03-24 00:08:44,708 [INFO] PluginManager:220 - loadIPPluginJar : add opamp
2024-03-24 00:08:44,747 [INFO] IPUIPlugin:80 - create IPUIPlugin
2024-03-24 00:08:44,747 [INFO] PluginManager:220 - loadIPPluginJar : add openamp
2024-03-24 00:08:44,773 [INFO] IPUIPlugin:80 - create IPUIPlugin
2024-03-24 00:08:44,774 [INFO] PluginManager:220 - loadIPPluginJar : add pdm2pcm
2024-03-24 00:08:44,783 [INFO] IPUIPlugin:80 - create IPUIPlugin
2024-03-24 00:08:44,785 [INFO] PluginManager:220 - loadIPPluginJar : add plateformsettings
2024-03-24 00:08:44,798 [INFO] IPUIPlugin:80 - create IPUIPlugin
2024-03-24 00:08:44,798 [INFO] PluginManager:220 - loadIPPluginJar : add quadspi
2024-03-24 00:08:44,806 [INFO] IPUIPlugin:80 - create IPUIPlugin
2024-03-24 00:08:44,806 [INFO] PluginManager:220 - loadIPPluginJar : add resmgrutility
2024-03-24 00:08:44,837 [INFO] IPUIPlugin:80 - create IPUIPlugin
2024-03-24 00:08:44,837 [INFO] PluginManager:220 - loadIPPluginJar : add sai
2024-03-24 00:08:44,863 [INFO] IPUIPlugin:80 - create IPUIPlugin
2024-03-24 00:08:44,863 [INFO] PluginManager:220 - loadIPPluginJar : add spi
2024-03-24 00:08:44,909 [INFO] IPUIPlugin:80 - create IPUIPlugin
2024-03-24 00:08:44,910 [INFO] PluginManager:220 - loadIPPluginJar : add stm32_wpan
2024-03-24 00:08:44,924 [INFO] IPUIPlugin:80 - create IPUIPlugin
2024-03-24 00:08:44,924 [INFO] PluginManager:220 - loadIPPluginJar : add tim
2024-03-24 00:08:44,957 [INFO] IPUIPlugin:80 - create IPUIPlugin
2024-03-24 00:08:44,957 [INFO] PluginManager:220 - loadIPPluginJar : add touchsensing
2024-03-24 00:08:44,970 [INFO] IPUIPlugin:80 - create IPUIPlugin
2024-03-24 00:08:44,970 [INFO] PluginManager:220 - loadIPPluginJar : add tracer_emb
2024-03-24 00:08:44,984 [INFO] IPUIPlugin:80 - create IPUIPlugin
2024-03-24 00:08:44,984 [INFO] PluginManager:220 - loadIPPluginJar : add ts
2024-03-24 00:08:44,996 [INFO] IPUIPlugin:80 - create IPUIPlugin
2024-03-24 00:08:44,996 [INFO] PluginManager:220 - loadIPPluginJar : add tsc
2024-03-24 00:08:45,008 [INFO] IPUIPlugin:80 - create IPUIPlugin
2024-03-24 00:08:45,008 [INFO] PluginManager:220 - loadIPPluginJar : add ucpd
2024-03-24 00:08:45,034 [INFO] IPUIPlugin:80 - create IPUIPlugin
2024-03-24 00:08:45,035 [INFO] PluginManager:220 - loadIPPluginJar : add usart
2024-03-24 00:08:45,062 [INFO] IPUIPlugin:80 - create IPUIPlugin
2024-03-24 00:08:45,062 [INFO] PluginManager:220 - loadIPPluginJar : add usbx
2024-03-24 00:08:45,172 [INFO] CADModel:165 - CPN selected for project level
2024-03-24 00:08:45,172 [INFO] CADModel:114 - Register for checkConnection events
2024-03-24 00:08:45,172 [FATAL] Updater:308 - Updater called before beeing initialized
2024-03-24 00:08:45,172 [ERROR] CADModel:125 - Updater not yet initialized, retry later 
2024-03-24 00:08:45,271 [INFO] CADModel:165 - CPN selected for project level
2024-03-24 00:08:45,271 [INFO] CADModel:114 - Register for checkConnection events
2024-03-24 00:08:45,272 [FATAL] Updater:308 - Updater called before beeing initialized
2024-03-24 00:08:45,272 [ERROR] CADModel:125 - Updater not yet initialized, retry later 
2024-03-24 00:08:45,273 [FATAL] Updater:308 - Updater called before beeing initialized
2024-03-24 00:08:45,344 [FATAL] Updater:308 - Updater called before beeing initialized
2024-03-24 00:08:45,351 [INFO] DbMcusAds:53 - JSON generation date=Wed Nov 29 19:52:27 KST 2023 (1701255147349)
2024-03-24 00:08:45,351 [FATAL] Updater:308 - Updater called before beeing initialized
2024-03-24 00:08:45,405 [WARN] DetailPanel:346 - Failed to get advertising image, set to default
2024-03-24 00:08:45,479 [FATAL] Updater:308 - Updater called before beeing initialized
2024-03-24 00:08:45,480 [FATAL] Updater:308 - Updater called before beeing initialized
2024-03-24 00:08:45,480 [FATAL] Updater:308 - Updater called before beeing initialized
2024-03-24 00:08:45,480 [WARN] DetailPanel:346 - Failed to get advertising image, set to default
2024-03-24 00:08:45,481 [FATAL] Updater:308 - Updater called before beeing initialized
2024-03-24 00:08:45,526 [ERROR] Updater:1120 - MainUpdater not yet initialized. External WinMGr cannot be set.
2024-03-24 00:08:45,533 [INFO] Updater:1056 - Updater Version found : 6.10.0
2024-03-24 00:08:45,546 [INFO] ApplicationProperties:184 - Using Application install path: C:\ST\STM32CubeIDE_1.14.1\STM32CubeIDE\plugins\com.st.stm32cube.common.mx_6.10.0.202311202037
2024-03-24 00:08:46,350 [INFO] ThirdPartyUpdaterWithRetryManager:70 - Updater plugin not ready yet. [2/15]
2024-03-24 00:08:47,120 [ERROR] LogOutputStream:75 - [STDERR_REDIRECT] Mar 24, 2024 12:08:47 AM java.util.prefs.WindowsPreferences <init>
2024-03-24 00:08:47,122 [ERROR] LogOutputStream:75 - [STDERR_REDIRECT] WARNING: Could not open/create prefs root node Software\JavaSoft\Prefs at root 0xffffffff80000002. Windows RegCreateKeyEx(...) returned error code 5.
2024-03-24 00:08:47,122 [ERROR] LogOutputStream:75 - [STDERR_REDIRECT] 
2024-03-24 00:08:47,149 [INFO] MainUpdater:526 - Copy updater definitions from MX database
2024-03-24 00:08:47,394 [INFO] MainUpdater:2873 - connection check result : 10
2024-03-24 00:08:47,395 [INFO] MainUpdater:3567 - Updater definition file requires update
2024-03-24 00:08:47,395 [INFO] MainUpdater:290 - Updater Check For Update Now.
2024-03-24 00:08:47,395 [INFO] MicroXplorer:498 - Change Database Version : DB.6.0.100
2024-03-24 00:08:47,407 [INFO] McuFinderGlobals:63 - Set McuFinder mode to 2 (CubeIDE integrated)
2024-03-24 00:08:47,440 [INFO] ServerAccessManage:473 - Download File updaters.zip
2024-03-24 00:08:47,470 [INFO] UserAuth:404 - Internet connection configuration mode: 1
2024-03-24 00:08:47,487 [INFO] JxBrowserEngine:152 - Initiate JxBrowser Engine with user profile folder
2024-03-24 00:08:47,543 [INFO] FileExtend:240 - Unzip File : updaters.zip
2024-03-24 00:08:47,543 [INFO] FileExtend:255 - Standard Zip Deflate
2024-03-24 00:08:47,923 [INFO] ServerAccessManage:473 - Download File PacksControlFlags.xml
2024-03-24 00:08:48,018 [INFO] ServerAccessManage:473 - Download File cubemx.pidx
2024-03-24 00:08:48,084 [INFO] LoadServerUpdatesThread:375 - End of LoadServerUpdate Thread
2024-03-24 00:08:48,226 [INFO] CheckServerUpdateThread:120 - End of CheckServer Thread
2024-03-24 00:08:49,593 [WARN] PackLoader:240 - Cannot read IP mode file for STMicroelectronics.X-CUBE-SMBUS.2.1.0
2024-03-24 00:08:49,607 [WARN] PackLoader:240 - Cannot read IP mode file for STMicroelectronics.X-CUBE-TOUCHGFX.4.23.0
2024-03-24 00:08:49,639 [WARN] PackLoader:240 - Cannot read IP mode file for STMicroelectronics.X-CUBE-AZRTOS-F7.1.1.0
2024-03-24 00:08:49,651 [WARN] PackLoader:240 - Cannot read IP mode file for STMicroelectronics.FP-SNS-MOTENV1.4.3.2
2024-03-24 00:08:49,661 [WARN] PackLoader:240 - Cannot read IP mode file for STMicroelectronics.FP-SNS-FLIGHT1.5.0.2
2024-03-24 00:08:49,678 [WARN] PackLoader:240 - Cannot read IP mode file for STMicroelectronics.X-CUBE-DISPLAY.3.0.0
2024-03-24 00:08:49,699 [WARN] PackLoader:240 - Cannot read IP mode file for STMicroelectronics.X-CUBE-BLE1.7.0.0
2024-03-24 00:08:49,713 [WARN] PackLoader:240 - Cannot read IP mode file for emotas.I-CUBE-CANOPEN.1.3.0
2024-03-24 00:08:49,731 [WARN] PackLoader:240 - Cannot read IP mode file for STMicroelectronics.X-CUBE-BLEMGR.3.1.0
2024-03-24 00:08:49,744 [WARN] PackLoader:240 - Cannot read IP mode file for STMicroelectronics.FP-SNS-SMARTAG2.1.2.0
2024-03-24 00:08:49,760 [INFO] LogOutputStream:77 - [STDOUT_REDIRECT] 1 : Invalid condition id : UX_CORESTACK_Condition cause : null
2024-03-24 00:08:49,760 [INFO] LogOutputStream:77 - [STDOUT_REDIRECT] 1 : Invalid condition id : UX_CORESTACK_Condition cause : null
2024-03-24 00:08:49,761 [INFO] LogOutputStream:77 - [STDOUT_REDIRECT] 1 : Invalid condition id : UX_CORESTACK_Condition cause : null
2024-03-24 00:08:49,762 [INFO] LogOutputStream:77 - [STDOUT_REDIRECT] 1 : Invalid condition id : UX_CORESTACK_Condition cause : null
2024-03-24 00:08:49,763 [INFO] LogOutputStream:77 - [STDOUT_REDIRECT] 1 : Invalid condition id : UX_CORESTACK_Condition cause : null
2024-03-24 00:08:49,765 [WARN] PackLoader:240 - Cannot read IP mode file for STMicroelectronics.X-CUBE-AZRTOS-WL.2.0.0
2024-03-24 00:08:49,777 [WARN] PackLoader:240 - Cannot read IP mode file for WES.I-CUBE-Cesium.1.3.0
2024-03-24 00:08:49,786 [WARN] PackLoader:240 - Cannot read IP mode file for STMicroelectronics.X-CUBE-BLE2.3.3.0
2024-03-24 00:08:49,797 [WARN] PackLoader:240 - Cannot read IP mode file for STMicroelectronics.X-CUBE-ALGOBUILD.1.3.0
2024-03-24 00:08:49,818 [WARN] PackLoader:240 - Cannot read IP mode file for STMicroelectronics.X-CUBE-AZRTOS-G0.1.1.0
2024-03-24 00:08:49,829 [INFO] WebApp:161 - Instantiating new browser for Auth
2024-03-24 00:08:49,829 [WARN] PackLoader:240 - Cannot read IP mode file for STMicroelectronics.X-CUBE-NFC4.3.0.0
2024-03-24 00:08:49,840 [WARN] PackLoader:240 - Cannot read IP mode file for STMicroelectronics.FP-ATR-SIGFOX1.3.2.0
2024-03-24 00:08:49,854 [WARN] PackLoader:240 - Cannot read IP mode file for STMicroelectronics.X-CUBE-EEPRMA1.5.1.0
2024-03-24 00:08:49,890 [WARN] PackLoader:240 - Cannot read IP mode file for SEGGER.I-CUBE-embOS.1.3.1
2024-03-24 00:08:49,931 [WARN] PackLoader:240 - Cannot read IP mode file for STMicroelectronics.X-CUBE-GNSS1.6.0.0
2024-03-24 00:08:49,952 [WARN] PackLoader:240 - Cannot read IP mode file for STMicroelectronics.X-CUBE-AZRTOS-F4.1.1.0
2024-03-24 00:08:49,963 [WARN] PackLoader:240 - Cannot read IP mode file for wolfSSL.I-CUBE-wolfSSL.5.6.6
2024-03-24 00:08:49,984 [WARN] PackLoader:240 - Cannot read IP mode file for STMicroelectronics.X-CUBE-AZRTOS-L5.2.0.0
2024-03-24 00:08:49,999 [WARN] PackLoader:240 - Cannot read IP mode file for STMicroelectronics.X-CUBE-NFC6.3.1.0
2024-03-24 00:08:50,012 [WARN] PackLoader:240 - Cannot read IP mode file for ITTIA_DB.I-CUBE-ITTIADB.8.8.0
2024-03-24 00:08:50,024 [WARN] PackLoader:240 - Cannot read IP mode file for STMicroelectronics.X-CUBE-NFC7.1.0.1
2024-03-24 00:08:50,037 [WARN] PackLoader:240 - Cannot read IP mode file for STMicroelectronics.X-CUBE-NFC6.3.0.0
2024-03-24 00:08:50,049 [WARN] PackLoader:240 - Cannot read IP mode file for STMicroelectronics.X-CUBE-AI.8.1.0
2024-03-24 00:08:50,072 [WARN] ConditionMgr:438 - getConditionDescription Invalid condition id : LAN8742 Phy interface Condition cause : null
2024-03-24 00:08:50,072 [WARN] PackLoader:240 - Cannot read IP mode file for STMicroelectronics.X-CUBE-AZRTOS-L4.2.0.0
2024-03-24 00:08:50,073 [WARN] ConditionMgr:1039 - genDependencies : Invalid condition id : LAN8742 Phy interface Condition cause : null
2024-03-24 00:08:50,073 [WARN] ConditionMgr:1039 - genDependencies : Invalid condition id : LAN8742 Phy interface Condition cause : null
2024-03-24 00:08:50,074 [WARN] ConditionMgr:1039 - genDependencies : Invalid condition id : LAN8742 Phy interface Condition cause : null
2024-03-24 00:08:50,085 [WARN] PackLoader:240 - Cannot read IP mode file for STMicroelectronics.X-CUBE-SFXS2LP1.4.0.0
2024-03-24 00:08:50,103 [WARN] ConditionMgr:438 - getConditionDescription Invalid condition id : UX DEVICE CLASS RTOS Condition cause : null
2024-03-24 00:08:50,103 [WARN] ConditionMgr:438 - getConditionDescription Invalid condition id : UX DEVICE CLASS RTOS Condition cause : null
2024-03-24 00:08:50,104 [WARN] PackLoader:240 - Cannot read IP mode file for STMicroelectronics.X-CUBE-AZRTOS-WB.2.0.0
2024-03-24 00:08:50,104 [WARN] ConditionMgr:1039 - genDependencies : Invalid condition id : UX DEVICE CLASS RTOS Condition cause : null
2024-03-24 00:08:50,104 [WARN] ConditionMgr:1039 - genDependencies : Invalid condition id : UX DEVICE CLASS RTOS Condition cause : null
2024-03-24 00:08:50,104 [WARN] ConditionMgr:1039 - genDependencies : Invalid condition id : UX DEVICE CLASS RTOS Condition cause : null
2024-03-24 00:08:50,105 [WARN] ConditionMgr:1039 - genDependencies : Invalid condition id : UX DEVICE CLASS RTOS Condition cause : null
2024-03-24 00:08:50,105 [WARN] ConditionMgr:1039 - genDependencies : Invalid condition id : UX DEVICE CLASS RTOS Condition cause : null
2024-03-24 00:08:50,120 [WARN] PackLoader:240 - Cannot read IP mode file for STMicroelectronics.X-CUBE-SUBG2.5.0.0
2024-03-24 00:08:50,142 [WARN] PackLoader:240 - Cannot read IP mode file for STMicroelectronics.X-CUBE-AZRTOS-G4.2.0.0
2024-03-24 00:08:50,157 [WARN] PackLoader:240 - Cannot read IP mode file for Infineon.AIROC-Wi-Fi-Bluetooth-STM32.1.5.1
2024-03-24 00:08:50,170 [WARN] PackLoader:240 - Cannot read IP mode file for STMicroelectronics.FP-SNS-MOTENVWB1.1.3.1
2024-03-24 00:08:50,182 [WARN] PackLoader:240 - Cannot read IP mode file for STMicroelectronics.X-CUBE-ISPU.2.0.0
2024-03-24 00:08:50,225 [WARN] PackLoader:240 - Cannot read IP mode file for STMicroelectronics.X-CUBE-MEMS1.10.0.0
2024-03-24 00:08:50,308 [WARN] PackLoader:240 - Cannot read IP mode file for STMicroelectronics.X-CUBE-FREERTOS.1.1.0
2024-03-24 00:08:50,318 [WARN] PackLoader:240 - Cannot read IP mode file for portGmbH.I-Cube-SoM-uGOAL.1.1.0
2024-03-24 00:08:50,328 [WARN] PackLoader:240 - Cannot read IP mode file for STMicroelectronics.X-CUBE-ALS.1.0.1
2024-03-24 00:08:50,337 [WARN] PackLoader:240 - Cannot read IP mode file for STMicroelectronics.FP-ATR-ASTRA1.2.0.0
2024-03-24 00:08:50,351 [WARN] PackLoader:240 - Cannot read IP mode file for STMicroelectronics.X-CUBE-TOF1.3.4.1
2024-03-24 00:08:50,367 [INFO] WebApp:780 - Register for checkConnection events
2024-03-24 00:08:50,367 [INFO] WebApp:414 - Apply proxy settings
2024-03-24 00:08:50,367 [INFO] WebApp:499 - Chromium requires no authentication
2024-03-24 00:08:50,375 [INFO] WebApp:442 - Direct internet connection detected
2024-03-24 00:08:50,383 [WARN] PackLoader:240 - Cannot read IP mode file for STMicroelectronics.X-CUBE-AZRTOS-H7.3.2.0
2024-03-24 00:08:50,385 [INFO] ThirdParty:978 - Integrity check success = true
2024-03-24 00:08:50,385 [INFO] IntegrityCheckThread:100 - exiting critical section [integrity check]
2024-03-24 00:08:50,385 [INFO] IntegrityCheckThread:103 - End integrity checks thread
2024-03-24 00:08:50,557 [INFO] WebApp:192 - Starting web application
2024-03-24 00:08:50,557 [INFO] WebApp:544 - Web application path used C:\ST\STM32CubeIDE_1.14.1\STM32CubeIDE\plugins\com.st.stm32cube.common.mx_6.10.0.202311202037\db\plugins\mcufinder\reactClient1\index.html
2024-03-24 00:09:11,145 [ERROR] LogOutputStream:75 - [STDERR_REDIRECT] SLF4J: Failed to load class "org.slf4j.impl.StaticLoggerBinder".
2024-03-24 00:09:11,146 [ERROR] LogOutputStream:75 - [STDERR_REDIRECT] SLF4J: Defaulting to no-operation (NOP) logger implementation
2024-03-24 00:09:11,147 [ERROR] LogOutputStream:75 - [STDERR_REDIRECT] SLF4J: See http://www.slf4j.org/codes.html#StaticLoggerBinder for further details.
2024-03-24 01:08:22,115 [INFO] WebApp:354 - JxBrowser engine has been closed 
2024-03-24 01:08:33,752 [ERROR] LogOutputStream:75 - [STDERR_REDIRECT] 
2024-03-24 11:19:42,731 [INFO] Activator:176 - 


2024-03-24 11:19:42,733 [INFO] Activator:177 - !SESSION log4j initialized
2024-03-24 11:19:46,628 [INFO] LogOutputStream:77 - [STDOUT_REDIRECT] 
