2024-03-22 20:54:25,108 [INFO] Activator:176 - 


2024-03-22 20:54:25,110 [INFO] Activator:177 - !SESSION log4j initialized
2024-03-22 20:54:27,470 [INFO] LogOutputStream:77 - [STDOUT_REDIRECT] 
2024-03-22 20:54:31,166 [INFO] ApplicationProperties:184 - Using Application install path: C:\ST\STM32CubeIDE_1.14.1\STM32CubeIDE\plugins\com.st.stm32cube.common.mx_6.10.0.202311202037
2024-03-22 20:54:31,181 [INFO] DbMcusXml:78 - Set database path to: C:\ST\STM32CubeIDE_1.14.1\STM32CubeIDE\plugins\com.st.stm32cube.common.mx_6.10.0.202311202037\\db\/mcu/
2024-03-22 20:54:31,181 [INFO] ApiDb:274 - Set plugin database path to: C:\ST\STM32CubeIDE_1.14.1\STM32CubeIDE\plugins\com.st.stm32cube.common.mx_6.10.0.202311202037\\db\/plugins/boardmanager/
2024-03-22 20:54:31,181 [WARN] ApiDb:259 - Overriding images path with different value:  => C:\ST\STM32CubeIDE_1.14.1\STM32CubeIDE\plugins\com.st.stm32cube.common.mx_6.10.0.202311202037\\db\/plugins/mcufinder/images/
2024-03-22 20:54:31,189 [INFO] ApiDb:250 - Set database path to: C:\Users\Min\.stmcufinder\plugins\mcufinder//mcu/
2024-03-22 20:54:31,190 [INFO] DbMcusAds:125 - Set database path to: C:\Users\Min\.stmcufinder\plugins\mcufinder//mcu/
2024-03-22 20:54:31,192 [INFO] CrossReferenceDbSqlite:203 - Set database path to: C:\Users\Min\.stmcufinder\plugins\mcufinder//mcu/cs/
2024-03-22 20:54:31,287 [INFO] RulesReader:64 - Compatibility file has been processed (297 Rules)
2024-03-22 20:54:31,357 [INFO] DbMcusXml:78 - Set database path to: C:\ST\STM32CubeIDE_1.14.1\STM32CubeIDE\plugins\com.st.stm32cube.common.mx_6.10.0.202311202037\\db\/mcu/
2024-03-22 20:54:31,357 [INFO] ApiDb:274 - Set plugin database path to: C:\ST\STM32CubeIDE_1.14.1\STM32CubeIDE\plugins\com.st.stm32cube.common.mx_6.10.0.202311202037\\db\/plugins/boardmanager/
2024-03-22 20:54:31,357 [INFO] ApiDb:261 - Set plugin images path to: C:\ST\STM32CubeIDE_1.14.1\STM32CubeIDE\plugins\com.st.stm32cube.common.mx_6.10.0.202311202037\\db\/plugins/mcufinder/images/
2024-03-22 20:54:31,358 [WARN] DbFile:41 - Overriding database path with different value: C:\Users\Min\.stmcufinder\plugins\mcufinder/ => C:\Users\Min\.stmcufinder\plugins\mcufinder
2024-03-22 20:54:31,358 [INFO] ApiDb:250 - Set database path to: C:\Users\Min\.stmcufinder\plugins\mcufinder//mcu/
2024-03-22 20:54:31,358 [WARN] DbFile:41 - Overriding database path with different value: C:\Users\Min\.stmcufinder\plugins\mcufinder/ => C:\Users\Min\.stmcufinder\plugins\mcufinder
2024-03-22 20:54:31,358 [INFO] DbMcusAds:125 - Set database path to: C:\Users\Min\.stmcufinder\plugins\mcufinder//mcu/
2024-03-22 20:54:31,358 [WARN] DbFile:41 - Overriding database path with different value: C:\Users\Min\.stmcufinder\plugins\mcufinder/ => C:\Users\Min\.stmcufinder\plugins\mcufinder
2024-03-22 20:54:31,358 [WARN] DbFile:41 - Overriding database path with different value: C:\Users\Min\.stmcufinder\plugins\mcufinder/ => C:\Users\Min\.stmcufinder\plugins\mcufinder
2024-03-22 20:54:31,358 [INFO] CrossReferenceDbSqlite:203 - Set database path to: C:\Users\Min\.stmcufinder\plugins\mcufinder//mcu/cs/
2024-03-22 20:54:31,419 [INFO] MainPanel:264 - HeapMemory: 268435456
2024-03-22 20:54:31,492 [INFO] DbMcusXml:78 - Set database path to: C:\ST\STM32CubeIDE_1.14.1\STM32CubeIDE\plugins\com.st.stm32cube.common.mx_6.10.0.202311202037\\db\/mcu/
2024-03-22 20:54:31,492 [INFO] ApiDb:274 - Set plugin database path to: C:\ST\STM32CubeIDE_1.14.1\STM32CubeIDE\plugins\com.st.stm32cube.common.mx_6.10.0.202311202037\\db\/plugins/boardmanager/
2024-03-22 20:54:31,492 [INFO] ApiDb:261 - Set plugin images path to: C:\ST\STM32CubeIDE_1.14.1\STM32CubeIDE\plugins\com.st.stm32cube.common.mx_6.10.0.202311202037\\db\/plugins/mcufinder/images/
2024-03-22 20:54:31,493 [WARN] DbFile:41 - Overriding database path with different value: C:\Users\Min\.stmcufinder\plugins\mcufinder/ => C:\Users\Min\.stmcufinder\plugins\mcufinder
2024-03-22 20:54:31,493 [INFO] ApiDb:250 - Set database path to: C:\Users\Min\.stmcufinder\plugins\mcufinder//mcu/
2024-03-22 20:54:31,493 [WARN] DbFile:41 - Overriding database path with different value: C:\Users\Min\.stmcufinder\plugins\mcufinder/ => C:\Users\Min\.stmcufinder\plugins\mcufinder
2024-03-22 20:54:31,493 [INFO] DbMcusAds:125 - Set database path to: C:\Users\Min\.stmcufinder\plugins\mcufinder//mcu/
2024-03-22 20:54:31,493 [WARN] DbFile:41 - Overriding database path with different value: C:\Users\Min\.stmcufinder\plugins\mcufinder/ => C:\Users\Min\.stmcufinder\plugins\mcufinder
2024-03-22 20:54:31,493 [WARN] DbFile:41 - Overriding database path with different value: C:\Users\Min\.stmcufinder\plugins\mcufinder/ => C:\Users\Min\.stmcufinder\plugins\mcufinder
2024-03-22 20:54:31,493 [INFO] CrossReferenceDbSqlite:203 - Set database path to: C:\Users\Min\.stmcufinder\plugins\mcufinder//mcu/cs/
2024-03-22 20:54:31,509 [INFO] ApplicationProperties:184 - Using Application install path: C:\ST\STM32CubeIDE_1.14.1\STM32CubeIDE\plugins\com.st.stm32cube.common.mx_6.10.0.202311202037
2024-03-22 20:54:31,510 [INFO] PluginManage:196 - Search for loadable plugins [exclusion list=, ]
2024-03-22 20:54:31,511 [INFO] PluginManage:310 - Check plugin analytics
2024-03-22 20:54:36,616 [INFO] AnalyticsPlugin:253 - Accepted Software Licenses: 
2024-03-22 20:54:36,617 [INFO] AnalyticsPlugin:255 - Accepted CMSIS Pack Licenses: 
2024-03-22 20:54:36,617 [INFO] AnalyticsPlugin:257 - Accepted Firmware Licenses: 
2024-03-22 20:54:36,618 [INFO] PluginManage:359 - Loaded plugin analytics (category:tool,tabindex:-1)
2024-03-22 20:54:36,618 [INFO] PluginManage:310 - Check plugin cadmodel
2024-03-22 20:54:36,633 [INFO] CADModel:105 - Init CAD model plugin
2024-03-22 20:54:36,634 [INFO] PluginManage:359 - Loaded plugin cadmodel (category:power,tabindex:5)
2024-03-22 20:54:36,634 [INFO] PluginManage:310 - Check plugin clock
2024-03-22 20:54:36,651 [INFO] PluginManage:359 - Loaded plugin clock (category:base,tabindex:2)
2024-03-22 20:54:36,651 [INFO] PluginManage:310 - Check plugin ddr
2024-03-22 20:54:36,653 [INFO] PluginManage:359 - Loaded plugin ddr (category:tool,tabindex:6)
2024-03-22 20:54:36,653 [INFO] PluginManage:310 - Check plugin filemanager
2024-03-22 20:54:36,768 [INFO] PluginManage:359 - Loaded plugin filemanager (category:base,tabindex:10)
2024-03-22 20:54:36,768 [INFO] PluginManage:310 - Check plugin ipmanager
2024-03-22 20:54:36,775 [INFO] PluginManage:359 - Loaded plugin ipmanager (category:base,tabindex:5)
2024-03-22 20:54:36,775 [INFO] PluginManage:310 - Check plugin lpbam
2024-03-22 20:54:36,788 [INFO] PluginManage:359 - Loaded plugin lpbam (category:base,tabindex:0)
2024-03-22 20:54:36,788 [INFO] PluginManage:310 - Check plugin memorymap
2024-03-22 20:54:36,804 [INFO] PluginManage:359 - Loaded plugin memorymap (category:base,tabindex:4)
2024-03-22 20:54:36,804 [INFO] PluginManage:310 - Check plugin pinoutandconfiguration
2024-03-22 20:54:36,818 [INFO] PluginManage:359 - Loaded plugin pinoutandconfiguration (category:base,tabindex:1)
2024-03-22 20:54:36,818 [INFO] PluginManage:310 - Check plugin pinoutconfig
2024-03-22 20:54:36,884 [WARN] SupportedApi:132 - Cannot load RTOS API schema: s4s-elt-must-match.1: The content of 'definitions' must match (annotation?, (simpleType | complexType)?, (unique | key | keyref)*)). A problem was found starting at: attribute.
2024-03-22 20:54:37,014 [INFO] PluginManage:359 - Loaded plugin pinoutconfig (category:base,tabindex:0)
2024-03-22 20:54:37,014 [INFO] PluginManage:310 - Check plugin power
2024-03-22 20:54:37,031 [INFO] PluginManage:359 - Loaded plugin power (category:power,tabindex:4)
2024-03-22 20:54:37,031 [INFO] PluginManage:310 - Check plugin projectmanager
2024-03-22 20:54:37,044 [INFO] PluginManage:359 - Loaded plugin projectmanager (category:projectmanager,tabindex:3)
2024-03-22 20:54:37,044 [INFO] PluginManage:310 - Check plugin thirdparty
2024-03-22 20:54:37,220 [INFO] PluginManage:359 - Loaded plugin thirdparty (category:base,tabindex:-1)
2024-03-22 20:54:37,221 [INFO] PluginManage:310 - Check plugin tools
2024-03-22 20:54:37,220 [WARN] IntegrityCheckThread:84 - waiting for thirdparty lock release [integrity check]
2024-03-22 20:54:37,221 [INFO] IntegrityCheckThread:86 - entering critical section [integrity check]
2024-03-22 20:54:37,221 [INFO] ThirdPartyUpdaterWithRetryManager:70 - Updater plugin not ready yet. [1/15]
2024-03-22 20:54:37,243 [INFO] PluginManage:359 - Loaded plugin tools (category:base,tabindex:7)
2024-03-22 20:54:37,243 [INFO] PluginManage:310 - Check plugin tutovideos
2024-03-22 20:54:37,371 [INFO] PluginManage:359 - Loaded plugin tutovideos (category:base,tabindex:-1)
2024-03-22 20:54:37,371 [INFO] PluginManage:310 - Check plugin updater
2024-03-22 20:54:37,379 [INFO] PluginManage:359 - Loaded plugin updater (category:base,tabindex:12)
2024-03-22 20:54:37,379 [INFO] PluginManage:310 - Check plugin userauth
2024-03-22 20:54:37,384 [INFO] UserAuth:114 - Init User Auth plugin
2024-03-22 20:54:37,384 [INFO] PluginManage:359 - Loaded plugin userauth (category:base,tabindex:14)
2024-03-22 20:54:37,384 [INFO] PluginManage:283 - PluginManage : Loaded plugins [17]
2024-03-22 20:54:37,549 [INFO] PinOutPanel:1499 - setPackage(No Configuration,No Configuration)
2024-03-22 20:54:37,602 [INFO] CADModel:165 - CPN selected for project level
2024-03-22 20:54:37,603 [INFO] CADModel:114 - Register for checkConnection events
2024-03-22 20:54:37,622 [INFO] IPUIPlugin:80 - create IPUIPlugin
2024-03-22 20:54:37,622 [INFO] PluginManager:220 - loadIPPluginJar : add adc
2024-03-22 20:54:37,646 [INFO] IPUIPlugin:80 - create IPUIPlugin
2024-03-22 20:54:37,646 [INFO] PluginManager:220 - loadIPPluginJar : add aes
2024-03-22 20:54:37,672 [INFO] IPUIPlugin:80 - create IPUIPlugin
2024-03-22 20:54:37,672 [INFO] PluginManager:220 - loadIPPluginJar : add can
2024-03-22 20:54:37,687 [INFO] IPUIPlugin:80 - create IPUIPlugin
2024-03-22 20:54:37,687 [INFO] PluginManager:220 - loadIPPluginJar : add comp
2024-03-22 20:54:37,709 [INFO] IPUIPlugin:80 - create IPUIPlugin
2024-03-22 20:54:37,709 [INFO] PluginManager:220 - loadIPPluginJar : add cryp
2024-03-22 20:54:37,726 [INFO] IPUIPlugin:80 - create IPUIPlugin
2024-03-22 20:54:37,726 [INFO] PluginManager:220 - loadIPPluginJar : add dfsdm
2024-03-22 20:54:37,737 [INFO] IPUIPlugin:80 - create IPUIPlugin
2024-03-22 20:54:37,737 [INFO] PluginManager:220 - loadIPPluginJar : add dma
2024-03-22 20:54:37,763 [INFO] IPUIPlugin:80 - create IPUIPlugin
2024-03-22 20:54:37,763 [INFO] PluginManager:220 - loadIPPluginJar : add dma3
2024-03-22 20:54:37,776 [INFO] IPUIPlugin:80 - create IPUIPlugin
2024-03-22 20:54:37,776 [INFO] PluginManager:220 - loadIPPluginJar : add fatfs
2024-03-22 20:54:37,805 [INFO] IPUIPlugin:80 - create IPUIPlugin
2024-03-22 20:54:37,805 [INFO] PluginManager:220 - loadIPPluginJar : add fmc
2024-03-22 20:54:37,816 [INFO] IPUIPlugin:80 - create IPUIPlugin
2024-03-22 20:54:37,816 [INFO] PluginManager:220 - loadIPPluginJar : add freertos
2024-03-22 20:54:37,829 [INFO] IPUIPlugin:80 - create IPUIPlugin
2024-03-22 20:54:37,829 [INFO] PluginManager:220 - loadIPPluginJar : add genericplugin
2024-03-22 20:54:37,885 [INFO] IPUIPlugin:80 - create IPUIPlugin
2024-03-22 20:54:37,885 [INFO] PluginManager:220 - loadIPPluginJar : add gfxmmu
2024-03-22 20:54:37,964 [INFO] IPUIPlugin:80 - create IPUIPlugin
2024-03-22 20:54:37,964 [INFO] PluginManager:220 - loadIPPluginJar : add gic
2024-03-22 20:54:37,975 [INFO] IPUIPlugin:80 - create IPUIPlugin
2024-03-22 20:54:37,975 [INFO] PluginManager:220 - loadIPPluginJar : add gpio
2024-03-22 20:54:38,035 [INFO] IPUIPlugin:80 - create IPUIPlugin
2024-03-22 20:54:38,035 [INFO] PluginManager:220 - loadIPPluginJar : add gtzc
2024-03-22 20:54:38,057 [INFO] IPUIPlugin:80 - create IPUIPlugin
2024-03-22 20:54:38,057 [INFO] PluginManager:220 - loadIPPluginJar : add hash
2024-03-22 20:54:38,089 [INFO] IPUIPlugin:80 - create IPUIPlugin
2024-03-22 20:54:38,089 [INFO] PluginManager:220 - loadIPPluginJar : add i2c
2024-03-22 20:54:38,113 [INFO] IPUIPlugin:80 - create IPUIPlugin
2024-03-22 20:54:38,113 [INFO] PluginManager:220 - loadIPPluginJar : add i2s
2024-03-22 20:54:38,140 [INFO] IPUIPlugin:80 - create IPUIPlugin
2024-03-22 20:54:38,140 [INFO] PluginManager:220 - loadIPPluginJar : add i3c
2024-03-22 20:54:38,211 [INFO] IPUIPlugin:80 - create IPUIPlugin
2024-03-22 20:54:38,211 [INFO] PluginManager:220 - loadIPPluginJar : add ipddr
2024-03-22 20:54:38,269 [INFO] IPUIPlugin:80 - create IPUIPlugin
2024-03-22 20:54:38,269 [INFO] PluginManager:220 - loadIPPluginJar : add linkedlist
2024-03-22 20:54:38,292 [INFO] IPUIPlugin:80 - create IPUIPlugin
2024-03-22 20:54:38,292 [INFO] PluginManager:220 - loadIPPluginJar : add lorawan
2024-03-22 20:54:38,316 [INFO] IPUIPlugin:80 - create IPUIPlugin
2024-03-22 20:54:38,316 [INFO] PluginManager:220 - loadIPPluginJar : add ltdc
2024-03-22 20:54:38,326 [INFO] IPUIPlugin:80 - create IPUIPlugin
2024-03-22 20:54:38,327 [INFO] PluginManager:220 - loadIPPluginJar : add mdma
2024-03-22 20:54:38,335 [INFO] IPUIPlugin:80 - create IPUIPlugin
2024-03-22 20:54:38,335 [INFO] PluginManager:220 - loadIPPluginJar : add nvic
2024-03-22 20:54:38,358 [INFO] IPUIPlugin:80 - create IPUIPlugin
2024-03-22 20:54:38,358 [INFO] PluginManager:220 - loadIPPluginJar : add opamp
2024-03-22 20:54:38,396 [INFO] IPUIPlugin:80 - create IPUIPlugin
2024-03-22 20:54:38,396 [INFO] PluginManager:220 - loadIPPluginJar : add openamp
2024-03-22 20:54:38,423 [INFO] IPUIPlugin:80 - create IPUIPlugin
2024-03-22 20:54:38,423 [INFO] PluginManager:220 - loadIPPluginJar : add pdm2pcm
2024-03-22 20:54:38,433 [INFO] IPUIPlugin:80 - create IPUIPlugin
2024-03-22 20:54:38,435 [INFO] PluginManager:220 - loadIPPluginJar : add plateformsettings
2024-03-22 20:54:38,449 [INFO] IPUIPlugin:80 - create IPUIPlugin
2024-03-22 20:54:38,449 [INFO] PluginManager:220 - loadIPPluginJar : add quadspi
2024-03-22 20:54:38,458 [INFO] IPUIPlugin:80 - create IPUIPlugin
2024-03-22 20:54:38,458 [INFO] PluginManager:220 - loadIPPluginJar : add resmgrutility
2024-03-22 20:54:38,489 [INFO] IPUIPlugin:80 - create IPUIPlugin
2024-03-22 20:54:38,489 [INFO] PluginManager:220 - loadIPPluginJar : add sai
2024-03-22 20:54:38,513 [INFO] IPUIPlugin:80 - create IPUIPlugin
2024-03-22 20:54:38,513 [INFO] PluginManager:220 - loadIPPluginJar : add spi
2024-03-22 20:54:38,556 [INFO] IPUIPlugin:80 - create IPUIPlugin
2024-03-22 20:54:38,557 [INFO] PluginManager:220 - loadIPPluginJar : add stm32_wpan
2024-03-22 20:54:38,572 [INFO] IPUIPlugin:80 - create IPUIPlugin
2024-03-22 20:54:38,572 [INFO] PluginManager:220 - loadIPPluginJar : add tim
2024-03-22 20:54:38,606 [INFO] IPUIPlugin:80 - create IPUIPlugin
2024-03-22 20:54:38,606 [INFO] PluginManager:220 - loadIPPluginJar : add touchsensing
2024-03-22 20:54:38,620 [INFO] IPUIPlugin:80 - create IPUIPlugin
2024-03-22 20:54:38,620 [INFO] PluginManager:220 - loadIPPluginJar : add tracer_emb
2024-03-22 20:54:38,634 [INFO] IPUIPlugin:80 - create IPUIPlugin
2024-03-22 20:54:38,634 [INFO] PluginManager:220 - loadIPPluginJar : add ts
2024-03-22 20:54:38,647 [INFO] IPUIPlugin:80 - create IPUIPlugin
2024-03-22 20:54:38,647 [INFO] PluginManager:220 - loadIPPluginJar : add tsc
2024-03-22 20:54:38,660 [INFO] IPUIPlugin:80 - create IPUIPlugin
2024-03-22 20:54:38,661 [INFO] PluginManager:220 - loadIPPluginJar : add ucpd
2024-03-22 20:54:38,690 [INFO] IPUIPlugin:80 - create IPUIPlugin
2024-03-22 20:54:38,690 [INFO] PluginManager:220 - loadIPPluginJar : add usart
2024-03-22 20:54:38,719 [INFO] IPUIPlugin:80 - create IPUIPlugin
2024-03-22 20:54:38,719 [INFO] PluginManager:220 - loadIPPluginJar : add usbx
2024-03-22 20:54:38,834 [INFO] CADModel:165 - CPN selected for project level
2024-03-22 20:54:38,834 [INFO] CADModel:114 - Register for checkConnection events
2024-03-22 20:54:38,834 [FATAL] Updater:308 - Updater called before beeing initialized
2024-03-22 20:54:38,834 [ERROR] CADModel:125 - Updater not yet initialized, retry later 
2024-03-22 20:54:38,937 [INFO] CADModel:165 - CPN selected for project level
2024-03-22 20:54:38,937 [INFO] CADModel:114 - Register for checkConnection events
2024-03-22 20:54:38,937 [FATAL] Updater:308 - Updater called before beeing initialized
2024-03-22 20:54:38,937 [ERROR] CADModel:125 - Updater not yet initialized, retry later 
2024-03-22 20:54:38,939 [FATAL] Updater:308 - Updater called before beeing initialized
2024-03-22 20:54:39,011 [FATAL] Updater:308 - Updater called before beeing initialized
2024-03-22 20:54:39,017 [INFO] DbMcusAds:53 - JSON generation date=Thu Sep 30 15:55:09 KST 2021 (1632984909247)
2024-03-22 20:54:39,018 [FATAL] Updater:308 - Updater called before beeing initialized
2024-03-22 20:54:39,076 [WARN] DetailPanel:346 - Failed to get advertising image, set to default
2024-03-22 20:54:39,150 [FATAL] Updater:308 - Updater called before beeing initialized
2024-03-22 20:54:39,152 [FATAL] Updater:308 - Updater called before beeing initialized
2024-03-22 20:54:39,152 [FATAL] Updater:308 - Updater called before beeing initialized
2024-03-22 20:54:39,152 [WARN] DetailPanel:346 - Failed to get advertising image, set to default
2024-03-22 20:54:39,153 [FATAL] Updater:308 - Updater called before beeing initialized
2024-03-22 20:54:39,200 [ERROR] Updater:1120 - MainUpdater not yet initialized. External WinMGr cannot be set.
2024-03-22 20:54:39,206 [INFO] Updater:1056 - Updater Version found : 6.10.0
2024-03-22 20:54:39,222 [INFO] ApplicationProperties:184 - Using Application install path: C:\ST\STM32CubeIDE_1.14.1\STM32CubeIDE\plugins\com.st.stm32cube.common.mx_6.10.0.202311202037
2024-03-22 20:54:40,222 [INFO] ThirdPartyUpdaterWithRetryManager:70 - Updater plugin not ready yet. [2/15]
2024-03-22 20:54:40,797 [ERROR] LogOutputStream:75 - [STDERR_REDIRECT] Mar 22, 2024 8:54:40 PM java.util.prefs.WindowsPreferences <init>
2024-03-22 20:54:40,798 [ERROR] LogOutputStream:75 - [STDERR_REDIRECT] WARNING: Could not open/create prefs root node Software\JavaSoft\Prefs at root 0xffffffff80000002. Windows RegCreateKeyEx(...) returned error code 5.
2024-03-22 20:54:40,799 [ERROR] LogOutputStream:75 - [STDERR_REDIRECT] 
2024-03-22 20:54:41,094 [INFO] MainUpdater:2873 - connection check result : 10
2024-03-22 20:54:41,094 [INFO] MainUpdater:3567 - Updater definition file requires update
2024-03-22 20:54:41,096 [INFO] MainUpdater:290 - Updater Check For Update Now.
2024-03-22 20:54:41,096 [INFO] MicroXplorer:498 - Change Database Version : DB.6.0.100
2024-03-22 20:54:41,107 [INFO] McuFinderGlobals:63 - Set McuFinder mode to 2 (CubeIDE integrated)
2024-03-22 20:54:41,107 [INFO] UserAuth:180 - activating auth plugin
2024-03-22 20:54:41,109 [INFO] UserAuth:404 - Internet connection configuration mode: 1
2024-03-22 20:54:41,130 [INFO] JxBrowserEngine:152 - Initiate JxBrowser Engine with user profile folder
2024-03-22 20:54:41,144 [INFO] ServerAccessManage:473 - Download File updaters.zip
2024-03-22 20:54:41,258 [INFO] FileExtend:240 - Unzip File : updaters.zip
2024-03-22 20:54:41,259 [INFO] FileExtend:255 - Standard Zip Deflate
2024-03-22 20:54:41,666 [INFO] ServerAccessManage:473 - Download File PacksControlFlags.xml
2024-03-22 20:54:41,746 [INFO] ServerAccessManage:473 - Download File cubemx.pidx
2024-03-22 20:54:42,853 [INFO] ServerAccessManage:473 - Download File STMicroelectronics.X-CUBE-NFC6.pdsc
2024-03-22 20:54:43,223 [WARN] MainUpdater:1194 - Updater busy. Cannot search thirdparties
2024-03-22 20:54:43,223 [INFO] ThirdPartyUpdaterWithRetryManager:96 - Updater plugin is busy. [1/15]
2024-03-22 20:54:43,504 [INFO] WebApp:161 - Instantiating new browser for Auth
2024-03-22 20:54:43,642 [WARN] PackLoader:240 - Cannot read IP mode file for STMicroelectronics.X-CUBE-NFC6.3.1.0
2024-03-22 20:54:43,647 [INFO] PopulateThirdPartyThread:66 - Ending populate Thread
2024-03-22 20:54:43,648 [INFO] ThirdParty:1030 - CMSIS Pack Vendor :STMicroelectronics X-CUBE-NFC6 3.1.0
2024-03-22 20:54:43,648 [INFO] LoadServerUpdatesThread:375 - End of LoadServerUpdate Thread
2024-03-22 20:54:43,732 [INFO] CheckServerUpdateThread:120 - End of CheckServer Thread
2024-03-22 20:54:43,928 [INFO] MainUpdater:2873 - connection check result : 10
2024-03-22 20:54:43,944 [INFO] McuFinderGlobals:76 - Set McuFinderConnectedMode to true
2024-03-22 20:54:43,989 [INFO] WebApp:780 - Register for checkConnection events
2024-03-22 20:54:43,989 [INFO] WebApp:414 - Apply proxy settings
2024-03-22 20:54:43,989 [INFO] WebApp:499 - Chromium requires no authentication
2024-03-22 20:54:43,997 [INFO] WebApp:442 - Direct internet connection detected
2024-03-22 20:54:44,098 [INFO] ServerAccessManage:473 - Download File mcusAds.json._tmp_
2024-03-22 20:54:44,147 [INFO] WebApp:192 - Starting web application
2024-03-22 20:54:44,147 [INFO] WebApp:544 - Web application path used C:\ST\STM32CubeIDE_1.14.1\STM32CubeIDE\plugins\com.st.stm32cube.common.mx_6.10.0.202311202037\db\plugins\mcufinder\reactClient1\index.html
2024-03-22 20:54:44,209 [INFO] LoadUrlFilesThread:156 - End of LoadUrlFiles Thread
2024-03-22 20:54:44,363 [INFO] ServerAccessManage:473 - Download File cube-finder-db.zip
2024-03-22 20:54:45,839 [INFO] FileExtend:240 - Unzip File : cube-finder-db.zip
2024-03-22 20:54:45,839 [INFO] FileExtend:255 - Standard Zip Deflate
2024-03-22 20:54:46,225 [WARN] MainUpdater:1194 - Updater busy. Cannot search thirdparties
2024-03-22 20:54:46,225 [INFO] ThirdPartyUpdaterWithRetryManager:96 - Updater plugin is busy. [2/15]
2024-03-22 20:54:46,404 [INFO] LoadUrlFilesThread:156 - End of LoadUrlFiles Thread
2024-03-22 20:54:47,524 [INFO] ServerAccessManage:473 - Download File crdb.zip
2024-03-22 20:54:48,878 [INFO] FileExtend:240 - Unzip File : crdb.zip
2024-03-22 20:54:48,878 [INFO] FileExtend:255 - Standard Zip Deflate
2024-03-22 20:54:49,003 [INFO] LoadUrlFilesThread:156 - End of LoadUrlFiles Thread
2024-03-22 20:54:49,153 [INFO] ServerAccessManage:473 - Download File tutoVideoDB.zip
2024-03-22 20:54:49,155 [INFO] FileExtend:240 - Unzip File : tutoVideoDB.zip
2024-03-22 20:54:49,156 [INFO] FileExtend:255 - Standard Zip Deflate
2024-03-22 20:54:49,227 [WARN] MainUpdater:1194 - Updater busy. Cannot search thirdparties
2024-03-22 20:54:49,227 [INFO] ThirdPartyUpdaterWithRetryManager:96 - Updater plugin is busy. [3/15]
2024-03-22 20:54:49,273 [INFO] LoadUrlFilesThread:156 - End of LoadUrlFiles Thread
2024-03-22 20:54:49,274 [WARN] DbFile:41 - Overriding database path with different value: C:\Users\Min\.stmcufinder\plugins\mcufinder/ => C:\Users\Min\.stmcufinder\plugins\mcufinder
2024-03-22 20:54:49,426 [INFO] ServerAccessManage:473 - Download File api_config.json
2024-03-22 20:54:49,537 [INFO] LoadUrlFilesThread:156 - End of LoadUrlFiles Thread
2024-03-22 20:54:49,538 [INFO] DbMcusAds:53 - JSON generation date=Wed Nov 29 19:52:27 KST 2023 (1701255147349)
2024-03-22 20:54:49,579 [INFO] ServerAccessManage:473 - Download File 
2024-03-22 20:54:49,582 [INFO] LoadUrlFilesThread:185 - End of LoadServerUrlFiles without Thread
2024-03-22 20:54:49,582 [INFO] TargetSelectorAdapter:259 - Refresh data is successful
2024-03-22 20:54:49,660 [INFO] ApiDb:581 - Connected to CubeFinder SQLite database (C:\Users\Min\.stmcufinder\plugins\mcufinder\mcu\cube-finder-db.db)
2024-03-22 20:54:49,708 [INFO] ApiDb:668 - CubeFinder database Data Model version=2.1
2024-03-22 20:54:49,708 [INFO] ApiDb:669 - CubeFinder database Configuration version=3.0.39
2024-03-22 20:54:49,708 [INFO] ApiDb:670 - CubeFinder database generation date=2024-03-02 (1709305525)
2024-03-22 20:54:49,708 [INFO] ApiDb:671 - CubeFinder database FW Pack versions=[FP-ATR-ASTRA1_V2.0.0, FP-SNS-FLIGHT1_V5.0.1, FP-SNS-FLIGHT1_V5.0.2, FP-SNS-MOTENV1_V4.3.1, FP-SNS-MOTENV1_V4.3.2, FP-SNS-MOTENVWB1_V1.3.1, FP-SNS-SMARTAG2_V1.2.0, STM32Cube_FW_C0_V1.1.0, STM32Cube_FW_F4_V1.28.0, STM32Cube_FW_F7_V1.17.0, STM32Cube_FW_G0_V1.6.2, STM32Cube_FW_G4_V1.5.2, STM32Cube_FW_H5_V0.5.1, STM32Cube_FW_H5_V1.1.1, STM32Cube_FW_H5_V1.2.0, STM32Cube_FW_H5_V1.2.0RC4, STM32Cube_FW_H7RS_V1.0.0, STM32Cube_FW_H7RS_V1.0.0RC4, STM32Cube_FW_H7_V1.11.0, STM32Cube_FW_L0_V1.12.2, STM32Cube_FW_L5_V1.5.1, STM32Cube_FW_U0_V1.0.0, STM32Cube_FW_U0_V1.0.0RC1, STM32Cube_FW_U5_V1.3.0RC4, STM32Cube_FW_U5_V1.5.0, STM32Cube_FW_U5_V1.5.0RC1, STM32Cube_FW_WBA_V1.0.0RC1, STM32Cube_FW_WBA_V1.2.0, STM32Cube_FW_WBA_V1.2.0RC2, STM32Cube_FW_WBA_V1.3.0, STM32Cube_FW_WBA_V1.3.0RC1, STM32Cube_FW_WB_V1.15.0RC1, STM32Cube_FW_WB_V1.16.0, STM32Cube_FW_WB_V1.16.0RC2, STM32Cube_FW_WB_V1.18.0, STM32Cube_FW_WB_V1.19.0, STM32Cube_FW_WL_V1.3.0, X-CUBE-ALGOBUILD_V1.3.0, X-CUBE-ALS_V1.0.1, X-CUBE-AZRTOS-F4_V1.1.0, X-CUBE-AZRTOS-F7_V1.1.0, X-CUBE-AZRTOS-G0_V1.1.0, X-CUBE-AZRTOS-G4_V2.0.0, X-CUBE-AZRTOS-H7_V3.2.0, X-CUBE-AZRTOS-L4_V1.0.0, X-CUBE-AZRTOS-L4_V2.0.0, X-CUBE-AZRTOS-L5_V1.1.0, X-CUBE-AZRTOS-WB_V2.0.0, X-CUBE-AZRTOS-WL_V2.0.0, X-CUBE-BLE1_V7.0.0, X-CUBE-BLE2_V3.3.0, X-CUBE-BLEMGR_V3.1.0, X-CUBE-EEPRMA1_V4.1.0, X-CUBE-EEPRMA1_V5.1.0, X-CUBE-FREERTOS_V1.1.0, X-CUBE-GNSS1_V6.0.0, X-CUBE-MEMS1_V10.0.0, X-CUBE-MEMS1_V9.1.0, X-CUBE-MEMS1_V9.4.0, X-CUBE-MEMS1_V9.6.0, X-CUBE-NFC4_V3.0.0, X-CUBE-NFC7_V1.0.1, X-CUBE-SFXS2LP1_V4.0.0, X-CUBE-SUBG2_V5.0.0, X-CUBE-TOF1_V3.4.0]
2024-03-22 20:54:51,029 [INFO] ApiDb:240 - Found 371 in-development CPN: [B-G473E-ZEST1S, B-WB1M-WPAN1, B-WL5M-SUBG1, NUCLEO-C031C6, NUCLEO-H503RB, NUCLEO-H563ZI, NUCLEO-U545RE-Q, NUCLEO-U5A5ZJ-Q, NUCLEO-WBA52CG, NUCLEO-WBA55CG, STEVAL-MKBOXPRO, STEVAL-PROTEUS1, STEVAL-STWINBX1, STM320518-EVAL, STM32C0116-DK, STM32C011D6Y3TR, STM32C011D6Y6TR, STM32C011F4P3, STM32C011F4P6, STM32C011F4U3, STM32C011F4U6TR, STM32C011F6P3, STM32C011F6P6, STM32C011F6U3, STM32C011F6U6TR, STM32C011J4M3, STM32C011J4M6, STM32C011J6M3, STM32C011J6M6, STM32C0316-DK, STM32C031C4T3, STM32C031C4T6, STM32C031C4U3, STM32C031C4U6, STM32C031C6T3, STM32C031C6T6, STM32C031C6U3, STM32C031C6U6, STM32C031F4P3, STM32C031F4P6, STM32C031F6P3, STM32C031F6P6, STM32C031G4U3, STM32C031G4U6, STM32C031G6U3, STM32C031G6U6, STM32C031K4T3, STM32C031K4T6, STM32C031K4U3, STM32C031K4U6, STM32C031K6T3, STM32C031K6T6, STM32C031K6U3, STM32C031K6U6, STM32G071K8TXN, STM32G071K8UXN, STM32G081GBU6N, STM32G081KBT6N, STM32G081KBUXN, STM32G0B1CCT6N, STM32G0B1KCT6, STM32G0B1NEY6TR, STM32G0B1RCT6N, STM32G0C1CCT6, STM32G0C1CCT6N, STM32G0C1CCU6N, STM32G0C1CET6N, STM32G0C1CEU6N, STM32G0C1KCT6, STM32G0C1NEY6TR, STM32G0C1RCI6N, STM32G0C1RCT6N, STM32G0C1REI6N, STM32G0C1RET6N, STM32G0C1VCI6, STM32G0C1VEI6, STM32G471CCT6, STM32G471CCU6, STM32G471CET3, STM32G471CET6, STM32G471CEU3, STM32G471CEU6, STM32G471MCT6, STM32G471MET3, STM32G471MET6, STM32G471MEY6TR, STM32G471QCT6, STM32G471QET3, STM32G471RCT6, STM32G471RET3, STM32G471RET6, STM32G471VCH6, STM32G471VCI6, STM32G471VCT6, STM32G471VEH3, STM32G471VEH6, STM32G471VEI3, STM32G471VEI6, STM32G471VET3, STM32G471VET6, STM32G474CCT6, STM32H503CBT6, STM32H503CBU6, STM32H503EBY6TR, STM32H503KBU6, STM32H503RBT6, STM32H562AGI6, STM32H562AII6, STM32H562IGK6, STM32H562IGT6, STM32H562IIK6, STM32H562IIT6, STM32H562RGT6, STM32H562RGV6, STM32H562RIT6, STM32H562RIV6, STM32H562VGT6, STM32H562VIT6, STM32H562ZGT6, STM32H562ZIT6, STM32H563AGI6, STM32H563AII3Q, STM32H563AII6, STM32H563IGK6, STM32H563IGT6, STM32H563IIK3Q, STM32H563IIK6, STM32H563IIT3Q, STM32H563IIT6, STM32H563MIY3QTR, STM32H563RGT6, STM32H563RGV6, STM32H563RIT6, STM32H563RIV6, STM32H563VGT6, STM32H563VIT3Q, STM32H563VIT6, STM32H563ZGT6, STM32H563ZIT3Q, STM32H563ZIT6, STM32H573AII3Q, STM32H573AII6, STM32H573I-DK, STM32H573IIK3Q, STM32H573IIK6, STM32H573IIT3Q, STM32H573IIT6, STM32H573MIY3QTR, STM32H573RIT6, STM32H573RIV6, STM32H573VIT3Q, STM32H573VIT6, STM32H573ZIT3Q, STM32H573ZIT6, STM32L4R5QGI6STR, STM32MP131AAE3, STM32MP131AAF3, STM32MP131AAG3, STM32MP131CAE3, STM32MP131CAF3, STM32MP131CAG3, STM32MP131DAE7, STM32MP131DAF7, STM32MP131DAG7, STM32MP131FAE7, STM32MP131FAF7, STM32MP131FAG7, STM32MP133AAE3, STM32MP133AAF3, STM32MP133AAG3, STM32MP133CAE3, STM32MP133CAF3, STM32MP133CAG3, STM32MP133DAE7, STM32MP133DAF7, STM32MP133DAG7, STM32MP133FAE7, STM32MP133FAF7, STM32MP133FAG7, STM32MP135AAE3, STM32MP135AAF3, STM32MP135AAG3, STM32MP135CAE3, STM32MP135CAF3, STM32MP135CAG3, STM32MP135DAE7, STM32MP135DAF7, STM32MP135DAG7, STM32MP135F-DK, STM32MP135FAE7, STM32MP135FAF7, STM32MP135FAF7T, STM32MP135FAF7U, STM32MP135FAG7, STM32U535CBT6, STM32U535CBT6Q, STM32U535CBU6, STM32U535CBU6Q, STM32U535CCT6, STM32U535CCT6Q, STM32U535CCU6, STM32U535CCU6Q, STM32U535CET6, STM32U535CET6Q, STM32U535CEU6, STM32U535CEU6Q, STM32U535JEY6QTR, STM32U535NCY6QTR, STM32U535NEY6QTR, STM32U535RBI6, STM32U535RBI6Q, STM32U535RBT6, STM32U535RBT6Q, STM32U535RCI6, STM32U535RCI6Q, STM32U535RCT6, STM32U535RCT6Q, STM32U535REI6, STM32U535REI6Q, STM32U535RET6, STM32U535RET6Q, STM32U535VCI6, STM32U535VCI6Q, STM32U535VCT6, STM32U535VCT6Q, STM32U535VEI6, STM32U535VEI6Q, STM32U535VET6, STM32U535VET6Q, STM32U545CET6, STM32U545CET6Q, STM32U545CEU6, STM32U545CEU6Q, STM32U545JEY6QTR, STM32U545NEY6QTR, STM32U545REI6, STM32U545REI6Q, STM32U545RET6, STM32U545RET6Q, STM32U545VEI6, STM32U545VEI6Q, STM32U545VET6, STM32U545VET6Q, STM32U595AIH6, STM32U595AIH6Q, STM32U595AJH6, STM32U595AJH6Q, STM32U595QII6, STM32U595QII6Q, STM32U595QJI6, STM32U595QJI6Q, STM32U595RIT6, STM32U595RIT6Q, STM32U595RJT6, STM32U595RJT6Q, STM32U595VIT6, STM32U595VIT6Q, STM32U595VJT6, STM32U595VJT6Q, STM32U595ZIT6, STM32U595ZIT6Q, STM32U595ZIY6QTR, STM32U595ZJT6, STM32U595ZJT6Q, STM32U595ZJY6QTR, STM32U599BJY6QTR, STM32U599NIH6Q, STM32U599NJH6Q, STM32U599VIT6Q, STM32U599VJT6, STM32U599VJT6Q, STM32U599ZIT6Q, STM32U599ZIY6QTR, STM32U599ZJT6Q, STM32U599ZJY6QTR, STM32U5A5AJH6, STM32U5A5AJH6Q, STM32U5A5QJI6, STM32U5A5QJI6Q, STM32U5A5RJT6, STM32U5A5RJT6Q, STM32U5A5VJT6, STM32U5A5VJT6Q, STM32U5A5ZJT6, STM32U5A5ZJT6Q, STM32U5A5ZJY6QTR, STM32U5A9BJY6QTR, STM32U5A9J-DK, STM32U5A9NJH6Q, STM32U5A9VJT6Q, STM32U5A9ZJT6Q, STM32U5A9ZJY6QTR, STM32U5F7VIT6, STM32U5F7VIT6Q, STM32U5F7VJT6, STM32U5F7VJT6Q, STM32U5F9BJY6QTR, STM32U5F9NJH6Q, STM32U5F9VIT6Q, STM32U5F9VJT6Q, STM32U5F9ZIJ6QTR, STM32U5F9ZIT6Q, STM32U5F9ZJJ6QTR, STM32U5F9ZJT6Q, STM32U5G7VJT6, STM32U5G7VJT6Q, STM32U5G9BJY6QTR, STM32U5G9J-DK1, STM32U5G9J-DK2, STM32U5G9NJH6Q, STM32U5G9VJT6Q, STM32U5G9ZJJ6QTR, STM32U5G9ZJT6Q, STM32WB1MMCH6, STM32WBA50KEU6, STM32WBA50KEU6TR, STM32WBA50KGU6, STM32WBA50KGU6TR, STM32WBA52CEU6, STM32WBA52CEU6TR, STM32WBA52CEU7, STM32WBA52CEU7TR, STM32WBA52CGU6, STM32WBA52CGU6TR, STM32WBA52CGU6U, STM32WBA52CGU7, STM32WBA52CGU7TR, STM32WBA52KEU6, STM32WBA52KEU6TR, STM32WBA52KGU6, STM32WBA52KGU6TR, STM32WBA54CEU6, STM32WBA54CEU6TR, STM32WBA54CEU7, STM32WBA54CEU7TR, STM32WBA54CGU6, STM32WBA54CGU6TR, STM32WBA54CGU7, STM32WBA54CGU7TR, STM32WBA54KEU6, STM32WBA54KEU6TR, STM32WBA54KEU7, STM32WBA54KEU7TR, STM32WBA54KGU6, STM32WBA54KGU6TR, STM32WBA54KGU7, STM32WBA54KGU7TR, STM32WBA55CEU6, STM32WBA55CEU6TR, STM32WBA55CEU7, STM32WBA55CEU7TR, STM32WBA55CGU6, STM32WBA55CGU6TR, STM32WBA55CGU6U, STM32WBA55CGU7, STM32WBA55CGU7TR, STM32WBA55G-DK1, STM32WBA55HEF6, STM32WBA55HEF7, STM32WBA55HGF6, STM32WBA55HGF7, STM32WBA55UEI6, STM32WBA55UEI6TR, STM32WBA55UEI7, STM32WBA55UEI7TR, STM32WBA55UGI6, STM32WBA55UGI6TR, STM32WBA55UGI7, STM32WBA55UGI7TR, STM32WL5MOCH6, STM32WL5MOCH6TR]
2024-03-22 20:54:51,033 [INFO] DbMcus:218 - Found 3986 MCUs, 3986 are supported
2024-03-22 20:54:51,033 [INFO] ApiDb:414 - User favorites file not found: C:\Users\Min/.stm32cubeide/favorites.mcus.txt
2024-03-22 20:54:51,033 [INFO] DbMcus:224 - Set 0 / 0 favorites MCUs
2024-03-22 20:54:51,222 [INFO] ApiDb:668 - CubeFinder database Data Model version=2.1
2024-03-22 20:54:51,222 [INFO] ApiDb:669 - CubeFinder database Configuration version=3.0.39
2024-03-22 20:54:51,222 [INFO] ApiDb:670 - CubeFinder database generation date=2024-03-02 (1709305525)
2024-03-22 20:54:51,223 [INFO] ApiDb:671 - CubeFinder database FW Pack versions=[FP-ATR-ASTRA1_V2.0.0, FP-SNS-FLIGHT1_V5.0.1, FP-SNS-FLIGHT1_V5.0.2, FP-SNS-MOTENV1_V4.3.1, FP-SNS-MOTENV1_V4.3.2, FP-SNS-MOTENVWB1_V1.3.1, FP-SNS-SMARTAG2_V1.2.0, STM32Cube_FW_C0_V1.1.0, STM32Cube_FW_F4_V1.28.0, STM32Cube_FW_F7_V1.17.0, STM32Cube_FW_G0_V1.6.2, STM32Cube_FW_G4_V1.5.2, STM32Cube_FW_H5_V0.5.1, STM32Cube_FW_H5_V1.1.1, STM32Cube_FW_H5_V1.2.0, STM32Cube_FW_H5_V1.2.0RC4, STM32Cube_FW_H7RS_V1.0.0, STM32Cube_FW_H7RS_V1.0.0RC4, STM32Cube_FW_H7_V1.11.0, STM32Cube_FW_L0_V1.12.2, STM32Cube_FW_L5_V1.5.1, STM32Cube_FW_U0_V1.0.0, STM32Cube_FW_U0_V1.0.0RC1, STM32Cube_FW_U5_V1.3.0RC4, STM32Cube_FW_U5_V1.5.0, STM32Cube_FW_U5_V1.5.0RC1, STM32Cube_FW_WBA_V1.0.0RC1, STM32Cube_FW_WBA_V1.2.0, STM32Cube_FW_WBA_V1.2.0RC2, STM32Cube_FW_WBA_V1.3.0, STM32Cube_FW_WBA_V1.3.0RC1, STM32Cube_FW_WB_V1.15.0RC1, STM32Cube_FW_WB_V1.16.0, STM32Cube_FW_WB_V1.16.0RC2, STM32Cube_FW_WB_V1.18.0, STM32Cube_FW_WB_V1.19.0, STM32Cube_FW_WL_V1.3.0, X-CUBE-ALGOBUILD_V1.3.0, X-CUBE-ALS_V1.0.1, X-CUBE-AZRTOS-F4_V1.1.0, X-CUBE-AZRTOS-F7_V1.1.0, X-CUBE-AZRTOS-G0_V1.1.0, X-CUBE-AZRTOS-G4_V2.0.0, X-CUBE-AZRTOS-H7_V3.2.0, X-CUBE-AZRTOS-L4_V1.0.0, X-CUBE-AZRTOS-L4_V2.0.0, X-CUBE-AZRTOS-L5_V1.1.0, X-CUBE-AZRTOS-WB_V2.0.0, X-CUBE-AZRTOS-WL_V2.0.0, X-CUBE-BLE1_V7.0.0, X-CUBE-BLE2_V3.3.0, X-CUBE-BLEMGR_V3.1.0, X-CUBE-EEPRMA1_V4.1.0, X-CUBE-EEPRMA1_V5.1.0, X-CUBE-FREERTOS_V1.1.0, X-CUBE-GNSS1_V6.0.0, X-CUBE-MEMS1_V10.0.0, X-CUBE-MEMS1_V9.1.0, X-CUBE-MEMS1_V9.4.0, X-CUBE-MEMS1_V9.6.0, X-CUBE-NFC4_V3.0.0, X-CUBE-NFC7_V1.0.1, X-CUBE-SFXS2LP1_V4.0.0, X-CUBE-SUBG2_V5.0.0, X-CUBE-TOF1_V3.4.0]
2024-03-22 20:54:51,260 [INFO] DbBoardsSqlite:226 - include board P-NUCLEO-WB55-NUCLEO as a kit item of type 'Nucleo-64'
2024-03-22 20:54:51,260 [INFO] DbBoardsSqlite:226 - include board P-NUCLEO-WB55-USBDONGLE as a kit item of type 'Nucleo USB Dongle'
2024-03-22 20:54:51,260 [INFO] DbBoardsSqlite:226 - include board STEVAL-IDP005V1 as a kit item of type 'Evaluation Board'
2024-03-22 20:54:51,261 [INFO] DbBoardsSqlite:226 - include board STEVAL-IDP005V2 as a kit item of type 'Evaluation Board'
2024-03-22 20:54:51,297 [INFO] ApiDb:240 - Found 371 in-development CPN: [B-G473E-ZEST1S, B-WB1M-WPAN1, B-WL5M-SUBG1, NUCLEO-C031C6, NUCLEO-H503RB, NUCLEO-H563ZI, NUCLEO-U545RE-Q, NUCLEO-U5A5ZJ-Q, NUCLEO-WBA52CG, NUCLEO-WBA55CG, STEVAL-MKBOXPRO, STEVAL-PROTEUS1, STEVAL-STWINBX1, STM320518-EVAL, STM32C0116-DK, STM32C011D6Y3TR, STM32C011D6Y6TR, STM32C011F4P3, STM32C011F4P6, STM32C011F4U3, STM32C011F4U6TR, STM32C011F6P3, STM32C011F6P6, STM32C011F6U3, STM32C011F6U6TR, STM32C011J4M3, STM32C011J4M6, STM32C011J6M3, STM32C011J6M6, STM32C0316-DK, STM32C031C4T3, STM32C031C4T6, STM32C031C4U3, STM32C031C4U6, STM32C031C6T3, STM32C031C6T6, STM32C031C6U3, STM32C031C6U6, STM32C031F4P3, STM32C031F4P6, STM32C031F6P3, STM32C031F6P6, STM32C031G4U3, STM32C031G4U6, STM32C031G6U3, STM32C031G6U6, STM32C031K4T3, STM32C031K4T6, STM32C031K4U3, STM32C031K4U6, STM32C031K6T3, STM32C031K6T6, STM32C031K6U3, STM32C031K6U6, STM32G071K8TXN, STM32G071K8UXN, STM32G081GBU6N, STM32G081KBT6N, STM32G081KBUXN, STM32G0B1CCT6N, STM32G0B1KCT6, STM32G0B1NEY6TR, STM32G0B1RCT6N, STM32G0C1CCT6, STM32G0C1CCT6N, STM32G0C1CCU6N, STM32G0C1CET6N, STM32G0C1CEU6N, STM32G0C1KCT6, STM32G0C1NEY6TR, STM32G0C1RCI6N, STM32G0C1RCT6N, STM32G0C1REI6N, STM32G0C1RET6N, STM32G0C1VCI6, STM32G0C1VEI6, STM32G471CCT6, STM32G471CCU6, STM32G471CET3, STM32G471CET6, STM32G471CEU3, STM32G471CEU6, STM32G471MCT6, STM32G471MET3, STM32G471MET6, STM32G471MEY6TR, STM32G471QCT6, STM32G471QET3, STM32G471RCT6, STM32G471RET3, STM32G471RET6, STM32G471VCH6, STM32G471VCI6, STM32G471VCT6, STM32G471VEH3, STM32G471VEH6, STM32G471VEI3, STM32G471VEI6, STM32G471VET3, STM32G471VET6, STM32G474CCT6, STM32H503CBT6, STM32H503CBU6, STM32H503EBY6TR, STM32H503KBU6, STM32H503RBT6, STM32H562AGI6, STM32H562AII6, STM32H562IGK6, STM32H562IGT6, STM32H562IIK6, STM32H562IIT6, STM32H562RGT6, STM32H562RGV6, STM32H562RIT6, STM32H562RIV6, STM32H562VGT6, STM32H562VIT6, STM32H562ZGT6, STM32H562ZIT6, STM32H563AGI6, STM32H563AII3Q, STM32H563AII6, STM32H563IGK6, STM32H563IGT6, STM32H563IIK3Q, STM32H563IIK6, STM32H563IIT3Q, STM32H563IIT6, STM32H563MIY3QTR, STM32H563RGT6, STM32H563RGV6, STM32H563RIT6, STM32H563RIV6, STM32H563VGT6, STM32H563VIT3Q, STM32H563VIT6, STM32H563ZGT6, STM32H563ZIT3Q, STM32H563ZIT6, STM32H573AII3Q, STM32H573AII6, STM32H573I-DK, STM32H573IIK3Q, STM32H573IIK6, STM32H573IIT3Q, STM32H573IIT6, STM32H573MIY3QTR, STM32H573RIT6, STM32H573RIV6, STM32H573VIT3Q, STM32H573VIT6, STM32H573ZIT3Q, STM32H573ZIT6, STM32L4R5QGI6STR, STM32MP131AAE3, STM32MP131AAF3, STM32MP131AAG3, STM32MP131CAE3, STM32MP131CAF3, STM32MP131CAG3, STM32MP131DAE7, STM32MP131DAF7, STM32MP131DAG7, STM32MP131FAE7, STM32MP131FAF7, STM32MP131FAG7, STM32MP133AAE3, STM32MP133AAF3, STM32MP133AAG3, STM32MP133CAE3, STM32MP133CAF3, STM32MP133CAG3, STM32MP133DAE7, STM32MP133DAF7, STM32MP133DAG7, STM32MP133FAE7, STM32MP133FAF7, STM32MP133FAG7, STM32MP135AAE3, STM32MP135AAF3, STM32MP135AAG3, STM32MP135CAE3, STM32MP135CAF3, STM32MP135CAG3, STM32MP135DAE7, STM32MP135DAF7, STM32MP135DAG7, STM32MP135F-DK, STM32MP135FAE7, STM32MP135FAF7, STM32MP135FAF7T, STM32MP135FAF7U, STM32MP135FAG7, STM32U535CBT6, STM32U535CBT6Q, STM32U535CBU6, STM32U535CBU6Q, STM32U535CCT6, STM32U535CCT6Q, STM32U535CCU6, STM32U535CCU6Q, STM32U535CET6, STM32U535CET6Q, STM32U535CEU6, STM32U535CEU6Q, STM32U535JEY6QTR, STM32U535NCY6QTR, STM32U535NEY6QTR, STM32U535RBI6, STM32U535RBI6Q, STM32U535RBT6, STM32U535RBT6Q, STM32U535RCI6, STM32U535RCI6Q, STM32U535RCT6, STM32U535RCT6Q, STM32U535REI6, STM32U535REI6Q, STM32U535RET6, STM32U535RET6Q, STM32U535VCI6, STM32U535VCI6Q, STM32U535VCT6, STM32U535VCT6Q, STM32U535VEI6, STM32U535VEI6Q, STM32U535VET6, STM32U535VET6Q, STM32U545CET6, STM32U545CET6Q, STM32U545CEU6, STM32U545CEU6Q, STM32U545JEY6QTR, STM32U545NEY6QTR, STM32U545REI6, STM32U545REI6Q, STM32U545RET6, STM32U545RET6Q, STM32U545VEI6, STM32U545VEI6Q, STM32U545VET6, STM32U545VET6Q, STM32U595AIH6, STM32U595AIH6Q, STM32U595AJH6, STM32U595AJH6Q, STM32U595QII6, STM32U595QII6Q, STM32U595QJI6, STM32U595QJI6Q, STM32U595RIT6, STM32U595RIT6Q, STM32U595RJT6, STM32U595RJT6Q, STM32U595VIT6, STM32U595VIT6Q, STM32U595VJT6, STM32U595VJT6Q, STM32U595ZIT6, STM32U595ZIT6Q, STM32U595ZIY6QTR, STM32U595ZJT6, STM32U595ZJT6Q, STM32U595ZJY6QTR, STM32U599BJY6QTR, STM32U599NIH6Q, STM32U599NJH6Q, STM32U599VIT6Q, STM32U599VJT6, STM32U599VJT6Q, STM32U599ZIT6Q, STM32U599ZIY6QTR, STM32U599ZJT6Q, STM32U599ZJY6QTR, STM32U5A5AJH6, STM32U5A5AJH6Q, STM32U5A5QJI6, STM32U5A5QJI6Q, STM32U5A5RJT6, STM32U5A5RJT6Q, STM32U5A5VJT6, STM32U5A5VJT6Q, STM32U5A5ZJT6, STM32U5A5ZJT6Q, STM32U5A5ZJY6QTR, STM32U5A9BJY6QTR, STM32U5A9J-DK, STM32U5A9NJH6Q, STM32U5A9VJT6Q, STM32U5A9ZJT6Q, STM32U5A9ZJY6QTR, STM32U5F7VIT6, STM32U5F7VIT6Q, STM32U5F7VJT6, STM32U5F7VJT6Q, STM32U5F9BJY6QTR, STM32U5F9NJH6Q, STM32U5F9VIT6Q, STM32U5F9VJT6Q, STM32U5F9ZIJ6QTR, STM32U5F9ZIT6Q, STM32U5F9ZJJ6QTR, STM32U5F9ZJT6Q, STM32U5G7VJT6, STM32U5G7VJT6Q, STM32U5G9BJY6QTR, STM32U5G9J-DK1, STM32U5G9J-DK2, STM32U5G9NJH6Q, STM32U5G9VJT6Q, STM32U5G9ZJJ6QTR, STM32U5G9ZJT6Q, STM32WB1MMCH6, STM32WBA50KEU6, STM32WBA50KEU6TR, STM32WBA50KGU6, STM32WBA50KGU6TR, STM32WBA52CEU6, STM32WBA52CEU6TR, STM32WBA52CEU7, STM32WBA52CEU7TR, STM32WBA52CGU6, STM32WBA52CGU6TR, STM32WBA52CGU6U, STM32WBA52CGU7, STM32WBA52CGU7TR, STM32WBA52KEU6, STM32WBA52KEU6TR, STM32WBA52KGU6, STM32WBA52KGU6TR, STM32WBA54CEU6, STM32WBA54CEU6TR, STM32WBA54CEU7, STM32WBA54CEU7TR, STM32WBA54CGU6, STM32WBA54CGU6TR, STM32WBA54CGU7, STM32WBA54CGU7TR, STM32WBA54KEU6, STM32WBA54KEU6TR, STM32WBA54KEU7, STM32WBA54KEU7TR, STM32WBA54KGU6, STM32WBA54KGU6TR, STM32WBA54KGU7, STM32WBA54KGU7TR, STM32WBA55CEU6, STM32WBA55CEU6TR, STM32WBA55CEU7, STM32WBA55CEU7TR, STM32WBA55CGU6, STM32WBA55CGU6TR, STM32WBA55CGU6U, STM32WBA55CGU7, STM32WBA55CGU7TR, STM32WBA55G-DK1, STM32WBA55HEF6, STM32WBA55HEF7, STM32WBA55HGF6, STM32WBA55HGF7, STM32WBA55UEI6, STM32WBA55UEI6TR, STM32WBA55UEI7, STM32WBA55UEI7TR, STM32WBA55UGI6, STM32WBA55UGI6TR, STM32WBA55UGI7, STM32WBA55UGI7TR, STM32WL5MOCH6, STM32WL5MOCH6TR]
2024-03-22 20:54:51,448 [INFO] BoardInfo:889 - No configuration file found for board P-NUCLEO-WB55
2024-03-22 20:54:51,448 [INFO] DbBoards:161 - Kit is not supported: P-NUCLEO-WB55
2024-03-22 20:54:51,451 [INFO] BoardInfo:889 - No configuration file found for board STEVAL-BFA001V1B
2024-03-22 20:54:51,451 [INFO] DbBoards:161 - Kit is not supported: STEVAL-BFA001V1B
2024-03-22 20:54:51,452 [INFO] BoardInfo:889 - No configuration file found for board STEVAL-BFA001V2B
2024-03-22 20:54:51,452 [INFO] DbBoards:161 - Kit is not supported: STEVAL-BFA001V2B
2024-03-22 20:54:51,541 [INFO] DbBoards:168 - Found 193 boards, 190 are supported
2024-03-22 20:54:51,541 [INFO] DbBoards:169 - Found 193 boards, 3 of them is supported for  Bsp
2024-03-22 20:54:51,543 [INFO] ApiDb:414 - User favorites file not found: C:\Users\Min/.stm32cubeide/favorites.boards.txt
2024-03-22 20:54:51,543 [INFO] DbBoards:198 - Set 0 / 0 favorites Boards
2024-03-22 20:54:51,545 [INFO] ApiDb:668 - CubeFinder database Data Model version=2.1
2024-03-22 20:54:51,545 [INFO] ApiDb:669 - CubeFinder database Configuration version=3.0.39
2024-03-22 20:54:51,545 [INFO] ApiDb:670 - CubeFinder database generation date=2024-03-02 (1709305525)
2024-03-22 20:54:51,545 [INFO] ApiDb:671 - CubeFinder database FW Pack versions=[FP-ATR-ASTRA1_V2.0.0, FP-SNS-FLIGHT1_V5.0.1, FP-SNS-FLIGHT1_V5.0.2, FP-SNS-MOTENV1_V4.3.1, FP-SNS-MOTENV1_V4.3.2, FP-SNS-MOTENVWB1_V1.3.1, FP-SNS-SMARTAG2_V1.2.0, STM32Cube_FW_C0_V1.1.0, STM32Cube_FW_F4_V1.28.0, STM32Cube_FW_F7_V1.17.0, STM32Cube_FW_G0_V1.6.2, STM32Cube_FW_G4_V1.5.2, STM32Cube_FW_H5_V0.5.1, STM32Cube_FW_H5_V1.1.1, STM32Cube_FW_H5_V1.2.0, STM32Cube_FW_H5_V1.2.0RC4, STM32Cube_FW_H7RS_V1.0.0, STM32Cube_FW_H7RS_V1.0.0RC4, STM32Cube_FW_H7_V1.11.0, STM32Cube_FW_L0_V1.12.2, STM32Cube_FW_L5_V1.5.1, STM32Cube_FW_U0_V1.0.0, STM32Cube_FW_U0_V1.0.0RC1, STM32Cube_FW_U5_V1.3.0RC4, STM32Cube_FW_U5_V1.5.0, STM32Cube_FW_U5_V1.5.0RC1, STM32Cube_FW_WBA_V1.0.0RC1, STM32Cube_FW_WBA_V1.2.0, STM32Cube_FW_WBA_V1.2.0RC2, STM32Cube_FW_WBA_V1.3.0, STM32Cube_FW_WBA_V1.3.0RC1, STM32Cube_FW_WB_V1.15.0RC1, STM32Cube_FW_WB_V1.16.0, STM32Cube_FW_WB_V1.16.0RC2, STM32Cube_FW_WB_V1.18.0, STM32Cube_FW_WB_V1.19.0, STM32Cube_FW_WL_V1.3.0, X-CUBE-ALGOBUILD_V1.3.0, X-CUBE-ALS_V1.0.1, X-CUBE-AZRTOS-F4_V1.1.0, X-CUBE-AZRTOS-F7_V1.1.0, X-CUBE-AZRTOS-G0_V1.1.0, X-CUBE-AZRTOS-G4_V2.0.0, X-CUBE-AZRTOS-H7_V3.2.0, X-CUBE-AZRTOS-L4_V1.0.0, X-CUBE-AZRTOS-L4_V2.0.0, X-CUBE-AZRTOS-L5_V1.1.0, X-CUBE-AZRTOS-WB_V2.0.0, X-CUBE-AZRTOS-WL_V2.0.0, X-CUBE-BLE1_V7.0.0, X-CUBE-BLE2_V3.3.0, X-CUBE-BLEMGR_V3.1.0, X-CUBE-EEPRMA1_V4.1.0, X-CUBE-EEPRMA1_V5.1.0, X-CUBE-FREERTOS_V1.1.0, X-CUBE-GNSS1_V6.0.0, X-CUBE-MEMS1_V10.0.0, X-CUBE-MEMS1_V9.1.0, X-CUBE-MEMS1_V9.4.0, X-CUBE-MEMS1_V9.6.0, X-CUBE-NFC4_V3.0.0, X-CUBE-NFC7_V1.0.1, X-CUBE-SFXS2LP1_V4.0.0, X-CUBE-SUBG2_V5.0.0, X-CUBE-TOF1_V3.4.0]
2024-03-22 20:54:52,006 [ERROR] DbExamplesSqlite:437 - Missing JSON key: board_cpn
2024-03-22 20:54:52,006 [ERROR] DbExamplesSqlite:437 - Missing JSON key: board_cpn
2024-03-22 20:54:52,006 [ERROR] DbExamplesSqlite:437 - Missing JSON key: board_cpn
2024-03-22 20:54:52,006 [ERROR] DbExamplesSqlite:437 - Missing JSON key: board_cpn
2024-03-22 20:54:52,079 [INFO] DbExamplesSqlite:395 - Ignored 60 examples not supported by CubeIDE
2024-03-22 20:54:52,079 [INFO] DbExamplesSqlite:396 - Found 8152 examples active
2024-03-22 20:54:52,080 [INFO] DbExamplesSqlite:397 - Found 871 examples obsolete
2024-03-22 20:54:52,080 [INFO] DbExamplesSqlite:398 - Found 0 examples under development
2024-03-22 20:54:52,080 [INFO] DbExamplesSqlite:399 - Found 10 examples not building
2024-03-22 20:54:52,081 [INFO] DbExamples:125 - Found 8102 examples
2024-03-22 20:54:52,153 [ERROR] DbExamples:208 - Found 542 examples with invalid data (board or MCU)
2024-03-22 20:54:52,153 [INFO] DbExamples:222 - Found 95 boards with related examples
2024-03-22 20:54:52,154 [INFO] DbExamples:235 - Found 80 MCUs with related examples
2024-03-22 20:54:52,168 [INFO] ApiDb:414 - User favorites file not found: C:\Users\Min/.stm32cubeide/favorites.examples.txt
2024-03-22 20:54:52,168 [INFO] DbExamples:250 - Set 0 / 0 favorites Examples
2024-03-22 20:54:52,395 [WARN] PackLoader:240 - Cannot read IP mode file for STMicroelectronics.X-CUBE-SMBUS.2.1.0
2024-03-22 20:54:52,398 [INFO] McuFinderGlobals:76 - Set McuFinderConnectedMode to true
2024-03-22 20:54:52,406 [INFO] MultiScanPanel:200 - Auto-refresh data requested => check proxy status ongoing
2024-03-22 20:54:52,407 [INFO] FinderPluginLoader:95 - Searching for filters in installed packs
2024-03-22 20:54:52,408 [WARN] PackLoader:240 - Cannot read IP mode file for STMicroelectronics.X-CUBE-TOUCHGFX.4.23.0
2024-03-22 20:54:52,434 [WARN] PackLoader:240 - Cannot read IP mode file for STMicroelectronics.X-CUBE-AZRTOS-F7.1.1.0
2024-03-22 20:54:52,447 [WARN] PackLoader:240 - Cannot read IP mode file for STMicroelectronics.FP-SNS-MOTENV1.4.3.2
2024-03-22 20:54:52,453 [WARN] PackLoader:240 - Cannot read IP mode file for STMicroelectronics.FP-SNS-FLIGHT1.5.0.2
2024-03-22 20:54:52,466 [WARN] PackLoader:240 - Cannot read IP mode file for STMicroelectronics.X-CUBE-DISPLAY.3.0.0
2024-03-22 20:54:52,478 [WARN] PackLoader:240 - Cannot read IP mode file for STMicroelectronics.X-CUBE-BLE1.7.0.0
2024-03-22 20:54:52,488 [WARN] PackLoader:240 - Cannot read IP mode file for emotas.I-CUBE-CANOPEN.1.3.0
2024-03-22 20:54:52,502 [WARN] PackLoader:240 - Cannot read IP mode file for STMicroelectronics.X-CUBE-BLEMGR.3.1.0
2024-03-22 20:54:52,515 [WARN] PackLoader:240 - Cannot read IP mode file for STMicroelectronics.FP-SNS-SMARTAG2.1.2.0
2024-03-22 20:54:52,529 [INFO] LogOutputStream:77 - [STDOUT_REDIRECT] 1 : Invalid condition id : UX_CORESTACK_Condition cause : null
2024-03-22 20:54:52,530 [INFO] LogOutputStream:77 - [STDOUT_REDIRECT] 1 : Invalid condition id : UX_CORESTACK_Condition cause : null
2024-03-22 20:54:52,530 [INFO] LogOutputStream:77 - [STDOUT_REDIRECT] 1 : Invalid condition id : UX_CORESTACK_Condition cause : null
2024-03-22 20:54:52,531 [INFO] LogOutputStream:77 - [STDOUT_REDIRECT] 1 : Invalid condition id : UX_CORESTACK_Condition cause : null
2024-03-22 20:54:52,532 [INFO] LogOutputStream:77 - [STDOUT_REDIRECT] 1 : Invalid condition id : UX_CORESTACK_Condition cause : null
2024-03-22 20:54:52,534 [WARN] PackLoader:240 - Cannot read IP mode file for STMicroelectronics.X-CUBE-AZRTOS-WL.2.0.0
2024-03-22 20:54:52,546 [WARN] PackLoader:240 - Cannot read IP mode file for WES.I-CUBE-Cesium.1.3.0
2024-03-22 20:54:52,555 [WARN] PackLoader:240 - Cannot read IP mode file for STMicroelectronics.X-CUBE-BLE2.3.3.0
2024-03-22 20:54:52,564 [WARN] PackLoader:240 - Cannot read IP mode file for STMicroelectronics.X-CUBE-ALGOBUILD.1.3.0
2024-03-22 20:54:52,583 [WARN] PackLoader:240 - Cannot read IP mode file for STMicroelectronics.X-CUBE-AZRTOS-G0.1.1.0
2024-03-22 20:54:52,596 [WARN] PackLoader:240 - Cannot read IP mode file for STMicroelectronics.X-CUBE-NFC4.3.0.0
2024-03-22 20:54:52,600 [WARN] PackLoader:240 - Cannot read IP mode file for STMicroelectronics.FP-ATR-SIGFOX1.3.2.0
2024-03-22 20:54:52,609 [WARN] PackLoader:240 - Cannot read IP mode file for STMicroelectronics.X-CUBE-EEPRMA1.5.1.0
2024-03-22 20:54:52,632 [WARN] PackLoader:240 - Cannot read IP mode file for SEGGER.I-CUBE-embOS.1.3.1
2024-03-22 20:54:52,661 [WARN] PackLoader:240 - Cannot read IP mode file for STMicroelectronics.X-CUBE-GNSS1.6.0.0
2024-03-22 20:54:52,682 [WARN] PackLoader:240 - Cannot read IP mode file for STMicroelectronics.X-CUBE-AZRTOS-F4.1.1.0
2024-03-22 20:54:52,692 [WARN] PackLoader:240 - Cannot read IP mode file for wolfSSL.I-CUBE-wolfSSL.5.6.6
2024-03-22 20:54:52,713 [WARN] PackLoader:240 - Cannot read IP mode file for STMicroelectronics.X-CUBE-AZRTOS-L5.2.0.0
2024-03-22 20:54:52,719 [WARN] PackLoader:240 - Cannot read IP mode file for STMicroelectronics.X-CUBE-NFC6.3.1.0
2024-03-22 20:54:52,731 [WARN] PackLoader:240 - Cannot read IP mode file for ITTIA_DB.I-CUBE-ITTIADB.8.8.0
2024-03-22 20:54:52,740 [WARN] PackLoader:240 - Cannot read IP mode file for STMicroelectronics.X-CUBE-NFC7.1.0.1
2024-03-22 20:54:52,751 [WARN] PackLoader:240 - Cannot read IP mode file for STMicroelectronics.X-CUBE-NFC6.3.0.0
2024-03-22 20:54:52,760 [WARN] PackLoader:240 - Cannot read IP mode file for STMicroelectronics.X-CUBE-AI.8.1.0
2024-03-22 20:54:52,782 [WARN] ConditionMgr:438 - getConditionDescription Invalid condition id : LAN8742 Phy interface Condition cause : null
2024-03-22 20:54:52,783 [WARN] PackLoader:240 - Cannot read IP mode file for STMicroelectronics.X-CUBE-AZRTOS-L4.2.0.0
2024-03-22 20:54:52,783 [WARN] ConditionMgr:1039 - genDependencies : Invalid condition id : LAN8742 Phy interface Condition cause : null
2024-03-22 20:54:52,784 [WARN] ConditionMgr:1039 - genDependencies : Invalid condition id : LAN8742 Phy interface Condition cause : null
2024-03-22 20:54:52,784 [WARN] ConditionMgr:1039 - genDependencies : Invalid condition id : LAN8742 Phy interface Condition cause : null
2024-03-22 20:54:52,796 [WARN] PackLoader:240 - Cannot read IP mode file for STMicroelectronics.X-CUBE-SFXS2LP1.4.0.0
2024-03-22 20:54:52,827 [WARN] ConditionMgr:438 - getConditionDescription Invalid condition id : UX DEVICE CLASS RTOS Condition cause : null
2024-03-22 20:54:52,827 [WARN] ConditionMgr:438 - getConditionDescription Invalid condition id : UX DEVICE CLASS RTOS Condition cause : null
2024-03-22 20:54:52,829 [WARN] PackLoader:240 - Cannot read IP mode file for STMicroelectronics.X-CUBE-AZRTOS-WB.2.0.0
2024-03-22 20:54:52,829 [WARN] ConditionMgr:1039 - genDependencies : Invalid condition id : UX DEVICE CLASS RTOS Condition cause : null
2024-03-22 20:54:52,829 [WARN] ConditionMgr:1039 - genDependencies : Invalid condition id : UX DEVICE CLASS RTOS Condition cause : null
2024-03-22 20:54:52,829 [WARN] ConditionMgr:1039 - genDependencies : Invalid condition id : UX DEVICE CLASS RTOS Condition cause : null
2024-03-22 20:54:52,830 [WARN] ConditionMgr:1039 - genDependencies : Invalid condition id : UX DEVICE CLASS RTOS Condition cause : null
2024-03-22 20:54:52,830 [WARN] ConditionMgr:1039 - genDependencies : Invalid condition id : UX DEVICE CLASS RTOS Condition cause : null
2024-03-22 20:54:52,844 [WARN] PackLoader:240 - Cannot read IP mode file for STMicroelectronics.X-CUBE-SUBG2.5.0.0
2024-03-22 20:54:52,865 [WARN] PackLoader:240 - Cannot read IP mode file for STMicroelectronics.X-CUBE-AZRTOS-G4.2.0.0
2024-03-22 20:54:52,882 [WARN] PackLoader:240 - Cannot read IP mode file for Infineon.AIROC-Wi-Fi-Bluetooth-STM32.1.5.1
2024-03-22 20:54:52,888 [WARN] PackLoader:240 - Cannot read IP mode file for STMicroelectronics.FP-SNS-MOTENVWB1.1.3.1
2024-03-22 20:54:52,898 [WARN] PackLoader:240 - Cannot read IP mode file for STMicroelectronics.X-CUBE-ISPU.2.0.0
2024-03-22 20:54:52,930 [WARN] PackLoader:240 - Cannot read IP mode file for STMicroelectronics.X-CUBE-MEMS1.10.0.0
2024-03-22 20:54:52,993 [WARN] PackLoader:240 - Cannot read IP mode file for STMicroelectronics.X-CUBE-FREERTOS.1.1.0
2024-03-22 20:54:53,005 [WARN] PackLoader:240 - Cannot read IP mode file for portGmbH.I-Cube-SoM-uGOAL.1.1.0
2024-03-22 20:54:53,013 [WARN] PackLoader:240 - Cannot read IP mode file for STMicroelectronics.X-CUBE-ALS.1.0.1
2024-03-22 20:54:53,017 [WARN] PackLoader:240 - Cannot read IP mode file for STMicroelectronics.FP-ATR-ASTRA1.2.0.0
2024-03-22 20:54:53,031 [WARN] PackLoader:240 - Cannot read IP mode file for STMicroelectronics.X-CUBE-TOF1.3.4.1
2024-03-22 20:54:53,057 [WARN] PackLoader:240 - Cannot read IP mode file for STMicroelectronics.X-CUBE-AZRTOS-H7.3.2.0
2024-03-22 20:54:53,059 [INFO] ThirdParty:978 - Integrity check success = true
2024-03-22 20:54:53,059 [INFO] IntegrityCheckThread:100 - exiting critical section [integrity check]
2024-03-22 20:54:53,059 [INFO] IntegrityCheckThread:103 - End integrity checks thread
2024-03-22 20:54:53,420 [INFO] LoadUrlFilesThread:185 - End of LoadServerUrlFiles without Thread
2024-03-22 20:54:53,433 [INFO] DetailPanel:341 - Set advertising image to C:/Users/Min/STM32Cube/Repository/\en.prom-stm32wl3-mcu-finder.jpg
2024-03-22 20:55:04,680 [ERROR] LogOutputStream:75 - [STDERR_REDIRECT] SLF4J: Failed to load class "org.slf4j.impl.StaticLoggerBinder".
2024-03-22 20:55:04,680 [ERROR] LogOutputStream:75 - [STDERR_REDIRECT] SLF4J: Defaulting to no-operation (NOP) logger implementation
2024-03-22 20:55:04,681 [ERROR] LogOutputStream:75 - [STDERR_REDIRECT] SLF4J: See http://www.slf4j.org/codes.html#StaticLoggerBinder for further details.
2024-03-22 20:55:25,919 [INFO] MultiScanPanel:200 - Auto-refresh data requested => check proxy status ongoing
2024-03-22 20:55:25,998 [INFO] LoadUrlFilesThread:185 - End of LoadServerUrlFiles without Thread
2024-03-22 20:55:25,998 [INFO] DetailPanel:341 - Set advertising image to C:/Users/Min/STM32Cube/Repository/\en.prom-stm32wl3-mcu-finder.jpg
2024-03-22 20:55:26,006 [INFO] DbBoards:642 - Loading board mini-images...
2024-03-22 20:55:26,572 [ERROR] DbBoards:659 - Image file not found for board NUCLEO-WBA55CG: C:\Users\Min\.stmcufinder\plugins\mcufinder//mcu//boards_images/NUCLEO-WBA55CG.jpg
2024-03-22 20:55:27,269 [ERROR] DbBoards:659 - Image file not found for board STM32WBA55G-DK1: C:\Users\Min\.stmcufinder\plugins\mcufinder//mcu//boards_images/STM32WBA55G-DK1.jpg
2024-03-22 20:55:27,269 [INFO] DbBoards:665 - Loaded 191 board mini-images
2024-03-22 20:56:06,892 [INFO] MainUpdater:2873 - connection check result : 10
2024-03-22 20:56:06,892 [INFO] MainUpdater:2873 - connection check result : 10
2024-03-22 20:56:06,919 [INFO] MicroXplorer:468 - Change Database Path : 
2024-03-22 20:56:06,919 [INFO] MicroXplorer:498 - Change Database Version : DB.6.0.100
2024-03-22 20:56:06,923 [WARN] ThirdParty:871 - waiting for thirdparty lock release [close project]
2024-03-22 20:56:06,923 [INFO] ThirdParty:873 - entering critical section [close project]
2024-03-22 20:56:06,923 [INFO] ThirdParty:883 - exiting critical section [close project]
2024-03-22 20:56:06,925 [INFO] PinOutPanel:1499 - setPackage(No Configuration,No Configuration)
2024-03-22 20:56:06,926 [INFO] UtilMem:75 - Begin LoadConfig() Used Memory: 710374264 Bytes (1073741824)
2024-03-22 20:56:06,927 [INFO] MicroXplorer:468 - Change Database Path : 
2024-03-22 20:56:06,927 [INFO] MicroXplorer:498 - Change Database Version : DB.6.0.100
2024-03-22 20:56:06,927 [INFO] OpenFileManager:312 - Change cursor
2024-03-22 20:56:07,042 [INFO] Mcu:2016 - Initializing MCU STM32L432KCUx STM32L432KCUx STM32L432KCU3
2024-03-22 20:56:08,142 [INFO] Context:659 - Trying to add GPIOservice into a context  which must be forbidden
2024-03-22 20:56:08,467 [INFO] ImportTextPane:194 - (OptionalMessage_ERROR) Unable to find key (Mcu.ThirdPartyNb) in loaded IOC file
2024-03-22 20:56:08,468 [INFO] ImportTextPane:194 - (OptionalMessage_ERROR) Unable to find key (Mcu.PinsNb) in loaded IOC file
2024-03-22 20:56:08,468 [INFO] ImportTextPane:194 - (OptionalMessage_ERROR) Unable to find key (Mcu.IPNb) in loaded IOC file
2024-03-22 20:56:08,524 [INFO] RtosManager:555 - Registered RTOS mode: class=CMSIS, group=RTOS, mode=CMSIS_V1, owner=FREERTOS
2024-03-22 20:56:08,525 [INFO] RtosManager:555 - Registered RTOS mode: class=CMSIS, group=RTOS2, mode=CMSIS_V2, owner=FREERTOS
2024-03-22 20:56:08,525 [INFO] RtosManager:555 - Registered RTOS mode: class=RTOS, group=Core, mode=CMSIS_V1, owner=FREERTOS
2024-03-22 20:56:08,525 [INFO] RtosManager:555 - Registered RTOS mode: class=RTOS, group=Core, mode=CMSIS_V2, owner=FREERTOS
2024-03-22 20:56:08,525 [WARN] ModelIntegratedComponent:184 - Missing modes for component STMicroelectronics:FreeRTOS:0.0.1:STMicroelectronics:RTOS:FreeRTOS:Core:::10.2.0:
2024-03-22 20:56:08,539 [WARN] ModelIntegratedComponent:63 - No mode defined for component null
2024-03-22 20:56:08,539 [WARN] ModelIntegratedComponent:63 - No mode defined for component null
2024-03-22 20:56:08,539 [WARN] ModelIntegratedComponent:63 - No mode defined for component null
2024-03-22 20:56:08,539 [WARN] ModelIntegratedComponent:63 - No mode defined for component null
2024-03-22 20:56:08,539 [WARN] ModelIntegratedComponent:63 - No mode defined for component null
2024-03-22 20:56:08,539 [WARN] ModelIntegratedComponent:63 - No mode defined for component null
2024-03-22 20:56:08,539 [WARN] ModelIntegratedComponent:63 - No mode defined for component null
2024-03-22 20:56:08,539 [WARN] ModelIntegratedComponent:63 - No mode defined for component null
2024-03-22 20:56:08,539 [WARN] ModelIntegratedComponent:63 - No mode defined for component null
2024-03-22 20:56:08,539 [WARN] ModelIntegratedComponent:63 - No mode defined for component null
2024-03-22 20:56:08,539 [WARN] ModelIntegratedComponent:63 - No mode defined for component null
2024-03-22 20:56:08,539 [WARN] ModelIntegratedComponent:63 - No mode defined for component null
2024-03-22 20:56:08,539 [WARN] ModelIntegratedComponent:63 - No mode defined for component null
2024-03-22 20:56:08,539 [WARN] ModelIntegratedComponent:63 - No mode defined for component null
2024-03-22 20:56:08,539 [WARN] ModelIntegratedComponent:63 - No mode defined for component null
2024-03-22 20:56:08,539 [WARN] ModelIntegratedComponent:63 - No mode defined for component null
2024-03-22 20:56:08,539 [WARN] ModelIntegratedComponent:63 - No mode defined for component null
2024-03-22 20:56:08,539 [WARN] ModelIntegratedComponent:63 - No mode defined for component null
2024-03-22 20:56:08,539 [WARN] ModelIntegratedComponent:63 - No mode defined for component null
2024-03-22 20:56:08,540 [WARN] ModelIntegratedComponent:63 - No mode defined for component null
2024-03-22 20:56:08,540 [WARN] ModelIntegratedComponent:63 - No mode defined for component null
2024-03-22 20:56:08,540 [WARN] ModelIntegratedComponent:63 - No mode defined for component null
2024-03-22 20:56:08,540 [WARN] ModelIntegratedComponent:63 - No mode defined for component null
2024-03-22 20:56:08,540 [WARN] ModelIntegratedComponent:63 - No mode defined for component null
2024-03-22 20:56:08,540 [WARN] ModelIntegratedComponent:63 - No mode defined for component null
2024-03-22 20:56:08,540 [WARN] ModelIntegratedComponent:63 - No mode defined for component null
2024-03-22 20:56:08,540 [WARN] ModelIntegratedComponent:63 - No mode defined for component null
2024-03-22 20:56:08,540 [WARN] ModelIntegratedComponent:63 - No mode defined for component null
2024-03-22 20:56:08,540 [WARN] ModelIntegratedComponent:63 - No mode defined for component null
2024-03-22 20:56:08,540 [WARN] ModelIntegratedComponent:63 - No mode defined for component null
2024-03-22 20:56:08,540 [WARN] ModelIntegratedComponent:63 - No mode defined for component null
2024-03-22 20:56:08,540 [WARN] ModelIntegratedComponent:63 - No mode defined for component null
2024-03-22 20:56:08,540 [WARN] ModelIntegratedComponent:63 - No mode defined for component null
2024-03-22 20:56:08,625 [INFO] ThirdPartyModel:298 - Start build external matchings
2024-03-22 20:56:08,862 [INFO] ThirdPartyModel:316 - End build external matchings
2024-03-22 20:56:09,043 [INFO] UtilMem:75 - End LoadConfig() Used Memory: 844161528 Bytes (1073741824)
2024-03-22 20:56:09,120 [INFO] MicroXplorer:468 - Change Database Path : 
2024-03-22 20:56:09,120 [INFO] MicroXplorer:498 - Change Database Version : DB.6.0.100
2024-03-22 20:56:09,121 [WARN] ThirdParty:833 - waiting for thirdparty lock release [change project]
2024-03-22 20:56:09,121 [INFO] ThirdParty:835 - entering critical section [change project]
2024-03-22 20:56:09,121 [INFO] ThirdParty:1030 - CMSIS Pack Vendor :STMicroelectronics USBPD 4.1
2024-03-22 20:56:09,121 [INFO] ThirdParty:1030 - CMSIS Pack Vendor :STMicroelectronics X-CUBE-GNSS1 6.0.0
2024-03-22 20:56:09,121 [INFO] ThirdParty:1030 - CMSIS Pack Vendor :STMicroelectronics USB_HOST 2.0.0
2024-03-22 20:56:09,121 [INFO] ThirdParty:1030 - CMSIS Pack Vendor :STMicroelectronics X-CUBE-AZRTOS-F4 1.1.0
2024-03-22 20:56:09,121 [INFO] ThirdParty:1030 - CMSIS Pack Vendor :STMicroelectronics LIBJPEG 8.0.0
2024-03-22 20:56:09,121 [INFO] ThirdParty:1030 - CMSIS Pack Vendor :STMicroelectronics X-CUBE-SMBUS 2.1.0
2024-03-22 20:56:09,121 [INFO] ThirdParty:1030 - CMSIS Pack Vendor :STMicroelectronics USB_DEVICE 3.0.0
2024-03-22 20:56:09,121 [INFO] ThirdParty:1030 - CMSIS Pack Vendor :STMicroelectronics X-CUBE-AZRTOS-WB 2.0.0
2024-03-22 20:56:09,121 [INFO] ThirdParty:1030 - CMSIS Pack Vendor :wolfSSL I-CUBE-wolfSSL 5.6.6
2024-03-22 20:56:09,121 [INFO] ThirdParty:1030 - CMSIS Pack Vendor :STMicroelectronics X-CUBE-TOUCHGFX 4.23.0
2024-03-22 20:56:09,121 [INFO] ThirdParty:1030 - CMSIS Pack Vendor :STMicroelectronics X-CUBE-AZRTOS-F7 1.1.0
2024-03-22 20:56:09,121 [INFO] ThirdParty:1030 - CMSIS Pack Vendor :STMicroelectronics X-CUBE-AZRTOS-L5 2.0.0
2024-03-22 20:56:09,121 [INFO] ThirdParty:1030 - CMSIS Pack Vendor :STMicroelectronics USB_DEVICE 2.0.0
2024-03-22 20:56:09,121 [INFO] ThirdParty:1030 - CMSIS Pack Vendor :STMicroelectronics X-CUBE-NFC6 3.1.0
2024-03-22 20:56:09,121 [INFO] ThirdParty:1030 - CMSIS Pack Vendor :ITTIA_DB I-CUBE-ITTIADB 8.8.0
2024-03-22 20:56:09,121 [INFO] ThirdParty:1030 - CMSIS Pack Vendor :STMicroelectronics FP-SNS-MOTENV1 4.3.2
2024-03-22 20:56:09,121 [INFO] ThirdParty:1030 - CMSIS Pack Vendor :STMicroelectronics X-CUBE-ALGOBUILD 1.3.0
2024-03-22 20:56:09,121 [INFO] ThirdParty:1030 - CMSIS Pack Vendor :STMicroelectronics FreeRTOS 0.0.1
2024-03-22 20:56:09,121 [INFO] ThirdParty:1030 - CMSIS Pack Vendor :STMicroelectronics X-CUBE-AZRTOS-G0 1.1.0
2024-03-22 20:56:09,121 [INFO] ThirdParty:1030 - CMSIS Pack Vendor :STMicroelectronics X-CUBE-NFC4 3.0.0
2024-03-22 20:56:09,121 [INFO] ThirdParty:1030 - CMSIS Pack Vendor :STMicroelectronics X-CUBE-SUBG2 5.0.0
2024-03-22 20:56:09,121 [INFO] ThirdParty:1030 - CMSIS Pack Vendor :STMicroelectronics STM32_WPAN 1.0.0
2024-03-22 20:56:09,121 [INFO] ThirdParty:1030 - CMSIS Pack Vendor :STMicroelectronics lwIP 2.0.3
2024-03-22 20:56:09,121 [INFO] ThirdParty:1030 - CMSIS Pack Vendor :STMicroelectronics FP-SNS-FLIGHT1 5.0.2
2024-03-22 20:56:09,121 [INFO] ThirdParty:1030 - CMSIS Pack Vendor :STMicroelectronics USB_HOST 1.0.0
2024-03-22 20:56:09,121 [INFO] ThirdParty:1030 - CMSIS Pack Vendor :STMicroelectronics X-CUBE-AZRTOS-G4 2.0.0
2024-03-22 20:56:09,121 [INFO] ThirdParty:1030 - CMSIS Pack Vendor :STMicroelectronics PDM2PCM 3.1.0
2024-03-22 20:56:09,121 [INFO] ThirdParty:1030 - CMSIS Pack Vendor :Infineon AIROC-Wi-Fi-Bluetooth-STM32 1.5.1
2024-03-22 20:56:09,122 [INFO] ThirdParty:1030 - CMSIS Pack Vendor :STMicroelectronics PDM2PCM 3.3.0
2024-03-22 20:56:09,122 [INFO] ThirdParty:1030 - CMSIS Pack Vendor :STMicroelectronics X-CUBE-DISPLAY 3.0.0
2024-03-22 20:56:09,122 [INFO] ThirdParty:1030 - CMSIS Pack Vendor :STMicroelectronics FP-SNS-MOTENVWB1 1.3.1
2024-03-22 20:56:09,122 [INFO] ThirdParty:1030 - CMSIS Pack Vendor :STMicroelectronics X-CUBE-BLE1 7.0.0
2024-03-22 20:56:09,122 [INFO] ThirdParty:1030 - CMSIS Pack Vendor :STMicroelectronics FP-ATR-SIGFOX1 3.2.0
2024-03-22 20:56:09,122 [INFO] ThirdParty:1030 - CMSIS Pack Vendor :STMicroelectronics X-CUBE-ISPU 2.0.0
2024-03-22 20:56:09,122 [INFO] ThirdParty:1030 - CMSIS Pack Vendor :STMicroelectronics X-CUBE-EEPRMA1 5.1.0
2024-03-22 20:56:09,122 [INFO] ThirdParty:1030 - CMSIS Pack Vendor :STMicroelectronics HAL Drivers 0.0.0
2024-03-22 20:56:09,122 [INFO] ThirdParty:1030 - CMSIS Pack Vendor :STMicroelectronics MBEDTLS 2.16.2
2024-03-22 20:56:09,122 [INFO] ThirdParty:1030 - CMSIS Pack Vendor :emotas I-CUBE-CANOPEN 1.3.0
2024-03-22 20:56:09,122 [INFO] ThirdParty:1030 - CMSIS Pack Vendor :STMicroelectronics X-CUBE-MEMS1 10.0.0
2024-03-22 20:56:09,122 [INFO] ThirdParty:1030 - CMSIS Pack Vendor :STMicroelectronics X-CUBE-FREERTOS 1.1.0
2024-03-22 20:56:09,122 [INFO] ThirdParty:1030 - CMSIS Pack Vendor :STMicroelectronics X-CUBE-NFC7 1.0.1
2024-03-22 20:56:09,122 [INFO] ThirdParty:1030 - CMSIS Pack Vendor :STMicroelectronics MBEDTLS 2.14.1
2024-03-22 20:56:09,122 [INFO] ThirdParty:1030 - CMSIS Pack Vendor :STMicroelectronics X-CUBE-NFC6 3.0.0
2024-03-22 20:56:09,122 [INFO] ThirdParty:1030 - CMSIS Pack Vendor :portGmbH I-Cube-SoM-uGOAL 1.1.0
2024-03-22 20:56:09,122 [INFO] ThirdParty:1030 - CMSIS Pack Vendor :STMicroelectronics X-CUBE-ALS 1.0.1
2024-03-22 20:56:09,122 [INFO] ThirdParty:1030 - CMSIS Pack Vendor :STMicroelectronics X-CUBE-BLEMGR 3.1.0
2024-03-22 20:56:09,122 [INFO] ThirdParty:1030 - CMSIS Pack Vendor :STMicroelectronics ThreadX 1.0.0
2024-03-22 20:56:09,122 [INFO] ThirdParty:1030 - CMSIS Pack Vendor :STMicroelectronics FP-SNS-SMARTAG2 1.2.0
2024-03-22 20:56:09,122 [INFO] ThirdParty:1030 - CMSIS Pack Vendor :STMicroelectronics X-CUBE-AZRTOS-WL 2.0.0
2024-03-22 20:56:09,122 [INFO] ThirdParty:1030 - CMSIS Pack Vendor :SEGGER I-CUBE-embOS 1.3.1
2024-03-22 20:56:09,122 [INFO] ThirdParty:1030 - CMSIS Pack Vendor :STMicroelectronics USB_DEVICE 1.0.0
2024-03-22 20:56:09,122 [INFO] ThirdParty:1030 - CMSIS Pack Vendor :STMicroelectronics X-CUBE-AI 8.1.0
2024-03-22 20:56:09,122 [INFO] ThirdParty:1030 - CMSIS Pack Vendor :STMicroelectronics X-CUBE-AZRTOS-L4 2.0.0
2024-03-22 20:56:09,122 [INFO] ThirdParty:1030 - CMSIS Pack Vendor :STMicroelectronics ThreadX 0.0.2
2024-03-22 20:56:09,122 [INFO] ThirdParty:1030 - CMSIS Pack Vendor :WES I-CUBE-Cesium 1.3.0
2024-03-22 20:56:09,122 [INFO] ThirdParty:1030 - CMSIS Pack Vendor :STMicroelectronics FP-ATR-ASTRA1 2.0.0
2024-03-22 20:56:09,122 [INFO] ThirdParty:1030 - CMSIS Pack Vendor :STMicroelectronics lwIP 2.1.2
2024-03-22 20:56:09,122 [INFO] ThirdParty:1030 - CMSIS Pack Vendor :STMicroelectronics X-CUBE-SFXS2LP1 4.0.0
2024-03-22 20:56:09,122 [INFO] ThirdParty:1030 - CMSIS Pack Vendor :STMicroelectronics X-CUBE-BLE2 3.3.0
2024-03-22 20:56:09,122 [INFO] ThirdParty:1030 - CMSIS Pack Vendor :STMicroelectronics X-CUBE-TOF1 3.4.1
2024-03-22 20:56:09,122 [INFO] ThirdParty:1030 - CMSIS Pack Vendor :STMicroelectronics X-CUBE-AZRTOS-H7 3.2.0
2024-03-22 20:56:09,122 [INFO] ThirdParty:1030 - CMSIS Pack Vendor :STMicroelectronics PDM2PCM 3.2.0
2024-03-22 20:56:09,123 [INFO] ThirdParty:841 - exiting critical section [change project]
2024-03-22 20:56:09,291 [INFO] PinOutPanel:1499 - setPackage(No Configuration,No Configuration)
2024-03-22 20:56:09,292 [INFO] PinOutPanel:1499 - setPackage(STM32L432KCUx,UFQFPN32)
2024-03-22 20:56:09,639 [INFO] UtilMem:75 - Before build in PCC Used Memory: 714478208 Bytes (1073741824)
2024-03-22 20:56:10,392 [INFO] UtilMem:75 - After build in PCC Used Memory: 896930432 Bytes (1073741824)
2024-03-22 20:56:10,410 [INFO] IPUIPlugin:80 - create IPUIPlugin
2024-03-22 20:56:10,411 [INFO] IPUIPlugin:80 - create IPUIPlugin
2024-03-22 20:56:10,411 [INFO] IPUIPlugin:80 - create IPUIPlugin
2024-03-22 20:56:10,411 [INFO] IPUIPlugin:80 - create IPUIPlugin
2024-03-22 20:56:10,411 [INFO] IPUIPlugin:80 - create IPUIPlugin
2024-03-22 20:56:10,411 [INFO] IPUIPlugin:80 - create IPUIPlugin
2024-03-22 20:56:10,411 [INFO] IPUIPlugin:80 - create IPUIPlugin
2024-03-22 20:56:10,411 [INFO] IPUIPlugin:80 - create IPUIPlugin
2024-03-22 20:56:10,411 [INFO] IPUIPlugin:80 - create IPUIPlugin
2024-03-22 20:56:10,412 [INFO] IPUIPlugin:80 - create IPUIPlugin
2024-03-22 20:56:10,412 [INFO] IPUIPlugin:80 - create IPUIPlugin
2024-03-22 20:56:10,412 [INFO] IPUIPlugin:80 - create IPUIPlugin
2024-03-22 20:56:10,412 [INFO] IPUIPlugin:80 - create IPUIPlugin
2024-03-22 20:56:10,412 [INFO] IPUIPlugin:80 - create IPUIPlugin
2024-03-22 20:56:10,412 [INFO] IPUIPlugin:80 - create IPUIPlugin
2024-03-22 20:56:10,412 [INFO] IPUIPlugin:80 - create IPUIPlugin
2024-03-22 20:56:10,413 [INFO] IPUIPlugin:80 - create IPUIPlugin
2024-03-22 20:56:10,413 [INFO] IPUIPlugin:80 - create IPUIPlugin
2024-03-22 20:56:10,413 [INFO] IPUIPlugin:80 - create IPUIPlugin
2024-03-22 20:56:10,413 [INFO] IPUIPlugin:80 - create IPUIPlugin
2024-03-22 20:56:10,413 [INFO] IPUIPlugin:80 - create IPUIPlugin
2024-03-22 20:56:10,413 [INFO] IPUIPlugin:80 - create IPUIPlugin
2024-03-22 20:56:10,413 [INFO] IPUIPlugin:80 - create IPUIPlugin
2024-03-22 20:56:10,413 [INFO] IPUIPlugin:80 - create IPUIPlugin
2024-03-22 20:56:10,413 [INFO] IPUIPlugin:80 - create IPUIPlugin
2024-03-22 20:56:10,415 [INFO] IPUIPlugin:80 - create IPUIPlugin
2024-03-22 20:56:10,415 [INFO] IPUIPlugin:80 - create IPUIPlugin
2024-03-22 20:56:10,415 [INFO] IPUIPlugin:80 - create IPUIPlugin
2024-03-22 20:56:10,416 [INFO] IPUIPlugin:80 - create IPUIPlugin
2024-03-22 20:56:10,416 [INFO] IPUIPlugin:80 - create IPUIPlugin
2024-03-22 20:56:10,416 [INFO] IPUIPlugin:80 - create IPUIPlugin
2024-03-22 20:56:10,416 [INFO] IPUIPlugin:80 - create IPUIPlugin
2024-03-22 20:56:10,416 [INFO] IPUIPlugin:80 - create IPUIPlugin
2024-03-22 20:56:10,417 [INFO] IPUIPlugin:80 - create IPUIPlugin
2024-03-22 20:56:10,417 [INFO] IPUIPlugin:80 - create IPUIPlugin
2024-03-22 20:56:10,417 [INFO] IPUIPlugin:80 - create IPUIPlugin
2024-03-22 20:56:10,417 [INFO] IPUIPlugin:80 - create IPUIPlugin
2024-03-22 20:56:10,417 [INFO] IPUIPlugin:80 - create IPUIPlugin
2024-03-22 20:56:10,418 [INFO] IPUIPlugin:80 - create IPUIPlugin
2024-03-22 20:56:10,418 [INFO] IPUIPlugin:80 - create IPUIPlugin
2024-03-22 20:56:10,418 [INFO] IPUIPlugin:80 - create IPUIPlugin
2024-03-22 20:56:10,552 [INFO] CADModel:165 - CPN selected for project levelSTM32L432KCU3
2024-03-22 20:56:10,552 [INFO] CADModel:114 - Register for checkConnection events
2024-03-22 20:56:10,598 [INFO] OpenFileManager:343 - Restore cursor
2024-03-22 20:56:10,913 [INFO] UtilMem:75 - End SaveConfig() Used Memory: 771527160 Bytes (1073741824)
2024-03-22 20:56:26,857 [INFO] McuFinderGlobals:76 - Set McuFinderConnectedMode to true
2024-03-22 20:56:26,861 [INFO] ApiDb:448 - Save user favorites file C:\Users\Min/.stm32cubeide/favorites.mcus.txt: 0 item(s)
2024-03-22 20:56:26,862 [INFO] ApiDb:452 - User favorites MCUs=[]
2024-03-22 20:56:26,863 [INFO] ApiDb:448 - Save user favorites file C:\Users\Min/.stm32cubeide/favorites.boards.txt: 0 item(s)
2024-03-22 20:56:26,863 [INFO] ApiDb:452 - User favorites Boards=[]
2024-03-22 20:56:35,841 [INFO] McuFinderGlobals:63 - Set McuFinder mode to 2 (CubeIDE integrated)
2024-03-22 20:56:35,841 [INFO] UserAuth:180 - activating auth plugin
2024-03-22 20:56:35,843 [INFO] UserAuth:404 - Internet connection configuration mode: 1
2024-03-22 20:58:58,900 [INFO] WebApp:610 - userauth.ini created with success
2024-03-22 20:59:18,702 [INFO] ServerAccessManage:473 - Download File stm32cube_fw_l4_v1180.zip
2024-03-22 21:02:01,664 [INFO] AnalyticsPlugin:368 - Accepted License(s): [FW.L4.1.18.0]
2024-03-22 21:02:01,664 [INFO] FileExtend:240 - Unzip File : stm32cube_fw_l4_v1180.zip
2024-03-22 21:02:01,665 [INFO] FileExtend:255 - Standard Zip Deflate
2024-03-22 21:02:33,455 [INFO] LoadServerPackagesThread:196 - End of LoadServerPackages Thread
2024-03-22 21:02:33,576 [INFO] ThirdPartyModel:298 - Start build external matchings
2024-03-22 21:02:33,581 [INFO] UtilMem:75 - End SaveConfig() Used Memory: 964616672 Bytes (1073741824)
2024-03-22 21:02:33,765 [INFO] ThirdPartyModel:316 - End build external matchings
2024-03-22 21:02:33,769 [INFO] CheckServerUpdateThread:120 - End of CheckServer Thread
2024-03-22 21:02:33,884 [INFO] BlockDiagram:2759 - set Specific Code input for plugin: NVIC
2024-03-22 21:02:33,885 [INFO] BlockDiagram:2759 - set Specific Code input for plugin: RCC
2024-03-22 21:02:33,886 [INFO] CodeGenerator:807 - code generatio: config db path: C:\ST\STM32CubeIDE_1.14.1\STM32CubeIDE\plugins\com.st.stm32cube.common.mx_6.10.0.202311202037\\db\
2024-03-22 21:02:34,059 [INFO] CodeEngine:255 - oldGeneratedFile, C:\capstone\L432\MXTmpFiles\license.tmp_save
2024-03-22 21:02:34,341 [INFO] CodeEngine:279 - Generated code: C:\capstone\L432\MXTmpFiles\license.tmp
2024-03-22 21:02:34,359 [INFO] CodeEngine:255 - oldGeneratedFile, C:\capstone\L432\Core\Src\stm32l4xx_it.c_save
2024-03-22 21:02:34,483 [INFO] CodeEngine:279 - Generated code: C:\capstone\L432\Core\Src\stm32l4xx_it.c
2024-03-22 21:02:34,493 [INFO] CodeEngine:255 - oldGeneratedFile, C:\capstone\L432\Core\Inc\stm32l4xx_it.h_save
2024-03-22 21:02:34,575 [INFO] CodeEngine:279 - Generated code: C:\capstone\L432\Core\Inc\stm32l4xx_it.h
2024-03-22 21:02:34,703 [INFO] CodeEngine:255 - oldGeneratedFile, C:\capstone\L432\Core\Src\stm32l4xx_hal_msp.c_save
2024-03-22 21:02:34,841 [INFO] CodeEngine:279 - Generated code: C:\capstone\L432\Core\Src\stm32l4xx_hal_msp.c
2024-03-22 21:02:34,853 [INFO] CodeEngine:255 - oldGeneratedFile, C:\capstone\L432\MXTmpFiles\system.tmp_save
2024-03-22 21:02:34,916 [INFO] CodeEngine:279 - Generated code: C:\capstone\L432\MXTmpFiles\system.tmp
2024-03-22 21:02:34,932 [INFO] CodeEngine:311 - oldGeneratedFile, C:\capstone\L432\Core\Inc\stm32l4xx_hal_conf.h_save
2024-03-22 21:02:35,026 [INFO] CodeEngine:335 - Generated code: C:\capstone\L432\Core\Inc\stm32l4xx_hal_conf.h
2024-03-22 21:02:35,078 [INFO] CodeEngine:255 - oldGeneratedFile, C:\capstone\L432\Core\Inc\main.h_save
2024-03-22 21:02:35,171 [INFO] CodeEngine:279 - Generated code: C:\capstone\L432\Core\Inc\main.h
2024-03-22 21:02:35,181 [INFO] CodeEngine:255 - oldGeneratedFile, C:\capstone\L432\Core\Src\main.c_save
2024-03-22 21:02:35,290 [INFO] CodeEngine:279 - Generated code: C:\capstone\L432\Core\Src\main.c
2024-03-22 21:02:35,827 [INFO] ProjectBuilder:3076 - Time for Copy HAL[1] : 142mS.
2024-03-22 21:02:35,833 [INFO] ProjectBuilder:4485 - Project Generator version: 4.2.0-B44
2024-03-22 21:02:36,007 [INFO] ConfigFileManager:1495 - The Die is : DIE435
2024-03-22 21:02:36,023 [INFO] ApiDbMcu:508 - Load IP Config File for FATFS
2024-03-22 21:02:36,035 [INFO] ApiDbMcu:508 - Load IP Config File for FREERTOS
2024-03-22 21:02:36,052 [INFO] ApiDbMcu:508 - Load IP Config File for TOUCHSENSING
2024-03-22 21:02:36,080 [INFO] ApiDbMcu:508 - Load IP Config File for USB_DEVICE
2024-03-22 21:02:36,896 [INFO] LogOutputStream:77 - [STDOUT_REDIRECT] 
2024-03-22 21:02:39,394 [INFO] ProjectBuilder:4747 - Time for Generating toolchain IDE Files: 3561mS.
2024-03-22 21:02:39,395 [INFO] ProjectBuilder:2947 - Time for Copy CMSIS : 0mS.
2024-03-22 21:02:39,398 [INFO] ProjectBuilder:2947 - Time for Copy CMSIS : 0mS.
2024-03-22 23:56:51,746 [INFO] WebApp:354 - JxBrowser engine has been closed 
