2024-03-24 15:26:04,789 [INFO] Activator:176 - 


2024-03-24 15:26:04,791 [INFO] Activator:177 - !SESSION log4j initialized
2024-03-24 15:26:07,062 [INFO] LogOutputStream:77 - [STDOUT_REDIRECT] 
2024-03-24 15:26:13,613 [INFO] ApplicationProperties:184 - Using Application install path: C:\ST\STM32CubeIDE_1.14.1\STM32CubeIDE\plugins\com.st.stm32cube.common.mx_6.10.0.202311202037
2024-03-24 15:26:13,626 [INFO] DbMcusXml:78 - Set database path to: C:\ST\STM32CubeIDE_1.14.1\STM32CubeIDE\plugins\com.st.stm32cube.common.mx_6.10.0.202311202037\\db\/mcu/
2024-03-24 15:26:13,626 [INFO] ApiDb:274 - Set plugin database path to: C:\ST\STM32CubeIDE_1.14.1\STM32CubeIDE\plugins\com.st.stm32cube.common.mx_6.10.0.202311202037\\db\/plugins/boardmanager/
2024-03-24 15:26:13,626 [WARN] ApiDb:259 - Overriding images path with different value:  => C:\ST\STM32CubeIDE_1.14.1\STM32CubeIDE\plugins\com.st.stm32cube.common.mx_6.10.0.202311202037\\db\/plugins/mcufinder/images/
2024-03-24 15:26:13,630 [INFO] ApiDb:250 - Set database path to: C:\Users\Min\.stmcufinder\plugins\mcufinder//mcu/
2024-03-24 15:26:13,631 [INFO] DbMcusAds:125 - Set database path to: C:\Users\Min\.stmcufinder\plugins\mcufinder//mcu/
2024-03-24 15:26:13,632 [INFO] CrossReferenceDbSqlite:203 - Set database path to: C:\Users\Min\.stmcufinder\plugins\mcufinder//mcu/cs/
2024-03-24 15:26:13,751 [INFO] RulesReader:64 - Compatibility file has been processed (297 Rules)
2024-03-24 15:26:13,812 [INFO] DbMcusXml:78 - Set database path to: C:\ST\STM32CubeIDE_1.14.1\STM32CubeIDE\plugins\com.st.stm32cube.common.mx_6.10.0.202311202037\\db\/mcu/
2024-03-24 15:26:13,812 [INFO] ApiDb:274 - Set plugin database path to: C:\ST\STM32CubeIDE_1.14.1\STM32CubeIDE\plugins\com.st.stm32cube.common.mx_6.10.0.202311202037\\db\/plugins/boardmanager/
2024-03-24 15:26:13,812 [INFO] ApiDb:261 - Set plugin images path to: C:\ST\STM32CubeIDE_1.14.1\STM32CubeIDE\plugins\com.st.stm32cube.common.mx_6.10.0.202311202037\\db\/plugins/mcufinder/images/
2024-03-24 15:26:13,812 [WARN] DbFile:41 - Overriding database path with different value: C:\Users\Min\.stmcufinder\plugins\mcufinder/ => C:\Users\Min\.stmcufinder\plugins\mcufinder
2024-03-24 15:26:13,812 [INFO] ApiDb:250 - Set database path to: C:\Users\Min\.stmcufinder\plugins\mcufinder//mcu/
2024-03-24 15:26:13,812 [WARN] DbFile:41 - Overriding database path with different value: C:\Users\Min\.stmcufinder\plugins\mcufinder/ => C:\Users\Min\.stmcufinder\plugins\mcufinder
2024-03-24 15:26:13,813 [INFO] DbMcusAds:125 - Set database path to: C:\Users\Min\.stmcufinder\plugins\mcufinder//mcu/
2024-03-24 15:26:13,813 [WARN] DbFile:41 - Overriding database path with different value: C:\Users\Min\.stmcufinder\plugins\mcufinder/ => C:\Users\Min\.stmcufinder\plugins\mcufinder
2024-03-24 15:26:13,813 [WARN] DbFile:41 - Overriding database path with different value: C:\Users\Min\.stmcufinder\plugins\mcufinder/ => C:\Users\Min\.stmcufinder\plugins\mcufinder
2024-03-24 15:26:13,813 [INFO] CrossReferenceDbSqlite:203 - Set database path to: C:\Users\Min\.stmcufinder\plugins\mcufinder//mcu/cs/
2024-03-24 15:26:13,871 [INFO] MainPanel:264 - HeapMemory: 268435456
2024-03-24 15:26:13,916 [INFO] DbMcusXml:78 - Set database path to: C:\ST\STM32CubeIDE_1.14.1\STM32CubeIDE\plugins\com.st.stm32cube.common.mx_6.10.0.202311202037\\db\/mcu/
2024-03-24 15:26:13,916 [INFO] ApiDb:274 - Set plugin database path to: C:\ST\STM32CubeIDE_1.14.1\STM32CubeIDE\plugins\com.st.stm32cube.common.mx_6.10.0.202311202037\\db\/plugins/boardmanager/
2024-03-24 15:26:13,916 [INFO] ApiDb:261 - Set plugin images path to: C:\ST\STM32CubeIDE_1.14.1\STM32CubeIDE\plugins\com.st.stm32cube.common.mx_6.10.0.202311202037\\db\/plugins/mcufinder/images/
2024-03-24 15:26:13,917 [WARN] DbFile:41 - Overriding database path with different value: C:\Users\Min\.stmcufinder\plugins\mcufinder/ => C:\Users\Min\.stmcufinder\plugins\mcufinder
2024-03-24 15:26:13,917 [INFO] ApiDb:250 - Set database path to: C:\Users\Min\.stmcufinder\plugins\mcufinder//mcu/
2024-03-24 15:26:13,917 [WARN] DbFile:41 - Overriding database path with different value: C:\Users\Min\.stmcufinder\plugins\mcufinder/ => C:\Users\Min\.stmcufinder\plugins\mcufinder
2024-03-24 15:26:13,917 [INFO] DbMcusAds:125 - Set database path to: C:\Users\Min\.stmcufinder\plugins\mcufinder//mcu/
2024-03-24 15:26:13,917 [WARN] DbFile:41 - Overriding database path with different value: C:\Users\Min\.stmcufinder\plugins\mcufinder/ => C:\Users\Min\.stmcufinder\plugins\mcufinder
2024-03-24 15:26:13,917 [WARN] DbFile:41 - Overriding database path with different value: C:\Users\Min\.stmcufinder\plugins\mcufinder/ => C:\Users\Min\.stmcufinder\plugins\mcufinder
2024-03-24 15:26:13,917 [INFO] CrossReferenceDbSqlite:203 - Set database path to: C:\Users\Min\.stmcufinder\plugins\mcufinder//mcu/cs/
2024-03-24 15:26:13,928 [INFO] ApplicationProperties:184 - Using Application install path: C:\ST\STM32CubeIDE_1.14.1\STM32CubeIDE\plugins\com.st.stm32cube.common.mx_6.10.0.202311202037
2024-03-24 15:26:13,929 [INFO] PluginManage:196 - Search for loadable plugins [exclusion list=, ]
2024-03-24 15:26:13,929 [INFO] PluginManage:310 - Check plugin analytics
2024-03-24 15:26:18,999 [INFO] AnalyticsPlugin:253 - Accepted Software Licenses: STM32CubeMX.6.11.0
2024-03-24 15:26:18,999 [INFO] AnalyticsPlugin:255 - Accepted CMSIS Pack Licenses: 
2024-03-24 15:26:18,999 [INFO] AnalyticsPlugin:257 - Accepted Firmware Licenses: FW.L4.1.18.0
2024-03-24 15:26:19,001 [INFO] PluginManage:359 - Loaded plugin analytics (category:tool,tabindex:-1)
2024-03-24 15:26:19,001 [INFO] PluginManage:310 - Check plugin cadmodel
2024-03-24 15:26:19,003 [INFO] CADModel:105 - Init CAD model plugin
2024-03-24 15:26:19,003 [INFO] PluginManage:359 - Loaded plugin cadmodel (category:power,tabindex:5)
2024-03-24 15:26:19,003 [INFO] PluginManage:310 - Check plugin clock
2024-03-24 15:26:19,010 [INFO] PluginManage:359 - Loaded plugin clock (category:base,tabindex:2)
2024-03-24 15:26:19,010 [INFO] PluginManage:310 - Check plugin ddr
2024-03-24 15:26:19,011 [INFO] PluginManage:359 - Loaded plugin ddr (category:tool,tabindex:6)
2024-03-24 15:26:19,011 [INFO] PluginManage:310 - Check plugin filemanager
2024-03-24 15:26:19,109 [INFO] PluginManage:359 - Loaded plugin filemanager (category:base,tabindex:10)
2024-03-24 15:26:19,109 [INFO] PluginManage:310 - Check plugin ipmanager
2024-03-24 15:26:19,114 [INFO] PluginManage:359 - Loaded plugin ipmanager (category:base,tabindex:5)
2024-03-24 15:26:19,114 [INFO] PluginManage:310 - Check plugin lpbam
2024-03-24 15:26:19,120 [INFO] PluginManage:359 - Loaded plugin lpbam (category:base,tabindex:0)
2024-03-24 15:26:19,120 [INFO] PluginManage:310 - Check plugin memorymap
2024-03-24 15:26:19,127 [INFO] PluginManage:359 - Loaded plugin memorymap (category:base,tabindex:4)
2024-03-24 15:26:19,127 [INFO] PluginManage:310 - Check plugin pinoutandconfiguration
2024-03-24 15:26:19,132 [INFO] PluginManage:359 - Loaded plugin pinoutandconfiguration (category:base,tabindex:1)
2024-03-24 15:26:19,132 [INFO] PluginManage:310 - Check plugin pinoutconfig
2024-03-24 15:26:19,210 [WARN] SupportedApi:132 - Cannot load RTOS API schema: s4s-elt-must-match.1: The content of 'definitions' must match (annotation?, (simpleType | complexType)?, (unique | key | keyref)*)). A problem was found starting at: attribute.
2024-03-24 15:26:19,304 [INFO] PluginManage:359 - Loaded plugin pinoutconfig (category:base,tabindex:0)
2024-03-24 15:26:19,304 [INFO] PluginManage:310 - Check plugin power
2024-03-24 15:26:19,310 [INFO] PluginManage:359 - Loaded plugin power (category:power,tabindex:4)
2024-03-24 15:26:19,310 [INFO] PluginManage:310 - Check plugin projectmanager
2024-03-24 15:26:19,320 [INFO] PluginManage:359 - Loaded plugin projectmanager (category:projectmanager,tabindex:3)
2024-03-24 15:26:19,321 [INFO] PluginManage:310 - Check plugin thirdparty
2024-03-24 15:26:19,399 [INFO] PluginManage:359 - Loaded plugin thirdparty (category:base,tabindex:-1)
2024-03-24 15:26:19,399 [INFO] PluginManage:310 - Check plugin tools
2024-03-24 15:26:19,399 [WARN] IntegrityCheckThread:84 - waiting for thirdparty lock release [integrity check]
2024-03-24 15:26:19,399 [INFO] IntegrityCheckThread:86 - entering critical section [integrity check]
2024-03-24 15:26:19,400 [INFO] ThirdPartyUpdaterWithRetryManager:70 - Updater plugin not ready yet. [1/15]
2024-03-24 15:26:19,401 [INFO] PluginManage:359 - Loaded plugin tools (category:base,tabindex:7)
2024-03-24 15:26:19,401 [INFO] PluginManage:310 - Check plugin tutovideos
2024-03-24 15:26:19,503 [INFO] PluginManage:359 - Loaded plugin tutovideos (category:base,tabindex:-1)
2024-03-24 15:26:19,503 [INFO] PluginManage:310 - Check plugin updater
2024-03-24 15:26:19,509 [INFO] PluginManage:359 - Loaded plugin updater (category:base,tabindex:12)
2024-03-24 15:26:19,510 [INFO] PluginManage:310 - Check plugin userauth
2024-03-24 15:26:19,513 [INFO] UserAuth:114 - Init User Auth plugin
2024-03-24 15:26:19,513 [INFO] PluginManage:359 - Loaded plugin userauth (category:base,tabindex:14)
2024-03-24 15:26:19,513 [INFO] PluginManage:283 - PluginManage : Loaded plugins [17]
2024-03-24 15:26:19,653 [INFO] PinOutPanel:1499 - setPackage(No Configuration,No Configuration)
2024-03-24 15:26:19,699 [INFO] CADModel:165 - CPN selected for project level
2024-03-24 15:26:19,700 [INFO] CADModel:114 - Register for checkConnection events
2024-03-24 15:26:19,709 [INFO] IPUIPlugin:80 - create IPUIPlugin
2024-03-24 15:26:19,709 [INFO] PluginManager:220 - loadIPPluginJar : add adc
2024-03-24 15:26:19,710 [INFO] IPUIPlugin:80 - create IPUIPlugin
2024-03-24 15:26:19,710 [INFO] PluginManager:220 - loadIPPluginJar : add aes
2024-03-24 15:26:19,712 [INFO] IPUIPlugin:80 - create IPUIPlugin
2024-03-24 15:26:19,712 [INFO] PluginManager:220 - loadIPPluginJar : add can
2024-03-24 15:26:19,713 [INFO] IPUIPlugin:80 - create IPUIPlugin
2024-03-24 15:26:19,713 [INFO] PluginManager:220 - loadIPPluginJar : add comp
2024-03-24 15:26:19,714 [INFO] IPUIPlugin:80 - create IPUIPlugin
2024-03-24 15:26:19,714 [INFO] PluginManager:220 - loadIPPluginJar : add cryp
2024-03-24 15:26:19,715 [INFO] IPUIPlugin:80 - create IPUIPlugin
2024-03-24 15:26:19,716 [INFO] PluginManager:220 - loadIPPluginJar : add dfsdm
2024-03-24 15:26:19,719 [INFO] IPUIPlugin:80 - create IPUIPlugin
2024-03-24 15:26:19,719 [INFO] PluginManager:220 - loadIPPluginJar : add dma
2024-03-24 15:26:19,720 [INFO] IPUIPlugin:80 - create IPUIPlugin
2024-03-24 15:26:19,720 [INFO] PluginManager:220 - loadIPPluginJar : add dma3
2024-03-24 15:26:19,721 [INFO] IPUIPlugin:80 - create IPUIPlugin
2024-03-24 15:26:19,721 [INFO] PluginManager:220 - loadIPPluginJar : add fatfs
2024-03-24 15:26:19,723 [INFO] IPUIPlugin:80 - create IPUIPlugin
2024-03-24 15:26:19,723 [INFO] PluginManager:220 - loadIPPluginJar : add fmc
2024-03-24 15:26:19,727 [INFO] IPUIPlugin:80 - create IPUIPlugin
2024-03-24 15:26:19,727 [INFO] PluginManager:220 - loadIPPluginJar : add freertos
2024-03-24 15:26:19,728 [INFO] IPUIPlugin:80 - create IPUIPlugin
2024-03-24 15:26:19,728 [INFO] PluginManager:220 - loadIPPluginJar : add genericplugin
2024-03-24 15:26:19,729 [INFO] IPUIPlugin:80 - create IPUIPlugin
2024-03-24 15:26:19,729 [INFO] PluginManager:220 - loadIPPluginJar : add gfxmmu
2024-03-24 15:26:19,733 [INFO] IPUIPlugin:80 - create IPUIPlugin
2024-03-24 15:26:19,733 [INFO] PluginManager:220 - loadIPPluginJar : add gic
2024-03-24 15:26:19,735 [INFO] IPUIPlugin:80 - create IPUIPlugin
2024-03-24 15:26:19,735 [INFO] PluginManager:220 - loadIPPluginJar : add gpio
2024-03-24 15:26:19,736 [INFO] IPUIPlugin:80 - create IPUIPlugin
2024-03-24 15:26:19,736 [INFO] PluginManager:220 - loadIPPluginJar : add gtzc
2024-03-24 15:26:19,738 [INFO] IPUIPlugin:80 - create IPUIPlugin
2024-03-24 15:26:19,738 [INFO] PluginManager:220 - loadIPPluginJar : add hash
2024-03-24 15:26:19,739 [INFO] IPUIPlugin:80 - create IPUIPlugin
2024-03-24 15:26:19,739 [INFO] PluginManager:220 - loadIPPluginJar : add i2c
2024-03-24 15:26:19,740 [INFO] IPUIPlugin:80 - create IPUIPlugin
2024-03-24 15:26:19,740 [INFO] PluginManager:220 - loadIPPluginJar : add i2s
2024-03-24 15:26:19,742 [INFO] IPUIPlugin:80 - create IPUIPlugin
2024-03-24 15:26:19,742 [INFO] PluginManager:220 - loadIPPluginJar : add i3c
2024-03-24 15:26:19,744 [INFO] IPUIPlugin:80 - create IPUIPlugin
2024-03-24 15:26:19,744 [INFO] PluginManager:220 - loadIPPluginJar : add ipddr
2024-03-24 15:26:19,748 [INFO] IPUIPlugin:80 - create IPUIPlugin
2024-03-24 15:26:19,748 [INFO] PluginManager:220 - loadIPPluginJar : add linkedlist
2024-03-24 15:26:19,749 [INFO] IPUIPlugin:80 - create IPUIPlugin
2024-03-24 15:26:19,749 [INFO] PluginManager:220 - loadIPPluginJar : add lorawan
2024-03-24 15:26:19,750 [INFO] IPUIPlugin:80 - create IPUIPlugin
2024-03-24 15:26:19,750 [INFO] PluginManager:220 - loadIPPluginJar : add ltdc
2024-03-24 15:26:19,753 [INFO] IPUIPlugin:80 - create IPUIPlugin
2024-03-24 15:26:19,753 [INFO] PluginManager:220 - loadIPPluginJar : add mdma
2024-03-24 15:26:19,755 [INFO] IPUIPlugin:80 - create IPUIPlugin
2024-03-24 15:26:19,755 [INFO] PluginManager:220 - loadIPPluginJar : add nvic
2024-03-24 15:26:19,757 [INFO] IPUIPlugin:80 - create IPUIPlugin
2024-03-24 15:26:19,757 [INFO] PluginManager:220 - loadIPPluginJar : add opamp
2024-03-24 15:26:19,758 [INFO] IPUIPlugin:80 - create IPUIPlugin
2024-03-24 15:26:19,758 [INFO] PluginManager:220 - loadIPPluginJar : add openamp
2024-03-24 15:26:19,760 [INFO] IPUIPlugin:80 - create IPUIPlugin
2024-03-24 15:26:19,760 [INFO] PluginManager:220 - loadIPPluginJar : add pdm2pcm
2024-03-24 15:26:19,763 [INFO] IPUIPlugin:80 - create IPUIPlugin
2024-03-24 15:26:19,765 [INFO] PluginManager:220 - loadIPPluginJar : add plateformsettings
2024-03-24 15:26:19,766 [INFO] IPUIPlugin:80 - create IPUIPlugin
2024-03-24 15:26:19,766 [INFO] PluginManager:220 - loadIPPluginJar : add quadspi
2024-03-24 15:26:19,768 [INFO] IPUIPlugin:80 - create IPUIPlugin
2024-03-24 15:26:19,768 [INFO] PluginManager:220 - loadIPPluginJar : add resmgrutility
2024-03-24 15:26:19,770 [INFO] IPUIPlugin:80 - create IPUIPlugin
2024-03-24 15:26:19,770 [INFO] PluginManager:220 - loadIPPluginJar : add sai
2024-03-24 15:26:19,771 [INFO] IPUIPlugin:80 - create IPUIPlugin
2024-03-24 15:26:19,771 [INFO] PluginManager:220 - loadIPPluginJar : add spi
2024-03-24 15:26:19,773 [INFO] IPUIPlugin:80 - create IPUIPlugin
2024-03-24 15:26:19,774 [INFO] PluginManager:220 - loadIPPluginJar : add stm32_wpan
2024-03-24 15:26:19,775 [INFO] IPUIPlugin:80 - create IPUIPlugin
2024-03-24 15:26:19,775 [INFO] PluginManager:220 - loadIPPluginJar : add tim
2024-03-24 15:26:19,776 [INFO] IPUIPlugin:80 - create IPUIPlugin
2024-03-24 15:26:19,777 [INFO] PluginManager:220 - loadIPPluginJar : add touchsensing
2024-03-24 15:26:19,778 [INFO] IPUIPlugin:80 - create IPUIPlugin
2024-03-24 15:26:19,778 [INFO] PluginManager:220 - loadIPPluginJar : add tracer_emb
2024-03-24 15:26:19,779 [INFO] IPUIPlugin:80 - create IPUIPlugin
2024-03-24 15:26:19,779 [INFO] PluginManager:220 - loadIPPluginJar : add ts
2024-03-24 15:26:19,779 [INFO] IPUIPlugin:80 - create IPUIPlugin
2024-03-24 15:26:19,779 [INFO] PluginManager:220 - loadIPPluginJar : add tsc
2024-03-24 15:26:19,780 [INFO] IPUIPlugin:80 - create IPUIPlugin
2024-03-24 15:26:19,781 [INFO] PluginManager:220 - loadIPPluginJar : add ucpd
2024-03-24 15:26:19,782 [INFO] IPUIPlugin:80 - create IPUIPlugin
2024-03-24 15:26:19,782 [INFO] PluginManager:220 - loadIPPluginJar : add usart
2024-03-24 15:26:19,784 [INFO] IPUIPlugin:80 - create IPUIPlugin
2024-03-24 15:26:19,784 [INFO] PluginManager:220 - loadIPPluginJar : add usbx
2024-03-24 15:26:19,897 [INFO] CADModel:165 - CPN selected for project level
2024-03-24 15:26:19,898 [INFO] CADModel:114 - Register for checkConnection events
2024-03-24 15:26:19,898 [FATAL] Updater:308 - Updater called before beeing initialized
2024-03-24 15:26:19,898 [ERROR] CADModel:125 - Updater not yet initialized, retry later 
2024-03-24 15:26:19,999 [INFO] CADModel:165 - CPN selected for project level
2024-03-24 15:26:19,999 [INFO] CADModel:114 - Register for checkConnection events
2024-03-24 15:26:19,999 [FATAL] Updater:308 - Updater called before beeing initialized
2024-03-24 15:26:19,999 [ERROR] CADModel:125 - Updater not yet initialized, retry later 
2024-03-24 15:26:20,001 [FATAL] Updater:308 - Updater called before beeing initialized
2024-03-24 15:26:20,074 [FATAL] Updater:308 - Updater called before beeing initialized
2024-03-24 15:26:20,076 [INFO] DbMcusAds:53 - JSON generation date=Wed Nov 29 19:52:27 KST 2023 (1701255147349)
2024-03-24 15:26:20,076 [FATAL] Updater:308 - Updater called before beeing initialized
2024-03-24 15:26:20,099 [WARN] DetailPanel:346 - Failed to get advertising image, set to default
2024-03-24 15:26:20,170 [FATAL] Updater:308 - Updater called before beeing initialized
2024-03-24 15:26:20,171 [FATAL] Updater:308 - Updater called before beeing initialized
2024-03-24 15:26:20,172 [FATAL] Updater:308 - Updater called before beeing initialized
2024-03-24 15:26:20,172 [WARN] DetailPanel:346 - Failed to get advertising image, set to default
2024-03-24 15:26:20,172 [FATAL] Updater:308 - Updater called before beeing initialized
2024-03-24 15:26:20,207 [ERROR] Updater:1120 - MainUpdater not yet initialized. External WinMGr cannot be set.
2024-03-24 15:26:20,208 [INFO] Updater:1056 - Updater Version found : 6.10.0
2024-03-24 15:26:20,224 [INFO] ApplicationProperties:184 - Using Application install path: C:\ST\STM32CubeIDE_1.14.1\STM32CubeIDE\plugins\com.st.stm32cube.common.mx_6.10.0.202311202037
2024-03-24 15:26:21,833 [ERROR] LogOutputStream:75 - [STDERR_REDIRECT] Mar 24, 2024 3:26:21 PM java.util.prefs.WindowsPreferences <init>
2024-03-24 15:26:21,834 [ERROR] LogOutputStream:75 - [STDERR_REDIRECT] WARNING: Could not open/create prefs root node Software\JavaSoft\Prefs at root 0xffffffff80000002. Windows RegCreateKeyEx(...) returned error code 5.
2024-03-24 15:26:21,834 [ERROR] LogOutputStream:75 - [STDERR_REDIRECT] 
2024-03-24 15:26:22,119 [INFO] MainUpdater:2873 - connection check result : 10
2024-03-24 15:26:22,119 [INFO] MainUpdater:290 - Updater Check For Update Now.
2024-03-24 15:26:22,119 [INFO] MicroXplorer:498 - Change Database Version : DB.6.0.100
2024-03-24 15:26:22,123 [INFO] McuFinderGlobals:63 - Set McuFinder mode to 2 (CubeIDE integrated)
2024-03-24 15:26:22,285 [INFO] CheckServerUpdateThread:120 - End of CheckServer Thread
2024-03-24 15:26:22,314 [INFO] UserAuth:404 - Internet connection configuration mode: 1
2024-03-24 15:26:22,322 [INFO] JxBrowserEngine:152 - Initiate JxBrowser Engine with user profile folder
2024-03-24 15:26:22,535 [WARN] PackLoader:240 - Cannot read IP mode file for STMicroelectronics.X-CUBE-SMBUS.2.1.0
2024-03-24 15:26:22,540 [WARN] PackLoader:240 - Cannot read IP mode file for STMicroelectronics.X-CUBE-TOUCHGFX.4.23.0
2024-03-24 15:26:22,565 [WARN] PackLoader:240 - Cannot read IP mode file for STMicroelectronics.X-CUBE-AZRTOS-F7.1.1.0
2024-03-24 15:26:22,574 [WARN] PackLoader:240 - Cannot read IP mode file for STMicroelectronics.FP-SNS-MOTENV1.4.3.2
2024-03-24 15:26:22,581 [WARN] PackLoader:240 - Cannot read IP mode file for STMicroelectronics.FP-SNS-FLIGHT1.5.0.2
2024-03-24 15:26:22,590 [WARN] PackLoader:240 - Cannot read IP mode file for STMicroelectronics.X-CUBE-DISPLAY.3.0.0
2024-03-24 15:26:22,604 [WARN] PackLoader:240 - Cannot read IP mode file for STMicroelectronics.X-CUBE-BLE1.7.0.0
2024-03-24 15:26:22,618 [WARN] PackLoader:240 - Cannot read IP mode file for emotas.I-CUBE-CANOPEN.1.3.0
2024-03-24 15:26:22,631 [WARN] PackLoader:240 - Cannot read IP mode file for STMicroelectronics.X-CUBE-BLEMGR.3.1.0
2024-03-24 15:26:22,639 [WARN] PackLoader:240 - Cannot read IP mode file for STMicroelectronics.FP-SNS-SMARTAG2.1.2.0
2024-03-24 15:26:22,652 [INFO] LogOutputStream:77 - [STDOUT_REDIRECT] 1 : Invalid condition id : UX_CORESTACK_Condition cause : null
2024-03-24 15:26:22,653 [INFO] LogOutputStream:77 - [STDOUT_REDIRECT] 1 : Invalid condition id : UX_CORESTACK_Condition cause : null
2024-03-24 15:26:22,655 [INFO] LogOutputStream:77 - [STDOUT_REDIRECT] 1 : Invalid condition id : UX_CORESTACK_Condition cause : null
2024-03-24 15:26:22,656 [INFO] LogOutputStream:77 - [STDOUT_REDIRECT] 1 : Invalid condition id : UX_CORESTACK_Condition cause : null
2024-03-24 15:26:22,658 [INFO] LogOutputStream:77 - [STDOUT_REDIRECT] 1 : Invalid condition id : UX_CORESTACK_Condition cause : null
2024-03-24 15:26:22,662 [WARN] PackLoader:240 - Cannot read IP mode file for STMicroelectronics.X-CUBE-AZRTOS-WL.2.0.0
2024-03-24 15:26:22,672 [WARN] PackLoader:240 - Cannot read IP mode file for WES.I-CUBE-Cesium.1.3.0
2024-03-24 15:26:22,677 [WARN] PackLoader:240 - Cannot read IP mode file for STMicroelectronics.X-CUBE-BLE2.3.3.0
2024-03-24 15:26:22,683 [WARN] PackLoader:240 - Cannot read IP mode file for STMicroelectronics.X-CUBE-ALGOBUILD.1.3.0
2024-03-24 15:26:22,697 [WARN] PackLoader:240 - Cannot read IP mode file for STMicroelectronics.X-CUBE-AZRTOS-G0.1.1.0
2024-03-24 15:26:22,704 [WARN] PackLoader:240 - Cannot read IP mode file for STMicroelectronics.X-CUBE-NFC4.3.0.0
2024-03-24 15:26:22,709 [WARN] PackLoader:240 - Cannot read IP mode file for STMicroelectronics.FP-ATR-SIGFOX1.3.2.0
2024-03-24 15:26:22,714 [WARN] PackLoader:240 - Cannot read IP mode file for STMicroelectronics.X-CUBE-EEPRMA1.5.1.0
2024-03-24 15:26:22,765 [WARN] PackLoader:240 - Cannot read IP mode file for SEGGER.I-CUBE-embOS.1.3.1
2024-03-24 15:26:22,831 [WARN] PackLoader:240 - Cannot read IP mode file for STMicroelectronics.X-CUBE-GNSS1.6.0.0
2024-03-24 15:26:22,832 [INFO] WebApp:161 - Instantiating new browser for Auth
2024-03-24 15:26:22,846 [WARN] PackLoader:240 - Cannot read IP mode file for STMicroelectronics.X-CUBE-AZRTOS-F4.1.1.0
2024-03-24 15:26:22,855 [WARN] PackLoader:240 - Cannot read IP mode file for wolfSSL.I-CUBE-wolfSSL.5.6.6
2024-03-24 15:26:22,876 [WARN] PackLoader:240 - Cannot read IP mode file for STMicroelectronics.X-CUBE-AZRTOS-L5.2.0.0
2024-03-24 15:26:22,884 [WARN] PackLoader:240 - Cannot read IP mode file for STMicroelectronics.X-CUBE-NFC6.3.1.0
2024-03-24 15:26:22,892 [WARN] PackLoader:240 - Cannot read IP mode file for ITTIA_DB.I-CUBE-ITTIADB.8.8.0
2024-03-24 15:26:22,896 [WARN] PackLoader:240 - Cannot read IP mode file for STMicroelectronics.X-CUBE-NFC7.1.0.1
2024-03-24 15:26:22,901 [WARN] PackLoader:240 - Cannot read IP mode file for STMicroelectronics.X-CUBE-NFC6.3.0.0
2024-03-24 15:26:22,906 [WARN] PackLoader:240 - Cannot read IP mode file for STMicroelectronics.X-CUBE-AI.8.1.0
2024-03-24 15:26:22,920 [WARN] ConditionMgr:438 - getConditionDescription Invalid condition id : LAN8742 Phy interface Condition cause : null
2024-03-24 15:26:22,920 [WARN] PackLoader:240 - Cannot read IP mode file for STMicroelectronics.X-CUBE-AZRTOS-L4.2.0.0
2024-03-24 15:26:22,921 [WARN] ConditionMgr:1039 - genDependencies : Invalid condition id : LAN8742 Phy interface Condition cause : null
2024-03-24 15:26:22,922 [WARN] ConditionMgr:1039 - genDependencies : Invalid condition id : LAN8742 Phy interface Condition cause : null
2024-03-24 15:26:22,922 [WARN] ConditionMgr:1039 - genDependencies : Invalid condition id : LAN8742 Phy interface Condition cause : null
2024-03-24 15:26:22,927 [WARN] PackLoader:240 - Cannot read IP mode file for STMicroelectronics.X-CUBE-SFXS2LP1.4.0.0
2024-03-24 15:26:22,937 [WARN] ConditionMgr:438 - getConditionDescription Invalid condition id : UX DEVICE CLASS RTOS Condition cause : null
2024-03-24 15:26:22,937 [WARN] ConditionMgr:438 - getConditionDescription Invalid condition id : UX DEVICE CLASS RTOS Condition cause : null
2024-03-24 15:26:22,940 [WARN] PackLoader:240 - Cannot read IP mode file for STMicroelectronics.X-CUBE-AZRTOS-WB.2.0.0
2024-03-24 15:26:22,940 [WARN] ConditionMgr:1039 - genDependencies : Invalid condition id : UX DEVICE CLASS RTOS Condition cause : null
2024-03-24 15:26:22,940 [WARN] ConditionMgr:1039 - genDependencies : Invalid condition id : UX DEVICE CLASS RTOS Condition cause : null
2024-03-24 15:26:22,940 [WARN] ConditionMgr:1039 - genDependencies : Invalid condition id : UX DEVICE CLASS RTOS Condition cause : null
2024-03-24 15:26:22,940 [WARN] ConditionMgr:1039 - genDependencies : Invalid condition id : UX DEVICE CLASS RTOS Condition cause : null
2024-03-24 15:26:22,940 [WARN] ConditionMgr:1039 - genDependencies : Invalid condition id : UX DEVICE CLASS RTOS Condition cause : null
2024-03-24 15:26:22,950 [WARN] PackLoader:240 - Cannot read IP mode file for STMicroelectronics.X-CUBE-SUBG2.5.0.0
2024-03-24 15:26:22,970 [WARN] PackLoader:240 - Cannot read IP mode file for STMicroelectronics.X-CUBE-AZRTOS-G4.2.0.0
2024-03-24 15:26:22,978 [WARN] PackLoader:240 - Cannot read IP mode file for Infineon.AIROC-Wi-Fi-Bluetooth-STM32.1.5.1
2024-03-24 15:26:22,985 [WARN] PackLoader:240 - Cannot read IP mode file for STMicroelectronics.FP-SNS-MOTENVWB1.1.3.1
2024-03-24 15:26:22,987 [WARN] PackLoader:240 - Cannot read IP mode file for STMicroelectronics.X-CUBE-ISPU.2.0.0
2024-03-24 15:26:23,008 [WARN] PackLoader:240 - Cannot read IP mode file for STMicroelectronics.X-CUBE-MEMS1.10.0.0
2024-03-24 15:26:23,093 [WARN] PackLoader:240 - Cannot read IP mode file for STMicroelectronics.X-CUBE-FREERTOS.1.1.0
2024-03-24 15:26:23,096 [WARN] PackLoader:240 - Cannot read IP mode file for portGmbH.I-Cube-SoM-uGOAL.1.1.0
2024-03-24 15:26:23,101 [WARN] PackLoader:240 - Cannot read IP mode file for STMicroelectronics.X-CUBE-ALS.1.0.1
2024-03-24 15:26:23,104 [WARN] PackLoader:240 - Cannot read IP mode file for STMicroelectronics.FP-ATR-ASTRA1.2.0.0
2024-03-24 15:26:23,109 [WARN] PackLoader:240 - Cannot read IP mode file for STMicroelectronics.X-CUBE-TOF1.3.4.1
2024-03-24 15:26:23,127 [WARN] PackLoader:240 - Cannot read IP mode file for STMicroelectronics.X-CUBE-AZRTOS-H7.3.2.0
2024-03-24 15:26:23,129 [INFO] ThirdParty:978 - Integrity check success = true
2024-03-24 15:26:23,131 [INFO] IntegrityCheckThread:100 - exiting critical section [integrity check]
2024-03-24 15:26:23,131 [INFO] IntegrityCheckThread:103 - End integrity checks thread
2024-03-24 15:26:23,331 [INFO] WebApp:780 - Register for checkConnection events
2024-03-24 15:26:23,331 [INFO] WebApp:414 - Apply proxy settings
2024-03-24 15:26:23,331 [INFO] WebApp:499 - Chromium requires no authentication
2024-03-24 15:26:23,335 [INFO] WebApp:442 - Direct internet connection detected
2024-03-24 15:26:23,439 [INFO] WebApp:192 - Starting web application
2024-03-24 15:26:23,440 [INFO] WebApp:544 - Web application path used C:\ST\STM32CubeIDE_1.14.1\STM32CubeIDE\plugins\com.st.stm32cube.common.mx_6.10.0.202311202037\db\plugins\mcufinder\reactClient1\index.html
2024-03-24 15:26:43,903 [ERROR] LogOutputStream:75 - [STDERR_REDIRECT] SLF4J: Failed to load class "org.slf4j.impl.StaticLoggerBinder".
2024-03-24 15:26:43,904 [ERROR] LogOutputStream:75 - [STDERR_REDIRECT] SLF4J: Defaulting to no-operation (NOP) logger implementation
2024-03-24 15:26:43,905 [ERROR] LogOutputStream:75 - [STDERR_REDIRECT] SLF4J: See http://www.slf4j.org/codes.html#StaticLoggerBinder for further details.
2024-03-24 15:26:53,476 [ERROR] LogOutputStream:75 - [STDERR_REDIRECT] 
2024-03-24 15:27:00,833 [INFO] Activator:176 - 


2024-03-24 15:27:00,834 [INFO] Activator:177 - !SESSION log4j initialized
2024-03-24 15:27:03,441 [INFO] LogOutputStream:77 - [STDOUT_REDIRECT] 
2024-03-24 15:27:09,821 [INFO] ApplicationProperties:184 - Using Application install path: C:\ST\STM32CubeIDE_1.14.1\STM32CubeIDE\plugins\com.st.stm32cube.common.mx_6.10.0.202311202037
2024-03-24 15:27:09,833 [INFO] DbMcusXml:78 - Set database path to: C:\ST\STM32CubeIDE_1.14.1\STM32CubeIDE\plugins\com.st.stm32cube.common.mx_6.10.0.202311202037\\db\/mcu/
2024-03-24 15:27:09,833 [INFO] ApiDb:274 - Set plugin database path to: C:\ST\STM32CubeIDE_1.14.1\STM32CubeIDE\plugins\com.st.stm32cube.common.mx_6.10.0.202311202037\\db\/plugins/boardmanager/
2024-03-24 15:27:09,833 [WARN] ApiDb:259 - Overriding images path with different value:  => C:\ST\STM32CubeIDE_1.14.1\STM32CubeIDE\plugins\com.st.stm32cube.common.mx_6.10.0.202311202037\\db\/plugins/mcufinder/images/
2024-03-24 15:27:09,836 [INFO] ApiDb:250 - Set database path to: C:\Users\Min\.stmcufinder\plugins\mcufinder//mcu/
2024-03-24 15:27:09,837 [INFO] DbMcusAds:125 - Set database path to: C:\Users\Min\.stmcufinder\plugins\mcufinder//mcu/
2024-03-24 15:27:09,838 [INFO] CrossReferenceDbSqlite:203 - Set database path to: C:\Users\Min\.stmcufinder\plugins\mcufinder//mcu/cs/
2024-03-24 15:27:09,912 [INFO] RulesReader:64 - Compatibility file has been processed (297 Rules)
2024-03-24 15:27:09,965 [INFO] DbMcusXml:78 - Set database path to: C:\ST\STM32CubeIDE_1.14.1\STM32CubeIDE\plugins\com.st.stm32cube.common.mx_6.10.0.202311202037\\db\/mcu/
2024-03-24 15:27:09,965 [INFO] ApiDb:274 - Set plugin database path to: C:\ST\STM32CubeIDE_1.14.1\STM32CubeIDE\plugins\com.st.stm32cube.common.mx_6.10.0.202311202037\\db\/plugins/boardmanager/
2024-03-24 15:27:09,965 [INFO] ApiDb:261 - Set plugin images path to: C:\ST\STM32CubeIDE_1.14.1\STM32CubeIDE\plugins\com.st.stm32cube.common.mx_6.10.0.202311202037\\db\/plugins/mcufinder/images/
2024-03-24 15:27:09,965 [WARN] DbFile:41 - Overriding database path with different value: C:\Users\Min\.stmcufinder\plugins\mcufinder/ => C:\Users\Min\.stmcufinder\plugins\mcufinder
2024-03-24 15:27:09,965 [INFO] ApiDb:250 - Set database path to: C:\Users\Min\.stmcufinder\plugins\mcufinder//mcu/
2024-03-24 15:27:09,965 [WARN] DbFile:41 - Overriding database path with different value: C:\Users\Min\.stmcufinder\plugins\mcufinder/ => C:\Users\Min\.stmcufinder\plugins\mcufinder
2024-03-24 15:27:09,965 [INFO] DbMcusAds:125 - Set database path to: C:\Users\Min\.stmcufinder\plugins\mcufinder//mcu/
2024-03-24 15:27:09,965 [WARN] DbFile:41 - Overriding database path with different value: C:\Users\Min\.stmcufinder\plugins\mcufinder/ => C:\Users\Min\.stmcufinder\plugins\mcufinder
2024-03-24 15:27:09,965 [WARN] DbFile:41 - Overriding database path with different value: C:\Users\Min\.stmcufinder\plugins\mcufinder/ => C:\Users\Min\.stmcufinder\plugins\mcufinder
2024-03-24 15:27:09,966 [INFO] CrossReferenceDbSqlite:203 - Set database path to: C:\Users\Min\.stmcufinder\plugins\mcufinder//mcu/cs/
2024-03-24 15:27:10,014 [INFO] MainPanel:264 - HeapMemory: 268435456
2024-03-24 15:27:10,058 [INFO] DbMcusXml:78 - Set database path to: C:\ST\STM32CubeIDE_1.14.1\STM32CubeIDE\plugins\com.st.stm32cube.common.mx_6.10.0.202311202037\\db\/mcu/
2024-03-24 15:27:10,058 [INFO] ApiDb:274 - Set plugin database path to: C:\ST\STM32CubeIDE_1.14.1\STM32CubeIDE\plugins\com.st.stm32cube.common.mx_6.10.0.202311202037\\db\/plugins/boardmanager/
2024-03-24 15:27:10,058 [INFO] ApiDb:261 - Set plugin images path to: C:\ST\STM32CubeIDE_1.14.1\STM32CubeIDE\plugins\com.st.stm32cube.common.mx_6.10.0.202311202037\\db\/plugins/mcufinder/images/
2024-03-24 15:27:10,058 [WARN] DbFile:41 - Overriding database path with different value: C:\Users\Min\.stmcufinder\plugins\mcufinder/ => C:\Users\Min\.stmcufinder\plugins\mcufinder
2024-03-24 15:27:10,058 [INFO] ApiDb:250 - Set database path to: C:\Users\Min\.stmcufinder\plugins\mcufinder//mcu/
2024-03-24 15:27:10,058 [WARN] DbFile:41 - Overriding database path with different value: C:\Users\Min\.stmcufinder\plugins\mcufinder/ => C:\Users\Min\.stmcufinder\plugins\mcufinder
2024-03-24 15:27:10,058 [INFO] DbMcusAds:125 - Set database path to: C:\Users\Min\.stmcufinder\plugins\mcufinder//mcu/
2024-03-24 15:27:10,058 [WARN] DbFile:41 - Overriding database path with different value: C:\Users\Min\.stmcufinder\plugins\mcufinder/ => C:\Users\Min\.stmcufinder\plugins\mcufinder
2024-03-24 15:27:10,059 [WARN] DbFile:41 - Overriding database path with different value: C:\Users\Min\.stmcufinder\plugins\mcufinder/ => C:\Users\Min\.stmcufinder\plugins\mcufinder
2024-03-24 15:27:10,059 [INFO] CrossReferenceDbSqlite:203 - Set database path to: C:\Users\Min\.stmcufinder\plugins\mcufinder//mcu/cs/
2024-03-24 15:27:10,071 [INFO] ApplicationProperties:184 - Using Application install path: C:\ST\STM32CubeIDE_1.14.1\STM32CubeIDE\plugins\com.st.stm32cube.common.mx_6.10.0.202311202037
2024-03-24 15:27:10,072 [INFO] PluginManage:196 - Search for loadable plugins [exclusion list=, ]
2024-03-24 15:27:10,072 [INFO] PluginManage:310 - Check plugin analytics
2024-03-24 15:27:15,141 [INFO] AnalyticsPlugin:253 - Accepted Software Licenses: STM32CubeMX.6.11.0
2024-03-24 15:27:15,141 [INFO] AnalyticsPlugin:255 - Accepted CMSIS Pack Licenses: 
2024-03-24 15:27:15,142 [INFO] AnalyticsPlugin:257 - Accepted Firmware Licenses: FW.L4.1.18.0
2024-03-24 15:27:15,144 [INFO] PluginManage:359 - Loaded plugin analytics (category:tool,tabindex:-1)
2024-03-24 15:27:15,144 [INFO] PluginManage:310 - Check plugin cadmodel
2024-03-24 15:27:15,147 [INFO] CADModel:105 - Init CAD model plugin
2024-03-24 15:27:15,147 [INFO] PluginManage:359 - Loaded plugin cadmodel (category:power,tabindex:5)
2024-03-24 15:27:15,147 [INFO] PluginManage:310 - Check plugin clock
2024-03-24 15:27:15,153 [INFO] PluginManage:359 - Loaded plugin clock (category:base,tabindex:2)
2024-03-24 15:27:15,153 [INFO] PluginManage:310 - Check plugin ddr
2024-03-24 15:27:15,154 [INFO] PluginManage:359 - Loaded plugin ddr (category:tool,tabindex:6)
2024-03-24 15:27:15,154 [INFO] PluginManage:310 - Check plugin filemanager
2024-03-24 15:27:15,274 [INFO] PluginManage:359 - Loaded plugin filemanager (category:base,tabindex:10)
2024-03-24 15:27:15,275 [INFO] PluginManage:310 - Check plugin ipmanager
2024-03-24 15:27:15,280 [INFO] PluginManage:359 - Loaded plugin ipmanager (category:base,tabindex:5)
2024-03-24 15:27:15,280 [INFO] PluginManage:310 - Check plugin lpbam
2024-03-24 15:27:15,286 [INFO] PluginManage:359 - Loaded plugin lpbam (category:base,tabindex:0)
2024-03-24 15:27:15,286 [INFO] PluginManage:310 - Check plugin memorymap
2024-03-24 15:27:15,293 [INFO] PluginManage:359 - Loaded plugin memorymap (category:base,tabindex:4)
2024-03-24 15:27:15,293 [INFO] PluginManage:310 - Check plugin pinoutandconfiguration
2024-03-24 15:27:15,297 [INFO] PluginManage:359 - Loaded plugin pinoutandconfiguration (category:base,tabindex:1)
2024-03-24 15:27:15,297 [INFO] PluginManage:310 - Check plugin pinoutconfig
2024-03-24 15:27:15,353 [WARN] SupportedApi:132 - Cannot load RTOS API schema: s4s-elt-must-match.1: The content of 'definitions' must match (annotation?, (simpleType | complexType)?, (unique | key | keyref)*)). A problem was found starting at: attribute.
2024-03-24 15:27:15,441 [INFO] PluginManage:359 - Loaded plugin pinoutconfig (category:base,tabindex:0)
2024-03-24 15:27:15,442 [INFO] PluginManage:310 - Check plugin power
2024-03-24 15:27:15,447 [INFO] PluginManage:359 - Loaded plugin power (category:power,tabindex:4)
2024-03-24 15:27:15,447 [INFO] PluginManage:310 - Check plugin projectmanager
2024-03-24 15:27:15,458 [INFO] PluginManage:359 - Loaded plugin projectmanager (category:projectmanager,tabindex:3)
2024-03-24 15:27:15,459 [INFO] PluginManage:310 - Check plugin thirdparty
2024-03-24 15:27:15,533 [INFO] PluginManage:359 - Loaded plugin thirdparty (category:base,tabindex:-1)
2024-03-24 15:27:15,533 [INFO] PluginManage:310 - Check plugin tools
2024-03-24 15:27:15,533 [WARN] IntegrityCheckThread:84 - waiting for thirdparty lock release [integrity check]
2024-03-24 15:27:15,533 [INFO] IntegrityCheckThread:86 - entering critical section [integrity check]
2024-03-24 15:27:15,534 [INFO] ThirdPartyUpdaterWithRetryManager:70 - Updater plugin not ready yet. [1/15]
2024-03-24 15:27:15,535 [INFO] PluginManage:359 - Loaded plugin tools (category:base,tabindex:7)
2024-03-24 15:27:15,535 [INFO] PluginManage:310 - Check plugin tutovideos
2024-03-24 15:27:15,641 [INFO] PluginManage:359 - Loaded plugin tutovideos (category:base,tabindex:-1)
2024-03-24 15:27:15,641 [INFO] PluginManage:310 - Check plugin updater
2024-03-24 15:27:15,647 [INFO] PluginManage:359 - Loaded plugin updater (category:base,tabindex:12)
2024-03-24 15:27:15,647 [INFO] PluginManage:310 - Check plugin userauth
2024-03-24 15:27:15,650 [INFO] UserAuth:114 - Init User Auth plugin
2024-03-24 15:27:15,650 [INFO] PluginManage:359 - Loaded plugin userauth (category:base,tabindex:14)
2024-03-24 15:27:15,651 [INFO] PluginManage:283 - PluginManage : Loaded plugins [17]
2024-03-24 15:27:15,792 [INFO] PinOutPanel:1499 - setPackage(No Configuration,No Configuration)
2024-03-24 15:27:15,839 [INFO] CADModel:165 - CPN selected for project level
2024-03-24 15:27:15,839 [INFO] CADModel:114 - Register for checkConnection events
2024-03-24 15:27:15,849 [INFO] IPUIPlugin:80 - create IPUIPlugin
2024-03-24 15:27:15,849 [INFO] PluginManager:220 - loadIPPluginJar : add adc
2024-03-24 15:27:15,850 [INFO] IPUIPlugin:80 - create IPUIPlugin
2024-03-24 15:27:15,851 [INFO] PluginManager:220 - loadIPPluginJar : add aes
2024-03-24 15:27:15,852 [INFO] IPUIPlugin:80 - create IPUIPlugin
2024-03-24 15:27:15,852 [INFO] PluginManager:220 - loadIPPluginJar : add can
2024-03-24 15:27:15,853 [INFO] IPUIPlugin:80 - create IPUIPlugin
2024-03-24 15:27:15,853 [INFO] PluginManager:220 - loadIPPluginJar : add comp
2024-03-24 15:27:15,854 [INFO] IPUIPlugin:80 - create IPUIPlugin
2024-03-24 15:27:15,854 [INFO] PluginManager:220 - loadIPPluginJar : add cryp
2024-03-24 15:27:15,855 [INFO] IPUIPlugin:80 - create IPUIPlugin
2024-03-24 15:27:15,856 [INFO] PluginManager:220 - loadIPPluginJar : add dfsdm
2024-03-24 15:27:15,859 [INFO] IPUIPlugin:80 - create IPUIPlugin
2024-03-24 15:27:15,859 [INFO] PluginManager:220 - loadIPPluginJar : add dma
2024-03-24 15:27:15,860 [INFO] IPUIPlugin:80 - create IPUIPlugin
2024-03-24 15:27:15,860 [INFO] PluginManager:220 - loadIPPluginJar : add dma3
2024-03-24 15:27:15,861 [INFO] IPUIPlugin:80 - create IPUIPlugin
2024-03-24 15:27:15,861 [INFO] PluginManager:220 - loadIPPluginJar : add fatfs
2024-03-24 15:27:15,863 [INFO] IPUIPlugin:80 - create IPUIPlugin
2024-03-24 15:27:15,863 [INFO] PluginManager:220 - loadIPPluginJar : add fmc
2024-03-24 15:27:15,867 [INFO] IPUIPlugin:80 - create IPUIPlugin
2024-03-24 15:27:15,867 [INFO] PluginManager:220 - loadIPPluginJar : add freertos
2024-03-24 15:27:15,867 [INFO] IPUIPlugin:80 - create IPUIPlugin
2024-03-24 15:27:15,867 [INFO] PluginManager:220 - loadIPPluginJar : add genericplugin
2024-03-24 15:27:15,868 [INFO] IPUIPlugin:80 - create IPUIPlugin
2024-03-24 15:27:15,869 [INFO] PluginManager:220 - loadIPPluginJar : add gfxmmu
2024-03-24 15:27:15,872 [INFO] IPUIPlugin:80 - create IPUIPlugin
2024-03-24 15:27:15,872 [INFO] PluginManager:220 - loadIPPluginJar : add gic
2024-03-24 15:27:15,874 [INFO] IPUIPlugin:80 - create IPUIPlugin
2024-03-24 15:27:15,874 [INFO] PluginManager:220 - loadIPPluginJar : add gpio
2024-03-24 15:27:15,875 [INFO] IPUIPlugin:80 - create IPUIPlugin
2024-03-24 15:27:15,875 [INFO] PluginManager:220 - loadIPPluginJar : add gtzc
2024-03-24 15:27:15,877 [INFO] IPUIPlugin:80 - create IPUIPlugin
2024-03-24 15:27:15,877 [INFO] PluginManager:220 - loadIPPluginJar : add hash
2024-03-24 15:27:15,878 [INFO] IPUIPlugin:80 - create IPUIPlugin
2024-03-24 15:27:15,878 [INFO] PluginManager:220 - loadIPPluginJar : add i2c
2024-03-24 15:27:15,880 [INFO] IPUIPlugin:80 - create IPUIPlugin
2024-03-24 15:27:15,880 [INFO] PluginManager:220 - loadIPPluginJar : add i2s
2024-03-24 15:27:15,881 [INFO] IPUIPlugin:80 - create IPUIPlugin
2024-03-24 15:27:15,881 [INFO] PluginManager:220 - loadIPPluginJar : add i3c
2024-03-24 15:27:15,883 [INFO] IPUIPlugin:80 - create IPUIPlugin
2024-03-24 15:27:15,883 [INFO] PluginManager:220 - loadIPPluginJar : add ipddr
2024-03-24 15:27:15,887 [INFO] IPUIPlugin:80 - create IPUIPlugin
2024-03-24 15:27:15,887 [INFO] PluginManager:220 - loadIPPluginJar : add linkedlist
2024-03-24 15:27:15,888 [INFO] IPUIPlugin:80 - create IPUIPlugin
2024-03-24 15:27:15,888 [INFO] PluginManager:220 - loadIPPluginJar : add lorawan
2024-03-24 15:27:15,889 [INFO] IPUIPlugin:80 - create IPUIPlugin
2024-03-24 15:27:15,889 [INFO] PluginManager:220 - loadIPPluginJar : add ltdc
2024-03-24 15:27:15,892 [INFO] IPUIPlugin:80 - create IPUIPlugin
2024-03-24 15:27:15,892 [INFO] PluginManager:220 - loadIPPluginJar : add mdma
2024-03-24 15:27:15,894 [INFO] IPUIPlugin:80 - create IPUIPlugin
2024-03-24 15:27:15,894 [INFO] PluginManager:220 - loadIPPluginJar : add nvic
2024-03-24 15:27:15,895 [INFO] IPUIPlugin:80 - create IPUIPlugin
2024-03-24 15:27:15,896 [INFO] PluginManager:220 - loadIPPluginJar : add opamp
2024-03-24 15:27:15,897 [INFO] IPUIPlugin:80 - create IPUIPlugin
2024-03-24 15:27:15,897 [INFO] PluginManager:220 - loadIPPluginJar : add openamp
2024-03-24 15:27:15,899 [INFO] IPUIPlugin:80 - create IPUIPlugin
2024-03-24 15:27:15,899 [INFO] PluginManager:220 - loadIPPluginJar : add pdm2pcm
2024-03-24 15:27:15,903 [INFO] IPUIPlugin:80 - create IPUIPlugin
2024-03-24 15:27:15,904 [INFO] PluginManager:220 - loadIPPluginJar : add plateformsettings
2024-03-24 15:27:15,905 [INFO] IPUIPlugin:80 - create IPUIPlugin
2024-03-24 15:27:15,905 [INFO] PluginManager:220 - loadIPPluginJar : add quadspi
2024-03-24 15:27:15,907 [INFO] IPUIPlugin:80 - create IPUIPlugin
2024-03-24 15:27:15,907 [INFO] PluginManager:220 - loadIPPluginJar : add resmgrutility
2024-03-24 15:27:15,908 [INFO] IPUIPlugin:80 - create IPUIPlugin
2024-03-24 15:27:15,909 [INFO] PluginManager:220 - loadIPPluginJar : add sai
2024-03-24 15:27:15,910 [INFO] IPUIPlugin:80 - create IPUIPlugin
2024-03-24 15:27:15,910 [INFO] PluginManager:220 - loadIPPluginJar : add spi
2024-03-24 15:27:15,912 [INFO] IPUIPlugin:80 - create IPUIPlugin
2024-03-24 15:27:15,912 [INFO] PluginManager:220 - loadIPPluginJar : add stm32_wpan
2024-03-24 15:27:15,913 [INFO] IPUIPlugin:80 - create IPUIPlugin
2024-03-24 15:27:15,913 [INFO] PluginManager:220 - loadIPPluginJar : add tim
2024-03-24 15:27:15,915 [INFO] IPUIPlugin:80 - create IPUIPlugin
2024-03-24 15:27:15,915 [INFO] PluginManager:220 - loadIPPluginJar : add touchsensing
2024-03-24 15:27:15,916 [INFO] IPUIPlugin:80 - create IPUIPlugin
2024-03-24 15:27:15,916 [INFO] PluginManager:220 - loadIPPluginJar : add tracer_emb
2024-03-24 15:27:15,917 [INFO] IPUIPlugin:80 - create IPUIPlugin
2024-03-24 15:27:15,917 [INFO] PluginManager:220 - loadIPPluginJar : add ts
2024-03-24 15:27:15,918 [INFO] IPUIPlugin:80 - create IPUIPlugin
2024-03-24 15:27:15,918 [INFO] PluginManager:220 - loadIPPluginJar : add tsc
2024-03-24 15:27:15,919 [INFO] IPUIPlugin:80 - create IPUIPlugin
2024-03-24 15:27:15,919 [INFO] PluginManager:220 - loadIPPluginJar : add ucpd
2024-03-24 15:27:15,920 [INFO] IPUIPlugin:80 - create IPUIPlugin
2024-03-24 15:27:15,920 [INFO] PluginManager:220 - loadIPPluginJar : add usart
2024-03-24 15:27:15,922 [INFO] IPUIPlugin:80 - create IPUIPlugin
2024-03-24 15:27:15,922 [INFO] PluginManager:220 - loadIPPluginJar : add usbx
2024-03-24 15:27:16,032 [INFO] CADModel:165 - CPN selected for project level
2024-03-24 15:27:16,033 [INFO] CADModel:114 - Register for checkConnection events
2024-03-24 15:27:16,033 [FATAL] Updater:308 - Updater called before beeing initialized
2024-03-24 15:27:16,033 [ERROR] CADModel:125 - Updater not yet initialized, retry later 
2024-03-24 15:27:16,131 [INFO] CADModel:165 - CPN selected for project level
2024-03-24 15:27:16,132 [INFO] CADModel:114 - Register for checkConnection events
2024-03-24 15:27:16,132 [FATAL] Updater:308 - Updater called before beeing initialized
2024-03-24 15:27:16,132 [ERROR] CADModel:125 - Updater not yet initialized, retry later 
2024-03-24 15:27:16,134 [FATAL] Updater:308 - Updater called before beeing initialized
2024-03-24 15:27:16,208 [FATAL] Updater:308 - Updater called before beeing initialized
2024-03-24 15:27:16,211 [INFO] DbMcusAds:53 - JSON generation date=Wed Nov 29 19:52:27 KST 2023 (1701255147349)
2024-03-24 15:27:16,211 [FATAL] Updater:308 - Updater called before beeing initialized
2024-03-24 15:27:16,234 [WARN] DetailPanel:346 - Failed to get advertising image, set to default
2024-03-24 15:27:16,306 [FATAL] Updater:308 - Updater called before beeing initialized
2024-03-24 15:27:16,307 [FATAL] Updater:308 - Updater called before beeing initialized
2024-03-24 15:27:16,307 [FATAL] Updater:308 - Updater called before beeing initialized
2024-03-24 15:27:16,307 [WARN] DetailPanel:346 - Failed to get advertising image, set to default
2024-03-24 15:27:16,308 [FATAL] Updater:308 - Updater called before beeing initialized
2024-03-24 15:27:16,339 [ERROR] Updater:1120 - MainUpdater not yet initialized. External WinMGr cannot be set.
2024-03-24 15:27:16,341 [INFO] Updater:1056 - Updater Version found : 6.10.0
2024-03-24 15:27:16,354 [INFO] ApplicationProperties:184 - Using Application install path: C:\ST\STM32CubeIDE_1.14.1\STM32CubeIDE\plugins\com.st.stm32cube.common.mx_6.10.0.202311202037
2024-03-24 15:27:17,922 [ERROR] LogOutputStream:75 - [STDERR_REDIRECT] Mar 24, 2024 3:27:17 PM java.util.prefs.WindowsPreferences <init>
2024-03-24 15:27:17,923 [ERROR] LogOutputStream:75 - [STDERR_REDIRECT] WARNING: Could not open/create prefs root node Software\JavaSoft\Prefs at root 0xffffffff80000002. Windows RegCreateKeyEx(...) returned error code 5.
2024-03-24 15:27:17,924 [ERROR] LogOutputStream:75 - [STDERR_REDIRECT] 
2024-03-24 15:27:18,186 [INFO] MainUpdater:2873 - connection check result : 10
2024-03-24 15:27:18,186 [INFO] MainUpdater:290 - Updater Check For Update Now.
2024-03-24 15:27:18,187 [INFO] MicroXplorer:498 - Change Database Version : DB.6.0.100
2024-03-24 15:27:18,191 [INFO] McuFinderGlobals:63 - Set McuFinder mode to 2 (CubeIDE integrated)
2024-03-24 15:27:18,334 [INFO] CheckServerUpdateThread:120 - End of CheckServer Thread
2024-03-24 15:27:18,420 [INFO] UserAuth:404 - Internet connection configuration mode: 1
2024-03-24 15:27:18,427 [INFO] JxBrowserEngine:152 - Initiate JxBrowser Engine with user profile folder
2024-03-24 15:27:18,664 [WARN] PackLoader:240 - Cannot read IP mode file for STMicroelectronics.X-CUBE-SMBUS.2.1.0
2024-03-24 15:27:18,671 [WARN] PackLoader:240 - Cannot read IP mode file for STMicroelectronics.X-CUBE-TOUCHGFX.4.23.0
2024-03-24 15:27:18,703 [WARN] PackLoader:240 - Cannot read IP mode file for STMicroelectronics.X-CUBE-AZRTOS-F7.1.1.0
2024-03-24 15:27:18,715 [WARN] PackLoader:240 - Cannot read IP mode file for STMicroelectronics.FP-SNS-MOTENV1.4.3.2
2024-03-24 15:27:18,726 [WARN] PackLoader:240 - Cannot read IP mode file for STMicroelectronics.FP-SNS-FLIGHT1.5.0.2
2024-03-24 15:27:18,741 [WARN] PackLoader:240 - Cannot read IP mode file for STMicroelectronics.X-CUBE-DISPLAY.3.0.0
2024-03-24 15:27:18,758 [WARN] PackLoader:240 - Cannot read IP mode file for STMicroelectronics.X-CUBE-BLE1.7.0.0
2024-03-24 15:27:18,764 [WARN] PackLoader:240 - Cannot read IP mode file for emotas.I-CUBE-CANOPEN.1.3.0
2024-03-24 15:27:18,783 [WARN] PackLoader:240 - Cannot read IP mode file for STMicroelectronics.X-CUBE-BLEMGR.3.1.0
2024-03-24 15:27:18,792 [WARN] PackLoader:240 - Cannot read IP mode file for STMicroelectronics.FP-SNS-SMARTAG2.1.2.0
2024-03-24 15:27:18,802 [INFO] LogOutputStream:77 - [STDOUT_REDIRECT] 1 : Invalid condition id : UX_CORESTACK_Condition cause : null
2024-03-24 15:27:18,802 [INFO] LogOutputStream:77 - [STDOUT_REDIRECT] 1 : Invalid condition id : UX_CORESTACK_Condition cause : null
2024-03-24 15:27:18,804 [INFO] LogOutputStream:77 - [STDOUT_REDIRECT] 1 : Invalid condition id : UX_CORESTACK_Condition cause : null
2024-03-24 15:27:18,805 [INFO] LogOutputStream:77 - [STDOUT_REDIRECT] 1 : Invalid condition id : UX_CORESTACK_Condition cause : null
2024-03-24 15:27:18,806 [INFO] LogOutputStream:77 - [STDOUT_REDIRECT] 1 : Invalid condition id : UX_CORESTACK_Condition cause : null
2024-03-24 15:27:18,811 [WARN] PackLoader:240 - Cannot read IP mode file for STMicroelectronics.X-CUBE-AZRTOS-WL.2.0.0
2024-03-24 15:27:18,821 [WARN] PackLoader:240 - Cannot read IP mode file for WES.I-CUBE-Cesium.1.3.0
2024-03-24 15:27:18,827 [WARN] PackLoader:240 - Cannot read IP mode file for STMicroelectronics.X-CUBE-BLE2.3.3.0
2024-03-24 15:27:18,834 [WARN] PackLoader:240 - Cannot read IP mode file for STMicroelectronics.X-CUBE-ALGOBUILD.1.3.0
2024-03-24 15:27:18,846 [WARN] PackLoader:240 - Cannot read IP mode file for STMicroelectronics.X-CUBE-AZRTOS-G0.1.1.0
2024-03-24 15:27:18,853 [WARN] PackLoader:240 - Cannot read IP mode file for STMicroelectronics.X-CUBE-NFC4.3.0.0
2024-03-24 15:27:18,857 [WARN] PackLoader:240 - Cannot read IP mode file for STMicroelectronics.FP-ATR-SIGFOX1.3.2.0
2024-03-24 15:27:18,868 [WARN] PackLoader:240 - Cannot read IP mode file for STMicroelectronics.X-CUBE-EEPRMA1.5.1.0
2024-03-24 15:27:18,912 [WARN] PackLoader:240 - Cannot read IP mode file for SEGGER.I-CUBE-embOS.1.3.1
2024-03-24 15:27:18,921 [INFO] WebApp:161 - Instantiating new browser for Auth
2024-03-24 15:27:18,960 [WARN] PackLoader:240 - Cannot read IP mode file for STMicroelectronics.X-CUBE-GNSS1.6.0.0
2024-03-24 15:27:18,975 [WARN] PackLoader:240 - Cannot read IP mode file for STMicroelectronics.X-CUBE-AZRTOS-F4.1.1.0
2024-03-24 15:27:18,982 [WARN] PackLoader:240 - Cannot read IP mode file for wolfSSL.I-CUBE-wolfSSL.5.6.6
2024-03-24 15:27:18,997 [WARN] PackLoader:240 - Cannot read IP mode file for STMicroelectronics.X-CUBE-AZRTOS-L5.2.0.0
2024-03-24 15:27:19,005 [WARN] PackLoader:240 - Cannot read IP mode file for STMicroelectronics.X-CUBE-NFC6.3.1.0
2024-03-24 15:27:19,011 [WARN] PackLoader:240 - Cannot read IP mode file for ITTIA_DB.I-CUBE-ITTIADB.8.8.0
2024-03-24 15:27:19,014 [WARN] PackLoader:240 - Cannot read IP mode file for STMicroelectronics.X-CUBE-NFC7.1.0.1
2024-03-24 15:27:19,020 [WARN] PackLoader:240 - Cannot read IP mode file for STMicroelectronics.X-CUBE-NFC6.3.0.0
2024-03-24 15:27:19,025 [WARN] PackLoader:240 - Cannot read IP mode file for STMicroelectronics.X-CUBE-AI.8.1.0
2024-03-24 15:27:19,043 [WARN] ConditionMgr:438 - getConditionDescription Invalid condition id : LAN8742 Phy interface Condition cause : null
2024-03-24 15:27:19,044 [WARN] PackLoader:240 - Cannot read IP mode file for STMicroelectronics.X-CUBE-AZRTOS-L4.2.0.0
2024-03-24 15:27:19,045 [WARN] ConditionMgr:1039 - genDependencies : Invalid condition id : LAN8742 Phy interface Condition cause : null
2024-03-24 15:27:19,045 [WARN] ConditionMgr:1039 - genDependencies : Invalid condition id : LAN8742 Phy interface Condition cause : null
2024-03-24 15:27:19,046 [WARN] ConditionMgr:1039 - genDependencies : Invalid condition id : LAN8742 Phy interface Condition cause : null
2024-03-24 15:27:19,056 [WARN] PackLoader:240 - Cannot read IP mode file for STMicroelectronics.X-CUBE-SFXS2LP1.4.0.0
2024-03-24 15:27:19,067 [WARN] ConditionMgr:438 - getConditionDescription Invalid condition id : UX DEVICE CLASS RTOS Condition cause : null
2024-03-24 15:27:19,067 [WARN] ConditionMgr:438 - getConditionDescription Invalid condition id : UX DEVICE CLASS RTOS Condition cause : null
2024-03-24 15:27:19,069 [WARN] PackLoader:240 - Cannot read IP mode file for STMicroelectronics.X-CUBE-AZRTOS-WB.2.0.0
2024-03-24 15:27:19,070 [WARN] ConditionMgr:1039 - genDependencies : Invalid condition id : UX DEVICE CLASS RTOS Condition cause : null
2024-03-24 15:27:19,070 [WARN] ConditionMgr:1039 - genDependencies : Invalid condition id : UX DEVICE CLASS RTOS Condition cause : null
2024-03-24 15:27:19,070 [WARN] ConditionMgr:1039 - genDependencies : Invalid condition id : UX DEVICE CLASS RTOS Condition cause : null
2024-03-24 15:27:19,070 [WARN] ConditionMgr:1039 - genDependencies : Invalid condition id : UX DEVICE CLASS RTOS Condition cause : null
2024-03-24 15:27:19,070 [WARN] ConditionMgr:1039 - genDependencies : Invalid condition id : UX DEVICE CLASS RTOS Condition cause : null
2024-03-24 15:27:19,077 [WARN] PackLoader:240 - Cannot read IP mode file for STMicroelectronics.X-CUBE-SUBG2.5.0.0
2024-03-24 15:27:19,092 [WARN] PackLoader:240 - Cannot read IP mode file for STMicroelectronics.X-CUBE-AZRTOS-G4.2.0.0
2024-03-24 15:27:19,101 [WARN] PackLoader:240 - Cannot read IP mode file for Infineon.AIROC-Wi-Fi-Bluetooth-STM32.1.5.1
2024-03-24 15:27:19,106 [WARN] PackLoader:240 - Cannot read IP mode file for STMicroelectronics.FP-SNS-MOTENVWB1.1.3.1
2024-03-24 15:27:19,109 [WARN] PackLoader:240 - Cannot read IP mode file for STMicroelectronics.X-CUBE-ISPU.2.0.0
2024-03-24 15:27:19,132 [WARN] PackLoader:240 - Cannot read IP mode file for STMicroelectronics.X-CUBE-MEMS1.10.0.0
2024-03-24 15:27:19,243 [WARN] PackLoader:240 - Cannot read IP mode file for STMicroelectronics.X-CUBE-FREERTOS.1.1.0
2024-03-24 15:27:19,247 [WARN] PackLoader:240 - Cannot read IP mode file for portGmbH.I-Cube-SoM-uGOAL.1.1.0
2024-03-24 15:27:19,250 [WARN] PackLoader:240 - Cannot read IP mode file for STMicroelectronics.X-CUBE-ALS.1.0.1
2024-03-24 15:27:19,254 [WARN] PackLoader:240 - Cannot read IP mode file for STMicroelectronics.FP-ATR-ASTRA1.2.0.0
2024-03-24 15:27:19,262 [WARN] PackLoader:240 - Cannot read IP mode file for STMicroelectronics.X-CUBE-TOF1.3.4.1
2024-03-24 15:27:19,285 [WARN] PackLoader:240 - Cannot read IP mode file for STMicroelectronics.X-CUBE-AZRTOS-H7.3.2.0
2024-03-24 15:27:19,288 [INFO] ThirdParty:978 - Integrity check success = true
2024-03-24 15:27:19,288 [INFO] IntegrityCheckThread:100 - exiting critical section [integrity check]
2024-03-24 15:27:19,288 [INFO] IntegrityCheckThread:103 - End integrity checks thread
2024-03-24 15:27:19,436 [INFO] WebApp:780 - Register for checkConnection events
2024-03-24 15:27:19,436 [INFO] WebApp:414 - Apply proxy settings
2024-03-24 15:27:19,437 [INFO] WebApp:499 - Chromium requires no authentication
2024-03-24 15:27:19,448 [INFO] WebApp:442 - Direct internet connection detected
2024-03-24 15:27:19,569 [INFO] WebApp:192 - Starting web application
2024-03-24 15:27:19,570 [INFO] WebApp:544 - Web application path used C:\ST\STM32CubeIDE_1.14.1\STM32CubeIDE\plugins\com.st.stm32cube.common.mx_6.10.0.202311202037\db\plugins\mcufinder\reactClient1\index.html
2024-03-24 15:27:25,174 [ERROR] LogOutputStream:75 - [STDERR_REDIRECT] 
2024-03-24 15:27:25,175 [ERROR] LogOutputStream:75 - [STDERR_REDIRECT] 
