2024-03-28 23:56:03,946 [INFO] Activator:176 - 


2024-03-28 23:56:03,950 [INFO] Activator:177 - !SESSION log4j initialized
2024-03-28 23:56:06,985 [INFO] LogOutputStream:77 - [STDOUT_REDIRECT] 
2024-03-28 23:56:12,863 [INFO] ApplicationProperties:184 - Using Application install path: C:\ST\STM32CubeIDE_1.14.1\STM32CubeIDE\plugins\com.st.stm32cube.common.mx_6.10.0.202311202037
2024-03-28 23:56:12,893 [INFO] DbMcusXml:78 - Set database path to: C:\ST\STM32CubeIDE_1.14.1\STM32CubeIDE\plugins\com.st.stm32cube.common.mx_6.10.0.202311202037\\db\/mcu/
2024-03-28 23:56:12,893 [INFO] ApiDb:274 - Set plugin database path to: C:\ST\STM32CubeIDE_1.14.1\STM32CubeIDE\plugins\com.st.stm32cube.common.mx_6.10.0.202311202037\\db\/plugins/boardmanager/
2024-03-28 23:56:12,894 [WARN] ApiDb:259 - Overriding images path with different value:  => C:\ST\STM32CubeIDE_1.14.1\STM32CubeIDE\plugins\com.st.stm32cube.common.mx_6.10.0.202311202037\\db\/plugins/mcufinder/images/
2024-03-28 23:56:12,904 [INFO] ApiDb:250 - Set database path to: C:\Users\Min\.stmcufinder\plugins\mcufinder//mcu/
2024-03-28 23:56:12,905 [INFO] DbMcusAds:125 - Set database path to: C:\Users\Min\.stmcufinder\plugins\mcufinder//mcu/
2024-03-28 23:56:12,906 [INFO] CrossReferenceDbSqlite:203 - Set database path to: C:\Users\Min\.stmcufinder\plugins\mcufinder//mcu/cs/
2024-03-28 23:56:12,992 [INFO] RulesReader:64 - Compatibility file has been processed (297 Rules)
2024-03-28 23:56:13,054 [INFO] DbMcusXml:78 - Set database path to: C:\ST\STM32CubeIDE_1.14.1\STM32CubeIDE\plugins\com.st.stm32cube.common.mx_6.10.0.202311202037\\db\/mcu/
2024-03-28 23:56:13,054 [INFO] ApiDb:274 - Set plugin database path to: C:\ST\STM32CubeIDE_1.14.1\STM32CubeIDE\plugins\com.st.stm32cube.common.mx_6.10.0.202311202037\\db\/plugins/boardmanager/
2024-03-28 23:56:13,054 [INFO] ApiDb:261 - Set plugin images path to: C:\ST\STM32CubeIDE_1.14.1\STM32CubeIDE\plugins\com.st.stm32cube.common.mx_6.10.0.202311202037\\db\/plugins/mcufinder/images/
2024-03-28 23:56:13,055 [WARN] DbFile:41 - Overriding database path with different value: C:\Users\Min\.stmcufinder\plugins\mcufinder/ => C:\Users\Min\.stmcufinder\plugins\mcufinder
2024-03-28 23:56:13,055 [INFO] ApiDb:250 - Set database path to: C:\Users\Min\.stmcufinder\plugins\mcufinder//mcu/
2024-03-28 23:56:13,055 [WARN] DbFile:41 - Overriding database path with different value: C:\Users\Min\.stmcufinder\plugins\mcufinder/ => C:\Users\Min\.stmcufinder\plugins\mcufinder
2024-03-28 23:56:13,055 [INFO] DbMcusAds:125 - Set database path to: C:\Users\Min\.stmcufinder\plugins\mcufinder//mcu/
2024-03-28 23:56:13,055 [WARN] DbFile:41 - Overriding database path with different value: C:\Users\Min\.stmcufinder\plugins\mcufinder/ => C:\Users\Min\.stmcufinder\plugins\mcufinder
2024-03-28 23:56:13,055 [WARN] DbFile:41 - Overriding database path with different value: C:\Users\Min\.stmcufinder\plugins\mcufinder/ => C:\Users\Min\.stmcufinder\plugins\mcufinder
2024-03-28 23:56:13,055 [INFO] CrossReferenceDbSqlite:203 - Set database path to: C:\Users\Min\.stmcufinder\plugins\mcufinder//mcu/cs/
2024-03-28 23:56:13,122 [INFO] MainPanel:264 - HeapMemory: 268435456
2024-03-28 23:56:13,186 [INFO] DbMcusXml:78 - Set database path to: C:\ST\STM32CubeIDE_1.14.1\STM32CubeIDE\plugins\com.st.stm32cube.common.mx_6.10.0.202311202037\\db\/mcu/
2024-03-28 23:56:13,187 [INFO] ApiDb:274 - Set plugin database path to: C:\ST\STM32CubeIDE_1.14.1\STM32CubeIDE\plugins\com.st.stm32cube.common.mx_6.10.0.202311202037\\db\/plugins/boardmanager/
2024-03-28 23:56:13,187 [INFO] ApiDb:261 - Set plugin images path to: C:\ST\STM32CubeIDE_1.14.1\STM32CubeIDE\plugins\com.st.stm32cube.common.mx_6.10.0.202311202037\\db\/plugins/mcufinder/images/
2024-03-28 23:56:13,187 [WARN] DbFile:41 - Overriding database path with different value: C:\Users\Min\.stmcufinder\plugins\mcufinder/ => C:\Users\Min\.stmcufinder\plugins\mcufinder
2024-03-28 23:56:13,187 [INFO] ApiDb:250 - Set database path to: C:\Users\Min\.stmcufinder\plugins\mcufinder//mcu/
2024-03-28 23:56:13,187 [WARN] DbFile:41 - Overriding database path with different value: C:\Users\Min\.stmcufinder\plugins\mcufinder/ => C:\Users\Min\.stmcufinder\plugins\mcufinder
2024-03-28 23:56:13,187 [INFO] DbMcusAds:125 - Set database path to: C:\Users\Min\.stmcufinder\plugins\mcufinder//mcu/
2024-03-28 23:56:13,187 [WARN] DbFile:41 - Overriding database path with different value: C:\Users\Min\.stmcufinder\plugins\mcufinder/ => C:\Users\Min\.stmcufinder\plugins\mcufinder
2024-03-28 23:56:13,187 [WARN] DbFile:41 - Overriding database path with different value: C:\Users\Min\.stmcufinder\plugins\mcufinder/ => C:\Users\Min\.stmcufinder\plugins\mcufinder
2024-03-28 23:56:13,187 [INFO] CrossReferenceDbSqlite:203 - Set database path to: C:\Users\Min\.stmcufinder\plugins\mcufinder//mcu/cs/
2024-03-28 23:56:13,202 [INFO] ApplicationProperties:184 - Using Application install path: C:\ST\STM32CubeIDE_1.14.1\STM32CubeIDE\plugins\com.st.stm32cube.common.mx_6.10.0.202311202037
2024-03-28 23:56:13,203 [INFO] PluginManage:196 - Search for loadable plugins [exclusion list=, ]
2024-03-28 23:56:13,204 [INFO] PluginManage:310 - Check plugin analytics
